Archive for file fass/script:
00000 000001007426 000001000027 000004001202 022107250675 ~~~~~~~~~~~~~G(=
00004 022107250675 000000000000 000000000334 146141163163 ~G(=~~~~~~~\fass
00010 000000000000 000000000000 000000000000 057163143162 ~~~~~~~~~~~~/scr
00014 151160164040 153154151163 164145144040 146151156141 ipt klisted fina
00020 154040143157 160171040157 146040146141 163163040047 l copy of fass '
00024 067067040163 143162151160 164000000000 000001000473 77 script~~~~~~;
00030 000024001000 000000000000 000000000000 000000000000 ~~~~~~~~~~~~~~~~
00034 000000000000 000000000000 000000000000 000000000000 ~~~~~~~~~~~~~~~~
00040 000000000000 000000000000 000000000000 000000000000 ~~~~~~~~~~~~~~~~
00044 000000000000 000000000000 000000000000 000000000000 ~~~~~~~~~~~~~~~~
00050 000000000000 000000000000 000000000000 000000000000 ~~~~~~~~~~~~~~~~
00054 000000000000 000001200600 011177177177 000001200600 ~~~~~~~~~~~~~~~~
00060 011177177177 000037200600 040040040040 040040040040 ~~~~~~~~        
00064 106101123123 040040040040 040040040040 040040040040 FASS            
00070 040040040040 040040040055 040061040055 040040040040        - 1 -    
00074 040040040040 040040040101 103124040111 040123103105        ACT I SCE
00100 116105040060 011106101123 123040040040 040040040040 NE 0~FASS       
00104 040040040040 040040040040 040040040040 040040040040                 
00110 055040061040 055040040040 040040040040 040040040040 - 1 -           
00114 040040040040 101103124040 111040123103 105116105040     ACT I SCENE 
00120 111177177177 000001200600 011177177177 000001200600 I~~~~~~~~~~~~~~~
00124 011177177177 000001200600 011177177177 000015600600 ~~~~~~~~~~~~~~~~
00130 040040040040 040040040040 101143164040 061040123143         Act 1 Sc
00134 145156145040 060011101143 164040061054 040123143145 ene 0~Act 1, Sce
00140 156145040061 040055040103 154157163151 156147040123 ne 1 - Closing S
00144 157156147177 000001200600 011177177177 000031400600 ong~~~~~~~~~~~~~
00150 040040040040 040040040040 050101116040 105130124105         (AN EXTE
00154 116104105104 040122117125 124111116105 040102105106 NDED ROUTINE BEF
00160 117122105040 124110105040 117120105116 111116107040 ORE THE OPENING 
00164 117106040124 110105040040 123110117127 011052052052 OF THE  SHOW~***
00170 052052052052 052052052052 052052052052 052052052052 ****************
00174 052052052052 052052052052 052052052052 052052052052 ****************
00200 052052177177 000031400600 040040040040 040040040040 **~~~~~~        
00204 055040040101 040040120105 122123117116 040040101120 -  A  PERSON  AP
00210 120105101122 123040117116 040123124101 107105040107 PEARS ON STAGE G
00214 111126111116 107040124110 105040111115 120122105123 IVING THE IMPRES
00220 123111117116 011052052052 164157040164 150145040164 SION~***to the t
00224 165156145040 157146040042 103157155145 144171040124 une of "Comedy T
00230 157156151147 150164042052 052052177177 000031400600 onight"***~~~~~~
00234 040040040040 040040040040 124110101124 040110105040         THAT HE 
00240 110101123040 101116040101 116116117125 116103105115 HAS AN ANNOUNCEM
00244 105116124040 124117040115 101113105040 055040040127 ENT TO MAKE -  W
00250 110105116040 040110105040 040110101123 011052052052 HEN  HE  HAS~***
00254 052052052052 052052052052 052052052052 052052052052 ****************
00260 052052052052 052052052052 052052052052 052052052052 ****************
00264 052052177177 000031000600 040040040040 040040040040 **~~~~~~        
00270 124110105040 040101125104 111105116103 105047123040 THE  AUDIENCE'S 
00274 040101124124 105116124111 117116040040 050101116104  ATTENTION  (AND
00300 040040127101 111124123040 040101040040 102105101124   WAITS  A  BEAT
00304 051040110105 011123157155 145164150151 156147040141 ) HE~Something a
00310 155165163151 156147054040 163157155145 164150151156 musing, somethin
00314 147040143157 156146165163 151156147054 000022600600 g confusing,~~~~
00320 040040040040 040040040040 114105101126 105123040111         LEAVES I
00324 116040123111 114105116103 105051011123 157155145164 N SILENCE)~Somet
00330 150151156147 040146157162 040145166145 162171157156 hing for everyon
00334 145072040040 141040164162 141166145163 164171040164 e:  a travesty t
00340 157156151147 150164073177 000015000600 011123157155 onight;~~~~~~Som
00344 145040164150 151156147163 040141162145 040141151155 e things are aim
00350 154145163163 054040163157 155145040164 150151156147 less, some thing
00354 163040141162 145040163150 141155145154 145163163054 s are shameless,
00360 000016000600 040040040040 040040040040 146151156011 ~~~~        fin~
00364 123157155145 164150151156 147040146157 162040145166 Something for ev
00370 145162171157 156145072040 040141040164 162141166145 eryone:  a trave
00374 163164171040 164157156151 147150164073 000012600600 sty tonight;~~~~
00400 011116157164 150151156147 040164150141 164047163040 ~Nothing that's 
00404 144145156163 145054040156 157164150151 156147040151 dense, nothing i
00410 156164145156 163145073177 000012600600 011116157164 ntense;~~~~~~Not
00414 150151156147 040164150141 164040145166 145156040163 hing that even s
00420 145145155163 040164157040 155141153145 040163145156 eems to make sen
00424 163145056177 000014000600 011123157155 145040152157 se.~~~~~~Some jo
00430 153145163040 141162145040 157154144151 145163054040 kes are oldies, 
00434 163157155145 040152157153 145163040141 162145040155 some jokes are m
00440 157165154144 151145163054 000012200600 011127162151 ouldies,~~~~~Wri
00444 164164145156 040142171040 146157154153 163040167150 tten by folks wh
00450 157040143157 165154144156 047164040167 162151164145 o couldn't write
00454 054177177177 000011600600 011103157155 145144171040 ,~~~~~~~~Comedy 
00460 164157155157 162162157167 054040164162 141166145163 tomorrow, traves
00464 164171040164 157156151147 150164056177 000001200600 ty tonight.~~~~~
00470 011177177177 000014400600 011123157155 145040160141 ~~~~~~~~~Some pa
00474 162164163040 141162145040 147151146164 145144054040 rts are gifted, 
00500 163157155145 040160141162 164163040141 162145040154 some parts are l
00504 151146164145 144054177177 000014200600 011123157155 ifted,~~~~~~~Som
00510 145164150151 156147040146 162157155040 145166145162 ething from ever
00514 171157156145 054040141040 164162141166 145163164171 yone, a travesty
00520 040164157156 151147150164 056177177177 000000000000  tonight.~~~~~~~
00524 000000000000 000000000000 000000000000 000002000476 ~~~~~~~~~~~~~~~>
00530 000004600600 011116165155 054040156165 155054040145 ~~~~~Num, num, e
00534 164143056177 000015400600 011123157155 145164150151 tc.~~~~~~Somethi
00540 156147040156 165155054040 156165155054 040156165155 ng num, num, num
00544 054040156165 155054040141 040164162141 166145163164 , num, a travest
00550 171040164157 156151147150 164056177177 000013600600 y tonight.~~~~~~
00554 011123157155 145164150151 156147040166 145162142157 ~Something verbo
00560 163145054040 163157155145 164150151156 147040164150 se, something th
00564 141164047163 040147162157 163163054177 000010000600 at's gross,~~~~~
00570 011105166145 156040164150 145040141143 164151156147 ~Even the acting
00574 040163145145 155163040143 157155141164 157163145056  seems comatose.
00600 000011200600 011117154144 040163151164 165141164151 ~~~~~Old situati
00604 157156163054 040123145162 142157055103 162157141164 ons, Serbo-Croat
00610 151141156163 054177177177 000010200600 011105164150 ians,~~~~~~~~Eth
00614 156151143040 155151156157 162151164151 145163040144 nic minorities d
00620 145154151147 150164056056 056177177177 000012400600 elight...~~~~~~~
00624 011120162145 152165144151 143145040164 157155157162 ~Prejudice tomor
00630 162157167054 040164162141 166145163164 171040164157 row, travesty to
00634 156151147150 164056177177 000001200600 011177177177 night.~~~~~~~~~~
00640 000016200600 011123157155 145164150151 156147040164 ~~~~~Something t
00644 150141164047 163040146157 157154151163 150054040163 hat's foolish, s
00650 157155145164 150151156147 040164150141 164047163040 omething that's 
00654 147150157165 154151163150 054177177177 000013400600 ghoulish,~~~~~~~
00660 011123157155 145164150151 156147040151 156163151144 ~Something insid
00664 151157165163 072040040141 040164162141 166145163164 ious:  a travest
00670 171040164157 156151147150 164056177177 000015400600 y tonight.~~~~~~
00674 011123157155 145164150151 156147040164 150141164047 ~Something that'
00700 163040164162 151143153171 054040163157 155145164150 s tricky, someth
00704 151156147040 164150141164 047163040163 164151143153 ing that's stick
00710 171054177177 000013600600 011123157155 145164150151 y,~~~~~~~Somethi
00714 156147040160 145162146151 144151157165 163072040040 ng perfidious:  
00720 141040164162 141166145163 164171040164 157156151147 a travesty tonig
00724 150164056177 000012600600 011116157164 150151156147 ht.~~~~~~Nothing
00730 040157142163 143145156145 054040156157 164150151156  obscene, nothin
00734 147040164150 141164047163 040143154145 141156054177 g that's clean,~
00740 000011600600 011101154154 040157146040 164150145040 ~~~~~All of the 
00744 150165155157 165162040146 151164163040 151156040142 humour fits in b
00750 145164167145 145156054177 000015200600 011127145047 etween,~~~~~~We'
00754 162145040157 165164040146 157162040154 141165147150 re out for laugh
00760 164145162054 040164150141 164047163040 167150141164 ter, that's what
00764 040167145047 162145040141 146164145162 054177177177  we're after,~~~
00770 000012400600 011127145040 150157160145 040164150141 ~~~~~We hope tha
00774 164040171157 165040167151 154154040160 162157166145 t you will prove
01000 040165163040 162151147150 164054177177 000011600600  us right,~~~~~~
01004 011103157155 145144171040 164157155157 162162157167 ~Comedy tomorrow
01010 054040164162 141166145163 164171040164 157156151147 , travesty tonig
01014 150164056177 000001200600 011177177177 000001000600 ht.~~~~~~~~~~~~~
01020 011146151156 000001200600 011177177177 000001200600 ~fin~~~~~~~~~~~~
01024 011177177177 000001200600 011177177177 000001200600 ~~~~~~~~~~~~~~~~
01030 011177177177 000001200600 011177177177 000001200600 ~~~~~~~~~~~~~~~~
01034 011177177177 000001200600 011177177177 000001200600 ~~~~~~~~~~~~~~~~
01040 011177177177 000001200600 011177177177 000001200600 ~~~~~~~~~~~~~~~~
01044 011177177177 000001200600 011177177177 000001200600 ~~~~~~~~~~~~~~~~
01050 011177177177 000001200600 011177177177 000001200600 ~~~~~~~~~~~~~~~~
01054 011177177177 000001200600 011177177177 000001200600 ~~~~~~~~~~~~~~~~
01060 011177177177 000001200600 011177177177 000037200600 ~~~~~~~~~~~~~~~~
01064 040040040040 040040040040 101103124040 111040123103         ACT I SC
01070 105116105040 060040040040 040040040040 040040040040 ENE 0           
01074 040040040040 040040040040 040040040040 040040040040                 
01100 040040040040 040040040040 106101123123 011101103124         FASS~ACT
01104 040111040123 103105116105 040111040040 040040040040  I SCENE I      
01110 040040040040 040040040040 040040040040 040040040040                 
01114 040040040040 040040040040 040040040040 040040040040                 
01120 040040040040 040106101123 123177177177 000001200600      FASS~~~~~~~
01124 014177177177 000001200600 011177177177 000001200600 ~~~~~~~~~~~~~~~~
01130 011177177177 000037200600 040040040040 040040040040 ~~~~~~~~        
01134 106101123123 040040040040 040040040040 040040040040 FASS            
01140 040040040040 040040040055 040061040055 040040040040        - 1 -    
01144 040040040040 040040101103 124040111040 123103105116       ACT I SCEN
01150 105040111111 011040040040 040040040040 040106101123 E II~        FAS
01154 123040040040 040040040040 040040040040 040040040040 S               
01160 040040040040 055040061040 055040040040 040040040040     - 1 -       
01164 040040101103 124040111040 123103105116 105040111111   ACT I SCENE II
01170 111177177177 000001200600 011177177177 000001200600 I~~~~~~~~~~~~~~~
01174 011177177177 000001200600 011177177177 000024400600 ~~~~~~~~~~~~~~~~
01200 040040040040 040040040040 101143164040 061054040123         Act 1, S
01204 143145156145 040062040055 040123164141 164151157156 cene 2 - Station
01210 040111144145 156164151146 151143141164 151157156011  Identification~
01214 040040040040 040040040040 101143164040 061054040123         Act 1, S
01220 143145156145 040063040055 040111156164 162157177177 cene 3 - Intro~~
01224 000001200600 011177177177 000000000000 000003000454 ~~~~~~~~~~~~~~~,
01230 000020200600 011040040040 040040040040 040050102114 ~~~~~        (BL
01234 101103113040 040123124101 107105056040 040123110111 ACK  STAGE.  SHI
01240 120040040115 117104105114 040040123127 111116107111 P  MODEL  SWINGI
01244 116107040040 117116040040 101040040123 124122111116 NG  ON  A  STRIN
01250 107177177177 000046000600 137010123137 010124137010 G~~~~&~~_~S_~T_~
01254 105137010126 137010105040 137010110137 010125137010 E_~V_~E _~H_~U_~
01260 114137010114 040137010124 137010110137 010105040137 L_~L _~T_~H_~E _
01264 010127137010 122137010111 137010124137 010105137010 ~W_~R_~I_~T_~E_~
01270 122072040040 040131157165 040040150141 166145040040 R:   You  have  
01274 142145145156 040040167141 164143150151 156147040106 been  watching F
01300 101123123040 047067067054 011040040040 040040040040 ASS '77,~       
01304 040111114114 125115111116 101124105104 040102131040  ILLUMINATED BY 
01310 101040123120 117124056040 040123124101 122040124122 A SPOT.  STAR TR
01314 105113040124 110105115105 040102105107 111116123051 EK THEME BEGINS)
01320 000020200600 040040040040 040040040040 163164141162 ~~~~        star
01324 162151156147 040112165144 171040040107 141162154141 ring Judy  Garla
01330 156144040040 141156144040 040115151143 153145171040 nd  and  Mickey 
01334 040122157157 156145171040 040141163040 040164167157  Rooney  as  two
01340 011177177177 000020200600 040040040040 040040040040 ~~~~~~~~        
01344 154157166141 142154145040 040171157165 156147040040 lovable  young  
01350 153151144163 040040167150 157040160165 164040157156 kids  who put on
01354 040141040163 150157167040 151156040164 150145151162  a show in their
01360 040157167156 011177177177 000041200600 040040040040  own~~~~~!~~    
01364 040040040040 142141143153 171141162144 040151156040     backyard in 
01370 157162144145 162040164157 040162141151 163145040145 order to raise e
01374 156157165147 150040155157 156145171040 164157040040 nough money to  
01400 142165171040 040164167157 011137010112 137010105137 buy  two~_~J_~E_
01404 010122137010 113072040040 106141162143 145072040164 ~R_~K:  Farce: t
01410 150145040146 151156141154 040146162157 156164151145 he final frontie
01414 162056040124 150145163145 040141162145 040164150145 r. These are the
01420 040040166157 171141147145 163040040157 146177177177   voyages  of~~~
01424 000037200600 040040040040 040040040040 157156145055 ~~~~        one-
01430 167141171040 164151143153 145164163040 164157040122 way tickets to R
01434 151157040144 145040112141 156145151162 157056040124 io de Janeiro. T
01440 165156145040 151156040156 145170164040 167145145153 une in next week
01444 011040040040 040040040040 040164150145 040040163164 ~        the  st
01450 141162163150 151160040040 123141164151 162151172145 arship  Satirize
01454 073040151164 163040146151 166145040171 145141162040 ; its five year 
01460 155151163163 151157156040 050146157165 162177177177 mission (four~~~
01464 000037200600 040040040040 040040040040 146157162040 ~~~~        for 
01470 110157154151 144141171040 151156040122 151157054040 Holiday in Rio, 
01474 163164141162 162151156147 040112165144 171040122157 starring Judy Ro
01500 157156145171 040141156144 040040115151 143153145171 oney and  Mickey
01504 011040040040 040040040040 040171145141 162040150157 ~        year ho
01510 156157165162 163054040164 150162145145 040171145141 nours, three yea
01514 162040147145 156145162141 154051040164 157040145170 r general) to ex
01520 160154157162 145040163164 162141156147 145177177177 plore strange~~~
01524 000037200600 040040040040 040040040040 107141162154 ~~~~        Garl
01530 141156144040 040141163040 040164167157 040154157166 and  as  two lov
01534 141142154145 040171157165 156147040145 155142145172 able young embez
01540 172154145162 163040164162 141166145154 154151156147 zlers travelling
01544 011040040040 040040040040 040156145167 040040163165 ~        new  su
01550 142152145143 164163054040 040164157040 163145145153 bjects,  to seek
01554 040157165164 040156151147 150164040154 151146145040  out night life 
01560 141156144040 156145167040 154151142141 055177177177 and new liba-~~~
01564 000036600600 040040040040 040040040040 165156144145 ~~~~        unde
01570 162040141163 163165155145 144040156141 155145163040 r assumed names 
01574 167150157040 164162171040 164157040157 160145156040 who try to open 
01600 141040143150 141151156040 157146040040 164141143157 a chain of  taco
01604 011040040040 040040040040 040164151157 156163054040 ~        tions, 
01610 164157040142 154151156144 154171040147 157040167150 to blindly go wh
01614 145162145040 156157040155 141156040150 141163040147 ere no man has g
01620 157156145040 142145146157 162145056177 000020200600 one before.~~~~~
01624 040040040040 040040040040 163164141156 144163040151         stands i
01630 156040164150 145040160162 151155157162 144151141154 n the primordial
01634 040162141151 156040146157 162145163164 163040157146  rain forests of
01640 040164150145 040101155141 172157156056 011177177177  the Amazon.~~~~
01644 000037200600 040040040040 040040040040 101156144040 ~~~~        And 
01650 040156157167 040040167145 040040151156 164145162162  now  we  interr
01654 165160164040 040157165162 040040040162 145147165154 upt  our   regul
01660 141162154171 040040040163 143150145144 165154145144 arly   scheduled
01664 011040040040 040040040040 040050114111 107110124123 ~        (LIGHTS
01670 040125120040 117116040112 105122113040 111116040103  UP ON JERK IN C
01674 101120124101 111116047123 040103110101 111122040103 APTAIN'S CHAIR C
01700 110111123105 114114111116 107040040117 116177177177 HISELLING  ON~~~
01704 143145156145 040062040055 040123164141 164151157156 cene 2 - Station
01710 040111144145 156164151146 151143141164 151157156011  Identification~
01714 040040040040 040040040040 101143164040 061054040123         Act 1, S
01720 143145156145 040063040055 040111156164 162157177177 cene 3 - Intro~~
01724 000001200600 011177177177 000000000000 000004000476 ~~~~~~~~~~~~~~~>
01730 000037200600 040040040040 040040040040 160162157147 ~~~~        prog
01734 162141155155 151156147040 040164157040 040142162151 ramming  to  bri
01740 156147040040 171157165040 164150162145 145040150157 ng  you three ho
01744 165162163040 157146040164 145143150156 151143141154 urs of technical
01750 011040040040 040040040040 040114117107 040101116104 ~        LOG AND
01754 040104117104 107111116107 040124110105 040123110111  DODGING THE SHI
01760 120040101123 040111124040 123127111116 107123040117 P AS IT SWINGS O
01764 116040124110 105040123124 122111116107 051177177177 N THE STRING)~~~
01770 000011200600 040040040040 040040040040 144151146146 ~~~~        diff
01774 151143165154 164151145163 056040124150 141156153040 iculties. Thank 
02000 171157165056 011177177177 000001200600 011177177177 you.~~~~~~~~~~~~
02004 000022200600 011137010112 137010105137 010122137010 ~~~~~_~J_~E_~R_~
02010 113072040040 103141160164 141151156047 163040040154 K:  Captain's  l
02014 157147054040 040163164141 162144141164 145056056056 og,  stardate...
02020 165150056056 056040040164 157144141171 056040040040 uh...  today.   
02024 124150145040 040040111125 104177177177 000034400600 The   IUD~~~~~~~
02030 137010101137 010116137010 116137010117 137010125137 _~A_~N_~N_~O_~U_
02034 010116137010 103137010105 137010122040 137010062072 ~N_~C_~E_~R _~2:
02040 040040131157 165047162145 040167145154 143157155145   You're welcome
02044 056011040040 040040040040 040040123141 164151162151 .~        Satiri
02050 172145040040 150141163040 142145145156 040147162141 ze  has been gra
02054 156164145144 040141040147 162145141164 040150157156 nted a great hon
02060 157165162072 040164157040 145163143157 162164177177 our: to escort~~
02064 000020200600 011040040040 040040040040 040164150145 ~~~~~        the
02070 151162040163 145162145156 145040143154 145141166141 ir serene cleava
02074 147145163054 040164150145 040120162151 172145040141 ges, the Prize a
02100 156144040164 150145040040 120162151144 145040040157 nd the  Pride  o
02104 146177177177 000022000600 040040040040 040040040040 f~~~~~~~        
02110 146151156011 040040040040 040040040040 164150145040 fin~        the 
02114 040160154141 156145164040 040102157157 142171054040  planet  Booby, 
02120 040164157040 040141040155 145145164151 156147040157  to  a meeting o
02124 146040117123 120105103054 040164150145 040117162055 f OSPEC, the Or-
02130 000020200600 011040040040 040040040040 040147141156 ~~~~~        gan
02134 151172141164 151157156040 040157146040 040123151154 ization  of  Sil
02140 151143157156 040040120162 157144165143 151156147040 icon  Producing 
02144 040040141156 144040040040 105170160157 162164151156   and   Exportin
02150 147177177177 000020200600 011040040040 040040040040 g~~~~~~~~       
02154 040103151166 151154151172 141164151157 156163056040  Civilizations. 
02160 040111164040 040151163040 040151155160 145162141164  It  is  imperat
02164 151166145040 040164150141 164040040167 145040167151 ive  that  we wi
02170 156040164150 145177177177 000020200600 011040040040 n the~~~~~~~~   
02174 040040040040 040102157157 142151145163 047040163165      Boobies' su
02200 160160157162 164054040146 157162040167 151164150157 pport, for witho
02204 165164040164 150145151162 040166141163 164040162145 ut their vast re
02210 163145162166 145163040157 146177177177 000020200600 serves of~~~~~~~
02214 011040040040 040040040040 040163151154 151143157156 ~        silicon
02220 040040164150 145040107141 154141143164 151143040120   the Galactic P
02224 145144145162 141163164171 040167151154 154040161165 ederasty will qu
02230 151143153154 171040144145 160154145164 145177177177 ickly deplete~~~
02234 000020200600 011040040040 040040040040 040151164163 ~~~~~        its
02240 040145170151 163164151156 147040163165 160160154151  existing suppli
02244 145163040157 146040163151 154151143157 156055142141 es of silicon-ba
02250 163145144040 146165145154 163056040050 103101114114 sed fuels. (CALL
02254 123177177177 000020200600 011040040040 040040040040 S~~~~~~~~       
02260 040117106106 123124101107 105051040040 106151154145  OFFSTAGE)  File
02264 040040164150 151163054040 040131145157 155141156054   this,  Yeoman,
02270 040141156144 040144157156 047164040154 145164040123  and don't let S
02274 160157164164 171177177177 000020200600 011040040040 potty~~~~~~~~   
02300 040040040040 040147145164 040150151163 040150141156      get his han
02304 144163040157 156040151164 073040154141 163164040167 ds on it; last w
02310 145145153040 150145040142 165162156145 144040040141 eek he burned  a
02314 040040155157 156164150047 163177177177 000020200600   month's~~~~~~~
02320 011040040040 040040040040 040167157162 164150040040 ~        worth  
02324 157146040040 162145143157 162144163040 040151156040 of  records  in 
02330 150151163040 142154141163 164145144040 145156147151 his blasted engi
02334 156145163056 040040117150 054040141156 144177177177 nes.  Oh, and~~~
02340 000020200600 011040040040 040040040040 040147145164 ~~~~~        get
02344 040155145040 141156157164 150145162040 143150151163  me another chis
02350 145154040055 040111040164 150151156153 040164150151 el - I think thi
02354 163040040157 156145047163 040040162165 156156151156 s  one's  runnin
02360 147177177177 000004200600 011040040040 040040040040 g~~~~~~~~       
02364 040157165164 056177177177 000001200600 011177177177  out.~~~~~~~~~~~
02370 000020200600 011040040040 040040040040 040050114111 ~~~~~        (LI
02374 107110124123 040040040104 117127116040 040040117116 GHTS   DOWN   ON
02400 040040112105 122113040040 101116104040 040125120040   JERK  AND  UP 
02404 040117116040 040102117117 102111105123 040040101116  ON  BOOBIES  AN
02410 104177177177 000010000600 011040040040 040040040040 D~~~~~~~~       
02414 040105130120 105116104101 102114105040 103122105127  EXPENDABLE CREW
02420 040115105115 102105122051 000001200600 011177177177  MEMBER)~~~~~~~~
02424 000001200600 011177177177 000000000000 000005000442 ~~~~~~~~~~~~~~~"
02430 000021600600 011137010105 137010103137 010115072040 ~~~~~_~E_~C_~M: 
02434 040103157155 145040040141 154157156147 054040040171  Come  along,  y
02440 157165162040 154141144171 163150151160 163054040164 our ladyships, t
02444 150145040123 141164151162 151172145040 151163040162 he Satirize is r
02450 145141144171 040164157177 000020200600 011040040040 eady to~~~~~~   
02454 040040040040 040147157040 141163040163 157157156040      go as soon 
02460 141163040171 157165047162 145040141142 162157141144 as you're abroad
02464 040055040111 040155145141 156040040141 142157141162  - I mean  aboar
02470 144056040040 127145047166 145177177177 000020200600 d.  We've~~~~~~~
02474 011040040040 040040040040 040147157156 145040040164 ~        gone  t
02500 157040040156 157040040145 170160145156 163145040040 o  no  expense  
02504 164157040155 141153145040 164150151163 040141040166 to make this a v
02510 145162171040 155145155157 162141142154 145177177177 ery memorable~~~
02514 000010400600 011040040040 040040040040 040164162151 ~~~~~        tri
02520 160054040171 157165162040 114141144171 163150151160 p, your Ladyship
02524 163056177177 000001200600 011177177177 000001200600 s.~~~~~~~~~~~~~~
02530 011177177177 000025200600 011137010120 137010122137 ~~~~~~~~~_~P_~R_
02534 010111137010 132137010105 040137010102 137010117137 ~I_~Z_~E _~B_~O_
02540 010117137010 102137010131 072040040040 111047154154 ~O_~B_~Y:   I'll
02544 040145156152 157171040164 150145040164 162151160040  enjoy the trip 
02550 040155165143 150040155157 162145040151 146040171157  much more if yo
02554 165047154154 040163164157 160177177177 000020200600 u'll stop~~~~~~~
02560 011040040040 040040040040 040163141171 151156147040 ~        saying 
02564 042171157165 162040114141 144171163150 151160163042 "your Ladyships"
02570 056040103141 154154040155 145040164150 145040120162 . Call me the Pr
02574 151172145040 102157157142 171054040141 163177177177 ize Booby, as~~~
02600 000011400600 011040040040 040040040040 040141154154 ~~~~~        all
02604 040155171040 154157171141 154040163165 142152145143  my loyal subjec
02610 164163040144 157056177177 000001200600 011177177177 ts do.~~~~~~~~~~
02614 000001200600 011177177177 000023000600 011137010120 ~~~~~~~~~~~~~_~P
02620 137010122137 010111137010 104137010105 040137010102 _~R_~I_~D_~E _~B
02624 137010117137 010117137010 102137010131 072040040131 _~O_~O_~B_~Y:  Y
02630 145163054040 141156144040 171157165040 143141156040 es, and you can 
02634 143141154154 040155145040 164150145040 120162151144 call me the Prid
02640 145040102157 157142171056 000001200600 011177177177 e Booby.~~~~~~~~
02644 000001200600 011177177177 000001200600 011177177177 ~~~~~~~~~~~~~~~~
02650 000001200600 011177177177 000001200600 011177177177 ~~~~~~~~~~~~~~~~
02654 000001200600 011177177177 000037200600 040040040040 ~~~~~~~~~~~~    
02660 040040040040 101103124040 111040123103 105116105040     ACT I SCENE 
02664 111111040040 040040040040 040040040040 040040040040 II              
02670 040040040040 040040040040 040040040040 040040040040                 
02674 040040040040 106101123123 011040040040 040040040040     FASS~       
02700 040101103124 040111040123 103105116105 040111111111  ACT I SCENE III
02704 040040040040 040040040040 040040040040 040040040040                 
02710 040040040040 040040040040 040040040040 040040040040                 
02714 040106101123 123177177177 000001200600 014177177177  FASS~~~~~~~~~~~
02720 000001200600 011177177177 000001200600 011177177177 ~~~~~~~~~~~~~~~~
02724 000037200600 040040040040 040040040040 106101123123 ~~~~        FASS
02730 040040040040 040040040040 040040040040 040040040040                 
02734 040040040055 040062040055 040040040040 040040040040    - 2 -        
02740 040101103124 040111040123 103105116105 040111111111  ACT I SCENE III
02744 011040040040 040040040040 040106101123 123040040040 ~        FASS   
02750 040040040040 040040040040 040040040040 040040040040                 
02754 055040063040 055040040040 040040040040 040040101103 - 3 -         AC
02760 124040111040 123103105116 105040111111 111177177177 T I SCENE III~~~
02764 000001200600 011177177177 000001200600 011177177177 ~~~~~~~~~~~~~~~~
02770 000001200600 011177177177 000051200600 137010120137 ~~~~~~~~~)~~_~P_
02774 010122137010 111137010132 137010105040 137010102137 ~R_~I_~Z_~E _~B_
03000 010117137010 117137010102 137010131072 040040110165 ~O_~O_~B_~Y:  Hu
03004 163150040165 160054040120 162151144145 056040131157 sh up, Pride. Yo
03010 165047162145 040142157162 151156147040 040167150145 u're boring  whe
03014 156040040171 157165040040 147165163150 011137010120 n  you  gush~_~P
03020 137010122137 010111137010 104137010105 040137010102 _~R_~I_~D_~E _~B
03024 137010117137 010117137010 102137010131 072040040102 _~O_~O_~B_~Y:  B
03030 171040147157 163150054040 164150145040 120162151172 y gosh, the Priz
03034 145040151163 040162151147 150164041040 117151154040 e is right! Oil 
03040 142145164040 167145040155 141153145040 141177177177 bet we make a~~~
03044 000021000600 040040040040 040040040040 163157056011 ~~~~        so.~
03050 040040040040 040040040040 155151154154 151157156056         million.
03054 040111047155 040147154141 144040111047 155040160141  I'm glad I'm pa
03060 162164040157 146040164150 151163040102 151147040122 rt of this Big R
03064 145144040124 145141155056 000001200600 011177177177 ed Team.~~~~~~~~
03070 000001200600 011177177177 040040040040 040050114111 ~~~~~~~~     (LI
03074 107110124123 040040040104 117127116040 040040117116 GHTS   DOWN   ON
03100 040040112105 122113040040 101116104040 040125120040   JERK  AND  UP 
03104 040117116040 040102117117 102111105123 040040101116  ON  BOOBIES  AN
03110 104177177177 000010000600 011040040040 040040040040 D~~~~~~~~       
03114 040105130120 105116104101 102114105040 103122105127  EXPENDABLE CREW
03120 040115105115 102105122051 000001200600 011177177177  MEMBER)~~~~~~~~
03124 000001200600 011177177177 000000000000 000006000472 ~~~~~~~~~~~~~~~:
03130 000045600600 137010120137 010122137010 111137010104 ~%~~_~P_~R_~I_~D
03134 137010105040 137010102137 010117137010 117137010102 _~E _~B_~O_~O_~B
03140 137010131072 040040127150 145156040111 040147165163 _~Y:  When I gus
03144 150077041040 114157157153 040141164040 040117154144 h?! Look at  Old
03150 040040106141 151164150146 165154040040 163160157165   Faithful  spou
03154 164151156147 011137010105 137010103137 010115072040 ting~_~E_~C_~M: 
03160 040111146040 171157165040 154141144151 145163040141  If you ladies a
03164 162145040161 165151164145 040162145141 144171054040 re quite ready, 
03170 167145040150 141144040142 162145141163 164040055040 we had breast - 
03174 040165150150 040040055177 000016200600 040040040040  uhh  -~~~~~    
03200 040040040040 157146146056 011040040040 040040040040     off.~       
03204 040142165163 164040055040 165150150040 055040102105  bust - uhh - BE
03210 123124040142 145040157156 040157165162 040167141171 ST be on our way
03214 056177177177 000001200600 011177177177 000016400600 .~~~~~~~~~~~~~~~
03220 011040040040 040040040040 040050114111 107110124123 ~        (LIGHTS
03224 040106101104 105040124117 040124110105 040123117125  FADE TO THE SOU
03230 116104040117 106040124110 105040124122 101116123120 ND OF THE TRANSP
03234 117122124105 122051177177 000017200600 137010120137 ORTER)~~~~~~_~P_
03240 010122137010 111137010132 137010105040 137010102137 ~R_~I_~Z_~E _~B_
03244 010117137010 117137010102 137010131072 040040116157 ~O_~O_~B_~Y:  No
03250 167040154157 157153040150 145162145054 040171157165 w look here, you
03254 040142151055 011177177177 000003000600 011040040040  bi-~~~~~~~~~   
03260 040040040040 040146151156 000001200600 011177177177      fin~~~~~~~~
03264 000021600600 137010105137 010103137010 115072040040 ~~~~_~E_~C_~M:  
03270 114141144151 145163054040 040160154145 141163145041 Ladies,  please!
03274 040040104157 156047164040 146151147150 164056040124   Don't fight. T
03300 150145162145 047163040156 157040156145 145144040146 here's no need f
03304 157162040151 164056011177 000020200600 040040040040 or it.~~~~~~    
03310 040040040040 116157167040 153151163163 040141156144     Now kiss and
03314 040155141153 145040165160 056040050124 110105131040  make up. (THEY 
03320 110105123111 124101124105 051040101146 164145162040 HESITATE) After 
03324 141154154054 040150157167 011177177177 000020200600 all, how~~~~~~~~
03330 040040040040 040040040040 144157040040 171157165040         do  you 
03334 040164150151 156153040164 150151163040 154157157153  think this look
03340 163040164157 040171157165 162040154157 171141154040 s to your loyal 
03344 163165142152 145143164163 040141156144 011177177177 subjects and~~~~
03350 000005400600 040040040040 040040040040 141144155151 ~~~~        admi
03354 162145162163 077011177177 000001200600 011177177177 rers?~~~~~~~~~~~
03360 000011400600 040040040040 040040040040 050120122111 ~~~~        (PRI
03364 132105040101 116104040120 122111104105 040105115102 ZE AND PRIDE EMB
03370 122101103105 051011177177 000001200600 011177177177 RACE)~~~~~~~~~~~
03374 000017200600 040040040040 040040040040 111163156047 ~~~~        Isn'
03400 164040164150 141164040156 151143145072 040120162151 t that nice: Pri
03404 172145040141 156144040120 162151144145 040164157147 ze and Pride tog
03410 145164150145 162040141147 141151156041 011177177177 ether again!~~~~
03414 000001200600 011177177177 000001200600 011177177177 ~~~~~~~~~~~~~~~~
03420 000022600600 137010120137 010122137010 111137010104 ~~~~_~P_~R_~I_~D
03424 137010105040 137010102137 010117137010 117137010102 _~E _~B_~O_~O_~B
03430 137010131072 040040101162 145040171157 165040163165 _~Y:  Are you su
03434 162145040164 150151163040 164162151160 040151163040 re this trip is 
03440 156145143145 163163141162 171077011177 000001200600 necessary?~~~~~~
03444 011177177177 000001200600 011177177177 000025200600 ~~~~~~~~~~~~~~~~
03450 137010120137 010122137010 111137010132 137010105040 _~P_~R_~I_~Z_~E 
03454 137010102137 010117137010 117137010102 137010131072 _~B_~O_~O_~B_~Y:
03460 040040116145 143145163163 141162171077 040111164047   Necessary? It'
03464 163040166151 164141154041 040124150145 163145040160 s vital! These p
03470 145157160154 145040040156 145145144040 040157165162 eople  need  our
03474 011177177177 000020200600 040040040040 040040040040 ~~~~~~~~        
03500 163151154151 143157156040 040164157040 040153145145 silicon  to  kee
03504 160040164150 145151162040 163160141143 145143162141 p their spacecra
03510 146164040147 157151156147 040141156144 040167145040 ft going and we 
03514 156145145144 011177177177 000020200600 040040040040 need~~~~~~~~    
03520 040040040040 164150145151 162040155157 156145171040     their money 
03524 164157040153 145145160040 157165162040 160154141156 to keep our plan
03530 145164040147 157151156147 056040040116 157040157156 et going.  No on
03534 145040040153 156157167163 011177177177 000020200600 e  knows~~~~~~~~
03540 040040040040 040040040040 164150145040 040163151172         the  siz
03544 145040040157 146040157165 162040162145 163145162166 e  of our reserv
03550 145163054040 163157040167 145047166145 040147157164 es, so we've got
03554 040164157040 160154141171 040157165162 011177177177  to play our~~~~
03560 000020200600 040040040040 040040040040 143141162144 ~~~~        card
03564 163040143154 157163145040 164157040157 165162040143 s close to our c
03570 150145163164 163056040124 150151156153 040157146040 hests. Think of 
03574 167150141164 040167145040 040143141156 040040144157 what we  can  do
03600 011177177177 000020200600 040040040040 040040040040 ~~~~~~~~        
03604 146157162040 157165162040 160154141156 145164040167 for our planet w
03610 151164150040 164150145040 155157156145 171040167145 ith the money we
03614 040155141153 145072040155 157144145162 156151172145  make: modernize
03620 040151156055 011177177177 000001200600 011177177177  in-~~~~~~~~~~~~
03624 000001200600 011177177177 000000000000 000007000466 ~~~~~~~~~~~~~~~6
03630 000020200600 040040040040 040040040040 144165163164 ~~~~        dust
03634 162171054040 153145145160 040141142162 145141163164 ry, keep abreast
03640 040157146040 164150145040 154141164145 163164040040  of the latest  
03644 141144166141 156143145163 056040040124 150141156153 advances.  Thank
03650 011177177177 000011600600 040040040040 040040040040 ~~~~~~~~        
03654 107157144040 146157162040 164150145040 145156145162 God for the ener
03660 147171040143 162151163151 163041011177 000001200600 gy crisis!~~~~~~
03664 011177177177 000001200600 011177177177 000025200600 ~~~~~~~~~~~~~~~~
03670 137010120137 010122137010 111137010104 137010105040 _~P_~R_~I_~D_~E 
03674 137010102137 010117137010 117137010102 137010131072 _~B_~O_~O_~B_~Y:
03700 040040131157 165040162145 141154151172 145040164150   You realize th
03704 141164040163 157155145040 157146040164 150145151162 at some of their
03710 040040160154 141156145164 163040040164 150151156153   planets  think
03714 011177177177 000020200600 040040040040 040040040040 ~~~~~~~~        
03720 164150141164 040040164150 145040040117 123120105103 that  the  OSPEC
03724 040160154141 156145164163 040155141144 145040165160  planets made up
03730 040164150151 163040143162 151163151163 040163157040  this crisis so 
03734 164150141164 011177177177 000012400600 040040040040 that~~~~~~~~    
03740 040040040040 167145040143 157165154144 040151156146     we could inf
03744 154141164145 040157165162 040160162157 146151164163 late our profits
03750 077011177177 000001200600 011177177177 000001200600 ?~~~~~~~~~~~~~~~
03754 011177177177 000025200600 137010120137 010122137010 ~~~~~~~~_~P_~R_~
03760 111137010132 137010105040 137010102137 010117137010 I_~Z_~E _~B_~O_~
03764 117137010102 137010131072 040040102165 154154143157 O_~B_~Y:  Bullco
03770 157153151145 163041040110 157167040143 157165154144 okies! How could
03774 040163155141 154154040160 154141156145 164163040154  small planets l
04000 151153145040 157165162163 011177177177 000020200600 ike ours~~~~~~~~
04004 040040040040 040040040040 143162145141 164145040163         create s
04010 165143150040 141040163150 157162164141 147145077040 uch a shortage? 
04014 040040124150 145040040160 154141156145 164040040102   The  planet  B
04020 157157142171 040040163164 141156144163 011177177177 ooby  stands~~~~
04024 000020200600 040040040040 040040040040 110165155142 ~~~~        Humb
04030 154145054040 040151164163 040040123164 141156144141 le,  its  Standa
04034 162144040040 167141166151 156147040040 141143162157 rd  waving  acro
04040 163163040040 164150145040 040107165154 146040157146 ss  the  Gulf of
04044 011177177177 000020200600 040040040040 040040040040 ~~~~~~~~        
04050 163160141143 145056040117 165162040123 150145154154 space. Our Shell
04054 040157146040 141040160154 141156145164 040154151145  of a planet lie
04060 163040157160 145156040164 157040151164 163040040115 s open to its  M
04064 157142151154 011177177177 000020200600 040040040040 obil~~~~~~~~    
04070 040040040040 145156145155 151145163054 040040145141     enemies,  ea
04074 147145162040 040141163040 040102145141 166145162163 ger  as  Beavers
04100 040040164157 040107141151 156040157165 162040162145   to Gain our re
04104 163157165162 143145163056 011177177177 000020200600 sources.~~~~~~~~
04110 040040040040 040040040040 114151145163 040111040163         Lies I s
04114 141171041040 124150151163 040040146141 154163145150 ay! This  falseh
04120 157157144040 040163150141 154154040040 142145040040 ood  shall  be  
04124 145170160157 163145144041 040040127145 011177177177 exposed!  We~~~~
04130 000020200600 040040040040 040040040040 163150141154 ~~~~        shal
04134 154040040142 145040040105 170170157156 145162141164 l  be  Exxonerat
04140 145144041040 040040114145 164040040157 165162040163 ed!   Let  our s
04144 151154151143 157156040160 162157166151 144145040141 ilicon provide a
04150 011177177177 000014200600 040040040040 040040040040 ~~~~~~~~        
04154 123164141162 142165162163 164040157146 040102157156 Starburst of Bon
04160 165163145163 040146157162 040157165162 040160154141 uses for our pla
04164 156145164056 011177177177 000001200600 011177177177 net.~~~~~~~~~~~~
04170 000001200600 011177177177 000001200600 011177177177 ~~~~~~~~~~~~~~~~
04174 000001200600 011177177177 000001200600 011177177177 ~~~~~~~~~~~~~~~~
04200 000001200600 011177177177 000037200600 040040040040 ~~~~~~~~~~~~    
04204 040040040040 101103124040 111040123103 105116105040     ACT I SCENE 
04210 111111111040 040040040040 040040040040 040040040040 III             
04214 040040040040 040040040040 040040040040 040040040040                 
04220 040040040040 106101123123 011040040040 040040040040     FASS~       
04224 040101103124 040111040123 103105116105 040111111111  ACT I SCENE III
04230 040040040040 040040040040 040040040040 040040040040                 
04234 040040040040 040040040040 040040040040 040040040040                 
04240 040106101123 123177177177 000001200600 014177177177  FASS~~~~~~~~~~~
04244 000001200600 011177177177 000001200600 011177177177 ~~~~~~~~~~~~~~~~
04250 000037200600 040040040040 040040040040 106101123123 ~~~~        FASS
04254 040040040040 040040040040 040040040040 040040040040                 
04260 040040040055 040061040055 040040040040 040040040040    - 1 -        
04264 040040101103 124040111040 123103105116 105040111126   ACT I SCENE IV
04270 011040040040 040040040040 040106101123 123040040040 ~        FASS   
04274 040040040040 040040040040 040040040040 040040040040                 
04300 055040062040 055040040040 040040040040 040040040101 - 2 -          A
04304 103124040111 040123103105 116105040111 126177177177 CT I SCENE IV~~~
04310 000001200600 011177177177 000001200600 011177177177 ~~~~~~~~~~~~~~~~
04314 000001200600 011177177177 157144145162 156151172145 ~~~~~~~~odernize
04320 040151156055 011177177177 000001200600 011177177177  in-~~~~~~~~~~~~
04324 000001200600 011177177177 000000000000 000010000461 ~~~~~~~~~~~~~~~1
04330 000036000600 040040040040 040040040040 101143164040 ~~~~        Act 
04334 061054040123 143145156145 040064040055 040124150145 1, Scene 4 - The
04340 040102162151 144147145011 137010124137 010110137010  Bridge~_~T_~H_~
04344 105040137010 122137010105 137010101137 010114040137 E _~R_~E_~A_~L _
04350 010115137010 103137010103 137010117137 010131072040 ~M_~C_~C_~O_~Y: 
04354 040111164047 163040156157 164040155165 143150040157  It's not much o
04360 146040141040 143157165147 150056040050 110105040114 f a cough. (HE L
04364 101125107110 123054040040 103122105127 000012200600 AUGHS,  CREW~~~~
04370 011040040040 040040040040 040111123040 123124117116 ~        IS STON
04374 105040123111 114105116124 072040110105 040123124111 E SILENT: HE STI
04400 106114105123 051177177177 000020200600 040040040040 FLES)~~~~~~~    
04404 040040040040 050114111107 110124123040 125120040117     (LIGHTS UP O
04410 116040102122 111104107105 072040112105 122113040111 N BRIDGE: JERK I
04414 116040040110 111123040040 103110101111 122054040040 N  HIS  CHAIR,  
04420 115103111116 124117123110 011177177177 000020200600 MCINTOSH~~~~~~~~
04424 040040040040 040040040040 123124101116 104111116107         STANDING
04430 040040102105 123111104105 040110111115 054040110125   BESIDE HIM, HU
04434 101122131125 040101124040 110105122040 103117116123 ARYU AT HER CONS
04440 117114105054 040112117103 113040101124 011177177177 OLE, JOCK AT~~~~
04444 000037200600 040040040040 040040040040 110111123054 ~~~~        HIS,
04450 040123125122 125040117116 040110111123 040047115117  SURU ON HIS 'MO
04454 124117122103 131103114105 047040103117 116123117114 TORCYCLE' CONSOL
04460 105040040127 111124110040 040124117114 123124117131 E  WITH  TOLSTOY
04464 011137010112 137010105137 010122137010 113072040040 ~_~J_~E_~R_~K:  
04470 101154154040 162151147150 164054040160 145157160154 All right, peopl
04474 145054040164 150141164047 163040145156 157165147150 e, that's enough
04500 056040103165 164040151164 040157165164 041177177177 . Cut it out!~~~
04504 000007400600 040040040040 040040040040 111116040124 ~~~~        IN T
04510 110105040047 123111104105 103101122047 051011177177 HE 'SIDECAR')~~~
04514 000001200600 011177177177 000023600600 011137010124 ~~~~~~~~~~~~~_~T
04520 137010117137 010114137010 123137010124 137010117137 _~O_~L_~S_~T_~O_
04524 010131072040 040124150171 145164047163 040104162056 ~Y:  Thyet's Dr.
04530 040115141143 151156164157 163150047163 040152157142  Macintosh's job
04534 054040040113 171145160164 151156056040 050110105040 ,  Kyeptin. (HE 
04540 114101125107 110123054177 000011200600 137010105137 LAUGHS,~~~~~_~E_
04544 010103137010 115072040040 101150145155 056011040040 ~C_~M:  Ahem.~  
04550 040040040040 040040111102 111104056040 051177177177       IBID. )~~~
04554 000001200600 011177177177 000007200600 040040040040 ~~~~~~~~~~~~    
04560 040040040040 050116117040 117116105040 116117124111     (NO ONE NOTI
04564 103105123051 011177177177 000021000600 011137010112 CES)~~~~~~~~~_~J
04570 137010105137 010122137010 113072040040 110157154144 _~E_~R_~K:  Hold
04574 040151164040 162151147150 164040164150 145162145054  it right there,
04600 040105156163 151147156041 040050110101 116104040117  Ensign! (HAND O
04604 126105122040 105131105123 051040117150 054156157041 VER EYES) Oh,no!
04610 000001200600 011177177177 000017200600 137010110137 ~~~~~~~~~~~~_~H_
04614 010125137010 101137010122 137010131137 010125072040 ~U_~A_~R_~Y_~U: 
04620 040122145141 144171040164 157040154145 141166145040  Ready to leave 
04624 157162142151 164054040103 141160164141 151156040112 orbit, Captain J
04630 145162153056 011177177177 000016000600 011137010124 erk.~~~~~~~~~_~T
04634 137010117137 010114137010 123137010124 137010117137 _~O_~L_~S_~T_~O_
04640 010131072040 040101156144 040156157167 040111047154 ~Y:  And now I'l
04644 154040150157 154144040151 164040157166 145162040150 l hold it over h
04650 145162145041 000001200600 011177177177 000020000600 ere!~~~~~~~~~~~~
04654 137010112137 010105137010 122137010113 072040040124 _~J_~E_~R_~K:  T
04660 150141156153 040171157165 054040114164 056040110165 hank you, Lt. Hu
04664 141162171165 056011040040 040040040040 040040050107 aryu.~        (G
04670 105116105122 101114040114 101125107110 124105122051 ENERAL LAUGHTER)
04674 000001200600 011177177177 000001200600 011177177177 ~~~~~~~~~~~~~~~~
04700 000034400600 137010110137 010125137010 101137010122 ~~~~_~H_~U_~A_~R
04704 137010131137 010125072040 040050114117 117113123040 _~Y_~U:  (LOOKS 
04710 120125132132 114105104051 040111047155 040114164056 PUZZLED) I'm Lt.
04714 040110165141 162171165054 040103141160 164141151156  Huaryu, Captain
04720 056011137010 112137010105 137010122137 010113072040 .~_~J_~E_~R_~K: 
04724 040050124117 040105103115 051040102171 040164150145  (TO ECM) By the
04730 040167141171 054040167150 157040141162 145040171157  way, who are yo
04734 165077177177 000001200600 011177177177 000001200600 u?~~~~~~~~~~~~~~
04740 011177177177 000032600600 137010112137 010105137010 ~~~~~~~~_~J_~E_~
04744 122137010113 072040040111 040163150157 165154144040 R_~K:  I should 
04750 164150151156 153040171157 165047144040 153156157167 think you'd know
04754 040167150157 040111040167 141163040141 146164145162  who I was after
04760 040040141154 154040040167 145047166145 011137010110   all  we've~_~H
04764 137010125137 010101137010 122137010131 137010125072 _~U_~A_~R_~Y_~U:
04770 040040131145 163054040103 141160164141 151156077177   Yes, Captain?~
04774 000012600600 040040040040 040040040040 142145145156 ~~~~        been
05000 040164150162 157165147150 040164157147 145164150145  through togethe
05004 162054040110 165141162171 165041011177 000001200600 r, Huaryu!~~~~~~
05010 011177177177 011177177177 000001200600 011177177177 ~~~~~~~~~~~~~~~~
05014 000001200600 011177177177 157144145162 156151172145 ~~~~~~~~odernize
05020 040151156055 011177177177 000001200600 011177177177  in-~~~~~~~~~~~~
05024 000001200600 011177177177 000000000000 000011000460 ~~~~~~~~~~~~~~~0
05030 000022200600 011137010112 137010105137 010122137010 ~~~~~_~J_~E_~R_~
05034 113072040040 116157054040 040156157054 040156157054 K:  No,  no, no,
05040 040156157164 040171157165 056040050112 125115120123  not you. (JUMPS
05044 040125120040 101116104040 104117127116 054040120117  UP AND DOWN, PO
05050 111116124111 116107040124 117177177177 000032200600 INTING TO~~~~~~~
05054 137010110137 010125137010 101137010122 137010131137 _~H_~U_~A_~R_~Y_
05060 010125072040 040131157165 040153156157 167040167150 ~U:  You know wh
05064 157040111040 141155054040 141156144040 154145164047 o I am, and let'
05070 163040156157 164040142162 157141144143 141163164040 s not broadcast 
05074 141154154040 157166145162 011040040040 040040040040 all over~       
05100 040105103115 051040110151 155054040150 151155054040  ECM) Him, him, 
05104 150171155156 041177177177 000013400600 040040040040 hymn!~~~~~~~    
05110 040040040040 163165142163 160141143145 040167150141     subspace wha
05114 164040167145 047166145040 142145145156 040164150162 t we've been thr
05120 157165147150 056011177177 000001200600 011177177177 ough.~~~~~~~~~~~
05124 000016400600 011137010123 137010125137 010122137010 ~~~~~_~S_~U_~R_~
05130 125072040040 110157167040 141142157165 164040042117 U:  How about "O
05134 156167141162 144040103150 162151163164 151141156040 nward Christian 
05140 123157154144 151145162163 042077177177 000017600600 Soldiers"?~~~~~~
05144 137010112137 010117137010 103137010113 072040040050 _~J_~O_~C_~K:  (
05150 103110101116 107111116107 040124110105 040123125102 CHANGING THE SUB
05154 112105103124 051040103157 165162163145 040143141154 JECT) Course cal
05160 143165154141 164145144056 056056011177 000020000600 culated...~~~~~~
05164 011137010124 137010117137 010114137010 123137010124 ~_~T_~O_~L_~S_~T
05170 137010117137 010131072040 040117150040 142157171054 _~O_~Y:  Oh boy,
05174 040143150141 162141144145 163041040123 157165156144  charades! Sound
05200 163040154151 153145056056 056040152157 151156164056 s like... joint.
05204 000001200600 011177177177 000017200600 137010124137 ~~~~~~~~~~~~_~T_
05210 010117137010 114137010123 137010124137 010117137010 ~O_~L_~S_~T_~O_~
05214 131072040040 056056056056 141156144040 160162145055 Y:  ....and pre-
05220 162145147151 163164145162 145144054040 113171145160 registered, Kyep
05224 164151156056 011177177177 000011600600 011137010112 tin.~~~~~~~~~_~J
05230 137010105137 010122137010 113072040040 101141141141 _~E_~R_~K:  Aaaa
05234 141141141141 141141162162 162162162162 147150041177 aaaaaarrrrrrgh!~
05240 000001200600 011177177177 000021600600 137010105137 ~~~~~~~~~~~~_~E_
05244 010103137010 115072040040 050110101123 040102105105 ~C_~M:  (HAS BEE
05250 116040103114 105101122111 116107040110 111123040124 N CLEARING HIS T
05254 110122117101 124040127111 124110040040 111116103122 HROAT WITH  INCR
05260 105101123111 116107040040 126111107117 125122011177 EASING  VIGOUR~~
05264 000035600600 040040040040 040040040040 124110122117 ~~~~        THRO
05270 125107110117 125124040124 110111123040 104111123103 UGHOUT THIS DISC
05274 117125122123 105051040101 150145155054 040141150145 OURSE) Ahem, ahe
05300 155041011137 010112137010 117137010103 137010113072 m!~_~J_~O_~C_~K:
05304 040040112157 151156164040 040055040163 143162145141   Joint  - screa
05310 155040055040 151164047163 040157142166 151157165163 m - it's obvious
05314 072040141040 152157151156 164040147145 164163040171 : a joint gets y
05320 157165040150 151147150177 000020200600 011040040040 ou high~~~~~~   
05324 040040040040 040141156144 040141040163 143162145141      and a screa
05330 155040151163 040141040150 151147150055 160151164143 m is a high-pitc
05334 150145144040 166157143141 154151163155 040157146040 hed vocalism of 
05340 154151164164 154145040157 162177177177 000020200600 little or~~~~~~~
05344 011040040040 040040040040 040156157040 040155145141 ~        no  mea
05350 156151156147 056040040040 117142166151 157165163154 ning.   Obviousl
05354 171040150145 047163040164 162171151156 147040164157 y he's trying to
05360 040164145154 154040165163 040164150141 164177177177  tell us that~~~
05364 000041200600 137010112137 010105137010 122137010113 ~!~~_~J_~E_~R_~K
05370 072040040127 150141056056 077040123141 171054040164 :  Wha..? Say, t
05374 150141164047 163040141040 156141163164 171040143157 hat's a nasty co
05400 165147150040 040171157165 047166145040 040147157164 ugh  you've  got
05404 040040164150 145162145056 011040040040 040040040040   there.~       
05410 040150145047 163040163164 157156145144 040040141156  he's stoned  an
05414 144040040144 157145163156 047164040040 153156157167 d  doesn't  know
05420 040040167150 141164040040 150145047163 040040163141   what  he's  sa
05424 171151156147 056177177177 000036000600 040040040040 ying.~~~~~~~    
05430 040040040040 104157143164 157162040115 141143151156     Doctor Macin
05434 164157163150 054040147151 166145040150 151155040163 tosh, give him s
05440 157155145164 150151156147 040146157162 040150151163 omething for his
05444 040143157165 147150056011 040040040040 040040040040  cough.~        
05450 122145141154 154171040103 141160164141 151156054040 Really Captain, 
05454 111047155040 141163150141 155145144073 040141040155 I'm ashamed; a m
05460 141156040151 156040171157 165162040160 157163151164 an in your posit
05464 151157156041 000001200600 011177177177 000020200600 ion!~~~~~~~~~~~~
05470 011040040040 040040040040 040050112105 122113054040 ~        (JERK, 
05474 040101116107 125111123110 105104040124 117040124110  ANGUISHED TO TH
05500 105040120117 111116124040 117106040102 105111116107 E POINT OF BEING
05504 040117116040 110111123040 113116105105 123177177177  ON HIS KNEES~~~
05510 011177177177 011177177177 000001200600 011177177177 ~~~~~~~~~~~~~~~~
05514 000001200600 011177177177 157144145162 156151172145 ~~~~~~~~odernize
05520 040151156055 011177177177 000001200600 011177177177  in-~~~~~~~~~~~~
05524 000001200600 011177177177 000000000000 000012000461 ~~~~~~~~~~~~~~~1
05530 000042000600 137010124137 010110137010 105040137010 ~"~~_~T_~H_~E _~
05534 122137010105 137010101137 010114040137 010115137010 R_~E_~A_~L _~M_~
05540 103137010103 137010117137 010131072040 040123165162 C_~C_~O_~Y:  Sur
05544 145040164150 151156147054 040112151155 056040110145 e thing, Jim. He
05550 162145047163 040141040161 165141162164 145162056011 re's a quarter.~
05554 040040040040 040040040040 101116104040 110117114104         AND HOLD
05560 111116107040 110111123040 106101103105 054040123125 ING HIS FACE, SU
05564 104104105116 114131040114 105101120123 040125120054 DDENLY LEAPS UP,
05570 040040107122 101102123040 040105103115 000012400600   GRABS  ECM~~~~
05574 011040040040 040040040040 040102131040 124110105040 ~        BY THE 
05600 124110122117 101124040101 116104040123 110101113105 THROAT AND SHAKE
05604 123040110111 115051177177 000001200600 011177177177 S HIM)~~~~~~~~~~
05610 000012400600 137010110137 010125137010 101137010122 ~~~~_~H_~U_~A_~R
05614 137010131137 010125072040 040124150141 164047163040 _~Y_~U:  That's 
05620 156157164040 155165143150 056011177177 000022200600 not much.~~~~~~~
05624 011137010112 137010105137 010122137010 113072040040 ~_~J_~E_~R_~K:  
05630 127150141164 040055040151 163040055040 171157165162 What - is - your
05634 040055040156 141155145077 040127150171 040055040141  - name? Why - a
05640 162145040055 040171157165 040055040150 145162145077 re - you - here?
05644 040127150141 164177177177 000011600600 011040040040  What~~~~~~~~   
05650 040040040040 040055040151 163040055040 164150151163      - is - this
05654 040055040141 154154040055 040141142157 165164077177  - all - about?~
05660 000001200600 011177177177 000001200600 011177177177 ~~~~~~~~~~~~~~~~
05664 000001200600 011177177177 000037200600 040040040040 ~~~~~~~~~~~~    
05670 040040040040 101103124040 111040123103 105116105040     ACT I SCENE 
05674 111126040040 040040040040 040040040040 040040040040 IV              
05700 040040040040 040040040040 040040040040 040040040040                 
05704 040040040040 106101123123 011040040040 040040040040     FASS~       
05710 040101103124 040111040123 103105116105 040111126040  ACT I SCENE IV 
05714 040040040040 040040040040 040040040040 040040040040                 
05720 040040040040 040040040040 040040040040 040040040040                 
05724 040106101123 123177177177 000001200600 014177177177  FASS~~~~~~~~~~~
05730 000001200600 011177177177 000001200600 011177177177 ~~~~~~~~~~~~~~~~
05734 000037200600 040040040040 040040040040 106101123123 ~~~~        FASS
05740 040040040040 040040040040 040040040040 040040040040                 
05744 040040040055 040063040055 040040040040 040040040040    - 3 -        
05750 040040101103 124040111040 123103105116 105040111126   ACT I SCENE IV
05754 011040040040 040040040040 040106101123 123040040040 ~        FASS   
05760 040040040040 040040040040 040040040040 040040040040                 
05764 055040064040 055040040040 040040040040 040040040101 - 4 -          A
05770 103124040111 040123103105 116105040111 126177177177 CT I SCENE IV~~~
05774 000001200600 011177177177 000001200600 011177177177 ~~~~~~~~~~~~~~~~
06000 000001200600 011177177177 000036200600 137010105137 ~~~~~~~~~~~~_~E_
06004 010103137010 115072040040 050117116040 110111123040 ~C_~M:  (ON HIS 
06010 113116105105 123054040103 110117113111 116107051040 KNEES, CHOKING) 
06014 111164047163 040050107101 123120051040 110157167144 It's (GASP) Howd
06020 171040102157 157142171040 164151155145 041011137010 y Booby time!~_~
06024 120137010122 137010111137 010132137010 105040137010 P_~R_~I_~Z_~E _~
06030 102137010117 137010117137 010102137010 131072040040 B_~O_~O_~B_~Y:  
06034 127150141164 040141156040 157144144040 156141155145 What an odd name
06040 056177177177 000001200600 011177177177 000016200600 .~~~~~~~~~~~~~~~
06044 040040040040 040040040040 050112105122 113040122105         (JERK RE
06050 114105101123 105123040105 103115054040 127110117040 LEASES ECM, WHO 
06054 103117114114 101120123105 123040111116 040101040110 COLLAPSES IN A H
06060 105101120051 011177177177 000007600600 011137010110 EAP)~~~~~~~~~_~H
06064 137010125137 010101137010 122137010131 137010125072 _~U_~A_~R_~Y_~U:
06070 040040127150 141164077177 000001200600 011177177177   What?~~~~~~~~~
06074 000022200600 137010112137 010105137010 122137010113 ~~~~_~J_~E_~R_~K
06100 072040040127 150141164077 040040117150 054040040155 :  What?  Oh,  m
06104 171040107157 144054040164 150145171047 162145040150 y God, they're h
06110 145162145073 040141156144 040164150151 163040160154 ere; and this pl
06114 141143145040 151163040141 011177177177 000033200600 ace is a~~~~~~~~
06120 040040040040 040040040040 155145163163 041040121165         mess! Qu
06124 151143153054 040123165162 165054040163 145164040160 ick, Suru, set p
06130 150141163145 162163040157 156040144165 163164056040 hasers on dust. 
06134 040040120162 151172145040 040141156144 011137010120   Prize  and~_~P
06140 137010122137 010111137010 132137010105 040137010102 _~R_~I_~Z_~E _~B
06144 137010117137 010117137010 102137010131 072040040116 _~O_~O_~B_~Y:  N
06150 157054040110 165141162165 056177177177 000007000600 o, Huaru.~~~~~~~
06154 040040040040 040040040040 120162151144 145040056056         Pride ..
06160 056040164157 147145164150 145162055011 000020200600 . together-~~~~~
06164 011040040040 040040040040 040050110125 101122125040 ~        (HUARU 
06170 101124124105 115120124123 040124117040 101116123127 ATTEMPTS TO ANSW
06174 105122054040 102125124040 124110105040 103101120124 ER, BUT THE CAPT
06200 101111116040 103125124123 040040110105 122177177177 AIN CUTS  HER~~~
06204 000004400600 011040040040 040040040040 040117106106 ~~~~~        OFF
06210 056051177177 011177177177 000001200600 011177177177 .)~~~~~~~~~~~~~~
06214 000001200600 011177177177 157144145162 156151172145 ~~~~~~~~odernize
06220 040151156055 011177177177 000001200600 011177177177  in-~~~~~~~~~~~~
06224 000001200600 011177177177 000000000000 000013000476 ~~~~~~~~~~~~~~~>
06230 000025200600 137010120137 010122137010 111137010104 ~~~~_~P_~R_~I_~D
06234 137010105040 137010102137 010117137010 117137010102 _~E _~B_~O_~O_~B
06240 137010131072 040040123153 151160040151 164054040040 _~Y:  Skip it,  
06244 103141160164 141151156054 040040167145 047166145040 Captain,  we've 
06250 040142145145 156040040164 150162157165 147150040040  been  through  
06254 164150141164 011177177177 000004400600 040040040040 that~~~~~~~~    
06260 040040040040 157156143145 056011177177 000020000600     once.~~~~~~~
06264 011137010112 137010105137 010122137010 113072040040 ~_~J_~E_~R_~K:  
06270 101150054040 164150151163 040151163040 157165162040 Ah, this is our 
06274 143157055157 160040123143 151145156143 145040157146 co-op Science of
06300 146151143145 162054040115 162056040112 157143153056 ficer, Mr. Jock.
06304 000001200600 011177177177 000022200600 137010112137 ~~~~~~~~~~~~_~J_
06310 010105137010 122137010113 072040040131 157165162040 ~E_~R_~K:  Your 
06314 102157157142 171163150151 160163054040 160154145141 Boobyships, plea
06320 163145056040 040127145154 143157155145 040141142157 se.  Welcome abo
06324 141162144056 040040114145 164040155145 040151156055 ard.  Let me in-
06330 011177177177 000031000600 040040040040 040040040040 ~~~~~~~~        
06334 164162157144 165143145040 171157165040 164157040155 troduce you to m
06340 171040143162 145167056011 137010120137 010122137010 y crew.~_~P_~R_~
06344 111137010132 137010105040 137010102137 010117137010 I_~Z_~E _~B_~O_~
06350 117137010102 137010131072 040040104151 144156047164 O_~B_~Y:  Didn't
06354 040171157165 040167162151 164145040141 040142157157  you write a boo
06360 153040157156 040142141142 151145163077 000001200600 k on babies?~~~~
06364 011177177177 000020200600 040040040040 040040040040 ~~~~~~~~        
06370 050101123040 040112105122 113040111116 124122117104 (AS  JERK INTROD
06374 125103105123 040105126105 122131102117 104131054040 UCES EVERYBODY, 
06400 115101103111 116124117123 110040115117 126105123040 MACINTOSH MOVES 
06404 106122117115 011177177177 000034600600 040040040040 FROM~~~~~~~~    
06410 040040040040 102105123111 104105040124 110105040103     BESIDE THE C
06414 101120124101 111116047123 040103110101 111122054040 APTAIN'S CHAIR, 
06420 040040105130 101115111116 105123040040 105103115040   EXAMINES  ECM 
06424 040102122111 105106114131 011137010112 137010117137  BRIEFLY~_~J_~O_
06430 010103137010 113072040040 116157054040 155141144141 ~C_~K:  No, mada
06434 155054040164 150141164040 167157165154 144040142145 m, that would be
06440 040151154154 157147151143 141154056177 000012200600  illogical.~~~~~
06444 040040040040 040040040040 101116104040 122105115101         AND REMA
06450 111116123040 124110105122 105040123124 101116104111 INS THERE STANDI
06454 116107056051 011177177177 000001200600 011177177177 NG.)~~~~~~~~~~~~
06460 000023400600 011137010120 137010122137 010111137010 ~~~~~_~P_~R_~I_~
06464 132137010105 040137010102 137010117137 010117137010 Z_~E _~B_~O_~O_~
06470 102137010131 072040040127 150171077040 040102145143 B_~Y:  Why?  Bec
06474 141165163145 040171157165 047162145040 141040163143 ause you're a sc
06500 151145156143 145040157146 146151143145 162077177177 ience officer?~~
06504 000020400600 137010112137 010105137010 122137010113 ~~~~_~J_~E_~R_~K
06510 072040040124 150151163040 151163040114 164056040110 :  This is Lt. H
06514 165141162165 054040157165 162040143157 155155165156 uaru, our commun
06520 151143141164 151157156163 040157146146 151143145162 ications officer
06524 056011177177 000001200600 011177177177 000022200600 .~~~~~~~~~~~~~~~
06530 011137010112 137010117137 010103137010 113072040040 ~_~J_~O_~C_~K:  
06534 116157054040 142145143141 165163145040 142141142151 No, because babi
06540 145163040164 145156144040 164157040147 145164040164 es tend to get t
06544 150145040040 160162151156 164151156147 040040160162 he  printing  pr
06550 145163163145 163177177177 000020200600 137010120137 esses~~~~~~~_~P_
06554 010122137010 111137010132 137010105040 137010102137 ~R_~I_~Z_~E _~B_
06560 010117137010 117137010102 137010131072 040040110157 ~O_~O_~B_~Y:  Ho
06564 167040141162 145040171157 165077011040 040040040040 w are you?~     
06570 040040040155 145163163171 056177177177 000001200600    messy.~~~~~~~
06574 011177177177 000001200600 011177177177 000030000600 ~~~~~~~~~~~~~~~~
06600 137010110137 010125137010 101137010122 137010131137 _~H_~U_~A_~R_~Y_
06604 010125072040 040116157054 040110165141 162165056011 ~U:  No, Huaru.~
06610 137010120137 010122137010 111137010132 137010105040 _~P_~R_~I_~Z_~E 
06614 137010102137 010117137010 117137010102 137010131072 _~B_~O_~O_~B_~Y:
06620 040040127150 141164040141 142157165164 040167150145   What about whe
06624 156040164150 145171047162 145040157154 144145162077 n they're older?
06630 000001200600 011177177177 000001200600 011177177177 ~~~~~~~~~~~~~~~~
06634 000031400600 137010120137 010122137010 111137010132 ~~~~_~P_~R_~I_~Z
06640 137010105040 137010102137 010117137010 117137010102 _~E _~B_~O_~O_~B
06644 137010131072 040040111047 155040164150 145040120162 _~Y:  I'm the Pr
06650 151172145040 102157157142 171056011137 010112137010 ize Booby.~_~J_~
06654 117137010103 137010113072 040040124150 141164040151 O_~C_~K:  That i
06660 163040141040 160162145163 163151156147 040161165145 s a pressing que
06664 163164151157 156056177177 000001200600 011177177177 stion.~~~~~~~~~~
06670 000001200600 011177177177 000033400600 137010110137 ~~~~~~~~~~~~_~H_
06674 010125137010 101137010122 137010131137 010125072040 ~U_~A_~R_~Y_~U: 
06700 040123157047 163040164150 145040103141 160164141151  So's the Captai
06704 156056011137 010112137010 105137010122 137010113072 n.~_~J_~E_~R_~K:
06710 040040101156 144040164150 151163040151 163040114164   And this is Lt
06714 056040123165 162165054040 157165164040 160151154157 . Suru, out pilo
06720 164040141156 144040167145 141160157156 163040157146 t and weapons of
06724 146151143145 162056177177 000000000000 000014000455 ficer.~~~~~~~~~-
06730 000001200600 011177177177 000001200600 011177177177 ~~~~~~~~~~~~~~~~
06734 000033200600 137010120137 010122137010 111137010104 ~~~~_~P_~R_~I_~D
06740 137010105040 137010102137 010117137010 117137010102 _~E _~B_~O_~O_~B
06744 137010131072 040040111040 164150157165 147150164040 _~Y:  I thought 
06750 150145040167 141163040112 145162153056 011137010120 he was Jerk.~_~P
06754 137010122137 010111137010 104137010105 040137010102 _~R_~I_~D_~E _~B
06760 137010117137 010117137010 102137010131 072040040110 _~O_~O_~B_~Y:  H
06764 157167040144 157040171157 165040144157 077177177177 ow do you do?~~~
06770 000001200600 011177177177 000001200600 011177177177 ~~~~~~~~~~~~~~~~
06774 000021200600 137010110137 010125137010 101137010122 ~~~~_~H_~U_~A_~R
07000 137010131137 010125072040 040124150141 164040164157 _~Y_~U:  That to
07004 157056040040 127150157040 141162145040 171157165077 o.  Who are you?
07010 011137010123 137010125137 010122137010 125072040040 ~_~S_~U_~R_~U:  
07014 127150141164 077177177177 000001200600 011177177177 What?~~~~~~~~~~~
07020 000001200600 011177177177 000033000600 137010120137 ~~~~~~~~~~~~_~P_
07024 010122137010 111137010104 137010105040 137010102137 ~R_~I_~D_~E _~B_
07030 010117137010 117137010102 137010131072 040040111047 ~O_~O_~B_~Y:  I'
07034 155040164150 145040120162 151144145040 142157157142 m the Pride boob
07040 171054040150 145162040163 151163164145 162056011137 y, her sister.~_
07044 010120137010 122137010111 137010104137 010105040137 ~P_~R_~I_~D_~E _
07050 010102137010 117137010117 137010102137 010131072040 ~B_~O_~O_~B_~Y: 
07054 040120141162 144157156077 000001200600 011177177177  Pardon?~~~~~~~~
07060 000001200600 011177177177 000027400600 137010110137 ~~~~~~~~~~~~_~H_
07064 010125137010 101137010122 137010131137 010125072040 ~U_~A_~R_~Y_~U: 
07070 040111047155 040114164056 040110165141 162165056040  I'm Lt. Huaru. 
07074 040110157167 040141162145 040171157165 077011137010  How are you?~_~
07100 123137010125 137010122137 010125072040 040111040163 S_~U_~R_~U:  I s
07104 141171054040 042131157165 047162145040 160141162144 ay, "You're pard
07110 157156145144 056042177177 000001200600 011177177177 oned."~~~~~~~~~~
07114 000001200600 011177177177 000001200600 011177177177 ~~~~~~~~~~~~~~~~
07120 000001200600 011177177177 000001200600 011177177177 ~~~~~~~~~~~~~~~~
07124 000001200600 011177177177 000037200600 040040040040 ~~~~~~~~~~~~    
07130 040040040040 101103124040 111040123103 105116105040     ACT I SCENE 
07134 111126040040 040040040040 040040040040 040040040040 IV              
07140 040040040040 040040040040 040040040040 040040040040                 
07144 040040040040 106101123123 011040040040 040040040040     FASS~       
07150 040101103124 040111040123 103105116105 040111126040  ACT I SCENE IV 
07154 040040040040 040040040040 040040040040 040040040040                 
07160 040040040040 040040040040 040040040040 040040040040                 
07164 040106101123 123177177177 000001200600 014177177177  FASS~~~~~~~~~~~
07170 000001200600 011177177177 000001200600 011177177177 ~~~~~~~~~~~~~~~~
07174 000037200600 040040040040 040040040040 106101123123 ~~~~        FASS
07200 040040040040 040040040040 040040040040 040040040040                 
07204 040040040055 040065040055 040040040040 040040040040    - 5 -        
07210 040040101103 124040111040 123103105116 105040111126   ACT I SCENE IV
07214 011040040040 040040040040 040106101123 123040040040 ~        FASS   
07220 040040040040 040040040040 040040040040 040040040040                 
07224 055040066040 055040040040 040040040040 040040040101 - 6 -          A
07230 103124040111 040123103105 116105040111 126177177177 CT I SCENE IV~~~
07234 000001200600 011177177177 000001200600 011177177177 ~~~~~~~~~~~~~~~~
07240 000001200600 011177177177 000030000600 137010120137 ~~~~~~~~~~~~_~P_
07244 010122137010 111137010132 137010105040 137010102137 ~R_~I_~Z_~E _~B_
07250 010117137010 117137010102 137010131072 040040127150 ~O_~O_~B_~Y:  Wh
07254 171077011137 010122137010 117137010102 137010124056 y?~_~R_~O_~B_~T.
07260 040137010102 137010122137 010101137010 123137010123  _~B_~R_~A_~S_~S
07264 137010111137 010105137010 122137010105 072040040101 _~I_~E_~R_~E:  A
07270 141141141141 141171171171 171171171056 000001200600 aaaaayyyyyy.~~~~
07274 011177177177 000001200600 011177177177 000031200600 ~~~~~~~~~~~~~~~~
07300 137010123137 010125137010 122137010125 072040040123 _~S_~U_~R_~U:  S
07304 150145040141 163153145144 040155145056 011137010112 he asked me.~_~J
07310 137010105137 010122137010 113072040040 117165162040 _~E_~R_~K:  Our 
07314 040145156147 151156145145 162151156147 040157146146  engineering off
07320 151143145162 054040115162 056040123160 157164054040 icer, Mr. Spot, 
07324 151163040156 157164040150 145162145040 162151147150 is not here righ
07330 164177177177 000020200600 011040040040 040040040040 t~~~~~~~~       
07334 040156157167 056040040127 145047154154 040142145040  now.  We'll be 
07340 160151143153 151156147040 150151155040 040165160040 picking him  up 
07344 040154141164 145162056040 040040101156 144040040111  later.   And  I
07350 054040040157 146177177177 000015400600 011040040040 ,  of~~~~~~~~   
07354 040040040040 040143157165 162163145054 040141155040      course, am 
07360 103141160164 141151156040 112145162153 054040141164 Captain Jerk, at
07364 040171157165 162040163145 162166151143 145056177177  your service.~~
07370 000012000600 137010120137 010122137010 111137010104 ~~~~_~P_~R_~I_~D
07374 137010105040 137010102137 010117137010 117137010102 _~E _~B_~O_~O_~B
07400 137010131072 040040127150 141164077011 000001200600 _~Y:  What?~~~~~
07404 011177177177 010112137010 105137010122 137010113072 ~~~~~J_~E_~R_~K:
07410 040040101156 144040164150 151163040151 163040114164   And this is Lt
07414 056040123165 162165054040 157165164040 160151154157 . Suru, out pilo
07420 164040141156 144040167145 141160157156 163040157146 t and weapons of
07424 146151143145 162056177177 000000000000              ficer.~~~~~~    
