000057: len 000001 (     1) [200600    ] "\t\177\177\177"
000061: len 000037 (    31) [200600    ] "        FASS                   - 1 -           ACT I SCENE 0\tFASS                       - 1 -               ACT I SCENE I\177\177\177"
000121: len 000001 (     1) [200600    ] "\t\177\177\177"
000123: len 000001 (     1) [200600    ] "\t\177\177\177"
000125: len 000001 (     1) [200600    ] "\t\177\177\177"
000127: len 000015 (    13) [600600    ] "        Act 1 Scene 0\tAct 1, Scene 1 - Closing Song\177"
000145: len 000001 (     1) [200600    ] "\t\177\177\177"
000147: len 000031 (    25) [400600    ] "        (AN EXTENDED ROUTINE BEFORE THE OPENING OF THE  SHOW\t*************************************\177\177"
000201: len 000031 (    25) [400600    ] "        -  A  PERSON  APPEARS ON STAGE GIVING THE IMPRESSION\t***to the tune of \"Comedy Tonight\"***\177\177"
000233: len 000031 (    25) [400600    ] "        THAT HE HAS AN ANNOUNCEMENT TO MAKE -  WHEN  HE  HAS\t*************************************\177\177"
000265: len 000031 (    25) [000600    ] "        THE  AUDIENCE'S  ATTENTION  (AND  WAITS  A  BEAT) HE\tSomething amusing, something confusing,"
000317: len 000022 (    18) [600600    ] "        LEAVES IN SILENCE)\tSomething for everyone:  a travesty tonight;\177"
000342: len 000015 (    13) [000600    ] "\tSome things are aimless, some things are shameless,"
000360: len 000016 (    14) [000600    ] "        fin\tSomething for everyone:  a travesty tonight;"
000377: len 000012 (    10) [600600    ] "\tNothing that's dense, nothing intense;\177"
000412: len 000012 (    10) [600600    ] "\tNothing that even seems to make sense.\177"
000425: len 000014 (    12) [000600    ] "\tSome jokes are oldies, some jokes are mouldies,"
000442: len 000012 (    10) [200600    ] "\tWritten by folks who couldn't write,\177\177\177"
000455: len 000011 (     9) [600600    ] "\tComedy tomorrow, travesty tonight.\177"
000467: len 000001 (     1) [200600    ] "\t\177\177\177"
000471: len 000014 (    12) [400600    ] "\tSome parts are gifted, some parts are lifted,\177\177"
000506: len 000014 (    12) [200600    ] "\tSomething from everyone, a travesty tonight.\177\177\177"
000530: len 000004 (     4) [600600    ] "\tNum, num, etc.\177"
000535: len 000015 (    13) [400600    ] "\tSomething num, num, num, num, a travesty tonight.\177\177"
000553: len 000013 (    11) [600600    ] "\tSomething verbose, something that's gross,\177"
000567: len 000010 (     8) [000600    ] "\tEven the acting seems comatose."
000600: len 000011 (     9) [200600    ] "\tOld situations, Serbo-Croatians,\177\177\177"
000612: len 000010 (     8) [200600    ] "\tEthnic minorities delight...\177\177\177"
000623: len 000012 (    10) [400600    ] "\tPrejudice tomorrow, travesty tonight.\177\177"
000636: len 000001 (     1) [200600    ] "\t\177\177\177"
000640: len 000016 (    14) [200600    ] "\tSomething that's foolish, something that's ghoulish,\177\177\177"
000657: len 000013 (    11) [400600    ] "\tSomething insidious:  a travesty tonight.\177\177"
000673: len 000015 (    13) [400600    ] "\tSomething that's tricky, something that's sticky,\177\177"
000711: len 000013 (    11) [600600    ] "\tSomething perfidious:  a travesty tonight.\177"
000725: len 000012 (    10) [600600    ] "\tNothing obscene, nothing that's clean,\177"
000740: len 000011 (     9) [600600    ] "\tAll of the humour fits in between,\177"
000752: len 000015 (    13) [200600    ] "\tWe're out for laughter, that's what we're after,\177\177\177"
000770: len 000012 (    10) [400600    ] "\tWe hope that you will prove us right,\177\177"
001003: len 000011 (     9) [600600    ] "\tComedy tomorrow, travesty tonight.\177"
001015: len 000001 (     1) [200600    ] "\t\177\177\177"
001017: len 000001 (     1) [000600    ] "\tfin"
001021: len 000001 (     1) [200600    ] "\t\177\177\177"
001023: len 000001 (     1) [200600    ] "\t\177\177\177"
001025: len 000001 (     1) [200600    ] "\t\177\177\177"
001027: len 000001 (     1) [200600    ] "\t\177\177\177"
001031: len 000001 (     1) [200600    ] "\t\177\177\177"
001033: len 000001 (     1) [200600    ] "\t\177\177\177"
001035: len 000001 (     1) [200600    ] "\t\177\177\177"
001037: len 000001 (     1) [200600    ] "\t\177\177\177"
001041: len 000001 (     1) [200600    ] "\t\177\177\177"
001043: len 000001 (     1) [200600    ] "\t\177\177\177"
001045: len 000001 (     1) [200600    ] "\t\177\177\177"
001047: len 000001 (     1) [200600    ] "\t\177\177\177"
001051: len 000001 (     1) [200600    ] "\t\177\177\177"
001053: len 000001 (     1) [200600    ] "\t\177\177\177"
001055: len 000001 (     1) [200600    ] "\t\177\177\177"
001057: len 000001 (     1) [200600    ] "\t\177\177\177"
001061: len 000001 (     1) [200600    ] "\t\177\177\177"
001063: len 000037 (    31) [200600    ] "        ACT I SCENE 0                                   FASS\tACT I SCENE I                                           FASS\177\177\177"
001123: len 000001 (     1) [200600    ] "\f\177\177\177"
001125: len 000001 (     1) [200600    ] "\t\177\177\177"
001127: len 000001 (     1) [200600    ] "\t\177\177\177"
001131: len 000037 (    31) [200600    ] "        FASS                   - 1 -          ACT I SCENE II\t        FASS                   - 1 -         ACT I SCENE III\177\177\177"
001171: len 000001 (     1) [200600    ] "\t\177\177\177"
001173: len 000001 (     1) [200600    ] "\t\177\177\177"
001175: len 000001 (     1) [200600    ] "\t\177\177\177"
001177: len 000024 (    20) [400600    ] "        Act 1, Scene 2 - Station Identification\t        Act 1, Scene 3 - Intro\177\177"
001224: len 000001 (     1) [200600    ] "\t\177\177\177"
001230: len 000020 (    16) [200600    ] "\t        (BLACK  STAGE.  SHIP  MODEL  SWINGING  ON  A  STRING\177\177\177"
001251: len 000046 (    38) [000600    ] "_\bS_\bT_\bE_\bV_\bE _\bH_\bU_\bL_\bL _\bT_\bH_\bE _\bW_\bR_\bI_\bT_\bE_\bR:   You  have  been  watching FASS '77,\t        ILLUMINATED BY A SPOT.  STAR TREK THEME BEGINS)"
001320: len 000020 (    16) [200600    ] "        starring Judy  Garland  and  Mickey  Rooney  as  two\t\177\177\177"
001341: len 000020 (    16) [200600    ] "        lovable  young  kids  who put on a show in their own\t\177\177\177"
001362: len 000041 (    33) [200600    ] "        backyard in order to raise enough money to  buy  two\t_\bJ_\bE_\bR_\bK:  Farce: the final frontier. These are the  voyages  of\177\177\177"
001424: len 000037 (    31) [200600    ] "        one-way tickets to Rio de Janeiro. Tune in next week\t        the  starship  Satirize; its five year mission (four\177\177\177"
001464: len 000037 (    31) [200600    ] "        for Holiday in Rio, starring Judy Rooney and  Mickey\t        year honours, three year general) to explore strange\177\177\177"
001524: len 000037 (    31) [200600    ] "        Garland  as  two lovable young embezzlers travelling\t        new  subjects,  to seek out night life and new liba-\177\177\177"
001564: len 000036 (    30) [600600    ] "        under assumed names who try to open a chain of  taco\t        tions, to blindly go where no man has gone before.\177"
001623: len 000020 (    16) [200600    ] "        stands in the primordial rain forests of the Amazon.\t\177\177\177"
001644: len 000037 (    31) [200600    ] "        And  now  we  interrupt  our   regularly   scheduled\t        (LIGHTS UP ON JERK IN CAPTAIN'S CHAIR CHISELLING  ON\177\177\177"
001704: len 143145 ( 50789) [156145 +* ] "cene 2 - Station Identification\t        Act 1, Scene 3 - Intro\177\177"
001724: len 000001 (     1) [200600    ] "\t\177\177\177"
001730: len 000037 (    31) [200600    ] "        programming  to  bring  you three hours of technical\t        LOG AND DODGING THE SHIP AS IT SWINGS ON THE STRING)\177\177\177"
001770: len 000011 (     9) [200600    ] "        difficulties. Thank you.\t\177\177\177"
002002: len 000001 (     1) [200600    ] "\t\177\177\177"
002004: len 000022 (    18) [200600    ] "\t_\bJ_\bE_\bR_\bK:  Captain's  log,  stardate...uh...  today.   The   IUD\177\177\177"
002027: len 000034 (    28) [400600    ] "_\bA_\bN_\bN_\bO_\bU_\bN_\bC_\bE_\bR _\b2:  You're welcome.\t        Satirize  has been granted a great honour: to escort\177\177"
002064: len 000020 (    16) [200600    ] "\t        their serene cleavages, the Prize and the  Pride  of\177\177\177"
002105: len 000022 (    18) [000600    ] "        fin\t        the  planet  Booby,  to  a meeting of OSPEC, the Or-"
002130: len 000020 (    16) [200600    ] "\t        ganization  of  Silicon  Producing   and   Exporting\177\177\177"
002151: len 000020 (    16) [200600    ] "\t        Civilizations.  It  is  imperative  that  we win the\177\177\177"
002172: len 000020 (    16) [200600    ] "\t        Boobies' support, for without their vast reserves of\177\177\177"
002213: len 000020 (    16) [200600    ] "\t        silicon  the Galactic Pederasty will quickly deplete\177\177\177"
002234: len 000020 (    16) [200600    ] "\t        its existing supplies of silicon-based fuels. (CALLS\177\177\177"
002255: len 000020 (    16) [200600    ] "\t        OFFSTAGE)  File  this,  Yeoman, and don't let Spotty\177\177\177"
002276: len 000020 (    16) [200600    ] "\t        get his hands on it; last week he burned  a  month's\177\177\177"
002317: len 000020 (    16) [200600    ] "\t        worth  of  records  in his blasted engines.  Oh, and\177\177\177"
002340: len 000020 (    16) [200600    ] "\t        get me another chisel - I think this  one's  running\177\177\177"
002361: len 000004 (     4) [200600    ] "\t        out.\177\177\177"
002366: len 000001 (     1) [200600    ] "\t\177\177\177"
002370: len 000020 (    16) [200600    ] "\t        (LIGHTS   DOWN   ON  JERK  AND  UP  ON  BOOBIES  AND\177\177\177"
002411: len 000010 (     8) [000600    ] "\t        EXPENDABLE CREW MEMBER)"
002422: len 000001 (     1) [200600    ] "\t\177\177\177"
002424: len 000001 (     1) [200600    ] "\t\177\177\177"
002430: len 000021 (    17) [600600    ] "\t_\bE_\bC_\bM:  Come  along,  your ladyships, the Satirize is ready to\177"
002452: len 000020 (    16) [200600    ] "\t        go as soon as you're abroad - I mean  aboard.  We've\177\177\177"
002473: len 000020 (    16) [200600    ] "\t        gone  to  no  expense  to make this a very memorable\177\177\177"
002514: len 000010 (     8) [400600    ] "\t        trip, your Ladyships.\177\177"
002525: len 000001 (     1) [200600    ] "\t\177\177\177"
002527: len 000001 (     1) [200600    ] "\t\177\177\177"
002531: len 000025 (    21) [200600    ] "\t_\bP_\bR_\bI_\bZ_\bE _\bB_\bO_\bO_\bB_\bY:   I'll enjoy the trip  much more if you'll stop\177\177\177"
002557: len 000020 (    16) [200600    ] "\t        saying \"your Ladyships\". Call me the Prize Booby, as\177\177\177"
002600: len 000011 (     9) [400600    ] "\t        all my loyal subjects do.\177\177"
002612: len 000001 (     1) [200600    ] "\t\177\177\177"
002614: len 000001 (     1) [200600    ] "\t\177\177\177"
002616: len 000023 (    19) [000600    ] "\t_\bP_\bR_\bI_\bD_\bE _\bB_\bO_\bO_\bB_\bY:  Yes, and you can call me the Pride Booby."
002642: len 000001 (     1) [200600    ] "\t\177\177\177"
002644: len 000001 (     1) [200600    ] "\t\177\177\177"
002646: len 000001 (     1) [200600    ] "\t\177\177\177"
002650: len 000001 (     1) [200600    ] "\t\177\177\177"
002652: len 000001 (     1) [200600    ] "\t\177\177\177"
002654: len 000001 (     1) [200600    ] "\t\177\177\177"
002656: len 000037 (    31) [200600    ] "        ACT I SCENE II                                  FASS\t        ACT I SCENE III                                 FASS\177\177\177"
002716: len 000001 (     1) [200600    ] "\f\177\177\177"
002720: len 000001 (     1) [200600    ] "\t\177\177\177"
002722: len 000001 (     1) [200600    ] "\t\177\177\177"
002724: len 000037 (    31) [200600    ] "        FASS                   - 2 -         ACT I SCENE III\t        FASS                   - 3 -         ACT I SCENE III\177\177\177"
002764: len 000001 (     1) [200600    ] "\t\177\177\177"
002766: len 000001 (     1) [200600    ] "\t\177\177\177"
002770: len 000001 (     1) [200600    ] "\t\177\177\177"
002772: len 000051 (    41) [200600    ] "_\bP_\bR_\bI_\bZ_\bE _\bB_\bO_\bO_\bB_\bY:  Hush up, Pride. You're boring  when  you  gush\t_\bP_\bR_\bI_\bD_\bE _\bB_\bO_\bO_\bB_\bY:  By gosh, the Prize is right! Oil bet we make a\177\177\177"
003044: len 000021 (    17) [000600    ] "        so.\t        million. I'm glad I'm part of this Big Red Team."
003066: len 000001 (     1) [200600    ] "\t\177\177\177"
003070: len 000001 (     1) [200600    ] "\t\177\177\177"
003072: len 040040 ( 16416) [040040 +* ] "     (LIGHTS   DOWN   ON  JERK  AND  UP  ON  BOOBIES  AND\177\177\177"
003111: len 000010 (     8) [000600    ] "\t        EXPENDABLE CREW MEMBER)"
003122: len 000001 (     1) [200600    ] "\t\177\177\177"
003124: len 000001 (     1) [200600    ] "\t\177\177\177"
003130: len 000045 (    37) [600600    ] "_\bP_\bR_\bI_\bD_\bE _\bB_\bO_\bO_\bB_\bY:  When I gush?! Look at  Old  Faithful  spouting\t_\bE_\bC_\bM:  If you ladies are quite ready, we had breast -  uhh  -\177"
003176: len 000016 (    14) [200600    ] "        off.\t        bust - uhh - BEST be on our way.\177\177\177"
003215: len 000001 (     1) [200600    ] "\t\177\177\177"
003217: len 000016 (    14) [400600    ] "\t        (LIGHTS FADE TO THE SOUND OF THE TRANSPORTER)\177\177"
003236: len 000017 (    15) [200600    ] "_\bP_\bR_\bI_\bZ_\bE _\bB_\bO_\bO_\bB_\bY:  Now look here, you bi-\t\177\177\177"
003256: len 000003 (     3) [000600    ] "\t        fin"
003262: len 000001 (     1) [200600    ] "\t\177\177\177"
003264: len 000021 (    17) [600600    ] "_\bE_\bC_\bM:  Ladies,  please!  Don't fight. There's no need for it.\t\177"
003306: len 000020 (    16) [200600    ] "        Now kiss and make up. (THEY HESITATE) After all, how\t\177\177\177"
003327: len 000020 (    16) [200600    ] "        do  you  think this looks to your loyal subjects and\t\177\177\177"
003350: len 000005 (     5) [400600    ] "        admirers?\t\177\177"
003356: len 000001 (     1) [200600    ] "\t\177\177\177"
003360: len 000011 (     9) [400600    ] "        (PRIZE AND PRIDE EMBRACE)\t\177\177"
003372: len 000001 (     1) [200600    ] "\t\177\177\177"
003374: len 000017 (    15) [200600    ] "        Isn't that nice: Prize and Pride together again!\t\177\177\177"
003414: len 000001 (     1) [200600    ] "\t\177\177\177"
003416: len 000001 (     1) [200600    ] "\t\177\177\177"
003420: len 000022 (    18) [600600    ] "_\bP_\bR_\bI_\bD_\bE _\bB_\bO_\bO_\bB_\bY:  Are you sure this trip is necessary?\t\177"
003443: len 000001 (     1) [200600    ] "\t\177\177\177"
003445: len 000001 (     1) [200600    ] "\t\177\177\177"
003447: len 000025 (    21) [200600    ] "_\bP_\bR_\bI_\bZ_\bE _\bB_\bO_\bO_\bB_\bY:  Necessary? It's vital! These people  need  our\t\177\177\177"
003475: len 000020 (    16) [200600    ] "        silicon  to  keep their spacecraft going and we need\t\177\177\177"
003516: len 000020 (    16) [200600    ] "        their money to keep our planet going.  No one  knows\t\177\177\177"
003537: len 000020 (    16) [200600    ] "        the  size  of our reserves, so we've got to play our\t\177\177\177"
003560: len 000020 (    16) [200600    ] "        cards close to our chests. Think of what we  can  do\t\177\177\177"
003601: len 000020 (    16) [200600    ] "        for our planet with the money we make: modernize in-\t\177\177\177"
003622: len 000001 (     1) [200600    ] "\t\177\177\177"
003624: len 000001 (     1) [200600    ] "\t\177\177\177"
003630: len 000020 (    16) [200600    ] "        dustry, keep abreast of the latest  advances.  Thank\t\177\177\177"
003651: len 000011 (     9) [600600    ] "        God for the energy crisis!\t\177"
003663: len 000001 (     1) [200600    ] "\t\177\177\177"
003665: len 000001 (     1) [200600    ] "\t\177\177\177"
003667: len 000025 (    21) [200600    ] "_\bP_\bR_\bI_\bD_\bE _\bB_\bO_\bO_\bB_\bY:  You realize that some of their  planets  think\t\177\177\177"
003715: len 000020 (    16) [200600    ] "        that  the  OSPEC planets made up this crisis so that\t\177\177\177"
003736: len 000012 (    10) [400600    ] "        we could inflate our profits?\t\177\177"
003751: len 000001 (     1) [200600    ] "\t\177\177\177"
003753: len 000001 (     1) [200600    ] "\t\177\177\177"
003755: len 000025 (    21) [200600    ] "_\bP_\bR_\bI_\bZ_\bE _\bB_\bO_\bO_\bB_\bY:  Bullcookies! How could small planets like ours\t\177\177\177"
004003: len 000020 (    16) [200600    ] "        create such a shortage?   The  planet  Booby  stands\t\177\177\177"
004024: len 000020 (    16) [200600    ] "        Humble,  its  Standard  waving  across  the  Gulf of\t\177\177\177"
004045: len 000020 (    16) [200600    ] "        space. Our Shell of a planet lies open to its  Mobil\t\177\177\177"
004066: len 000020 (    16) [200600    ] "        enemies,  eager  as  Beavers  to Gain our resources.\t\177\177\177"
004107: len 000020 (    16) [200600    ] "        Lies I say! This  falsehood  shall  be  exposed!  We\t\177\177\177"
004130: len 000020 (    16) [200600    ] "        shall  be  Exxonerated!   Let  our silicon provide a\t\177\177\177"
004151: len 000014 (    12) [200600    ] "        Starburst of Bonuses for our planet.\t\177\177\177"
004166: len 000001 (     1) [200600    ] "\t\177\177\177"
004170: len 000001 (     1) [200600    ] "\t\177\177\177"
004172: len 000001 (     1) [200600    ] "\t\177\177\177"
004174: len 000001 (     1) [200600    ] "\t\177\177\177"
004176: len 000001 (     1) [200600    ] "\t\177\177\177"
004200: len 000001 (     1) [200600    ] "\t\177\177\177"
004202: len 000037 (    31) [200600    ] "        ACT I SCENE III                                 FASS\t        ACT I SCENE III                                 FASS\177\177\177"
004242: len 000001 (     1) [200600    ] "\f\177\177\177"
004244: len 000001 (     1) [200600    ] "\t\177\177\177"
004246: len 000001 (     1) [200600    ] "\t\177\177\177"
004250: len 000037 (    31) [200600    ] "        FASS                   - 1 -          ACT I SCENE IV\t        FASS                   - 2 -          ACT I SCENE IV\177\177\177"
004310: len 000001 (     1) [200600    ] "\t\177\177\177"
004312: len 000001 (     1) [200600    ] "\t\177\177\177"
004314: len 000001 (     1) [200600    ] "\t\177\177\177"
004316: len 157144 ( 56932) [145162 +* ] "odernize in-\t\177\177\177"
004322: len 000001 (     1) [200600    ] "\t\177\177\177"
004324: len 000001 (     1) [200600    ] "\t\177\177\177"
004330: len 000036 (    30) [000600    ] "        Act 1, Scene 4 - The Bridge\t_\bT_\bH_\bE _\bR_\bE_\bA_\bL _\bM_\bC_\bC_\bO_\bY:  It's not much of a cough. (HE LAUGHS,  CREW"
004367: len 000012 (    10) [200600    ] "\t        IS STONE SILENT: HE STIFLES)\177\177\177"
004402: len 000020 (    16) [200600    ] "        (LIGHTS UP ON BRIDGE: JERK IN  HIS  CHAIR,  MCINTOSH\t\177\177\177"
004423: len 000020 (    16) [200600    ] "        STANDING  BESIDE HIM, HUARYU AT HER CONSOLE, JOCK AT\t\177\177\177"
004444: len 000037 (    31) [200600    ] "        HIS, SURU ON HIS 'MOTORCYCLE' CONSOLE  WITH  TOLSTOY\t_\bJ_\bE_\bR_\bK:  All right, people, that's enough. Cut it out!\177\177\177"
004504: len 000007 (     7) [400600    ] "        IN THE 'SIDECAR')\t\177\177"
004514: len 000001 (     1) [200600    ] "\t\177\177\177"
004516: len 000023 (    19) [600600    ] "\t_\bT_\bO_\bL_\bS_\bT_\bO_\bY:  Thyet's Dr. Macintosh's job,  Kyeptin. (HE LAUGHS,\177"
004542: len 000011 (     9) [200600    ] "_\bE_\bC_\bM:  Ahem.\t        IBID. )\177\177\177"
004554: len 000001 (     1) [200600    ] "\t\177\177\177"
004556: len 000007 (     7) [200600    ] "        (NO ONE NOTICES)\t\177\177\177"
004566: len 000021 (    17) [000600    ] "\t_\bJ_\bE_\bR_\bK:  Hold it right there, Ensign! (HAND OVER EYES) Oh,no!"
004610: len 000001 (     1) [200600    ] "\t\177\177\177"
004612: len 000017 (    15) [200600    ] "_\bH_\bU_\bA_\bR_\bY_\bU:  Ready to leave orbit, Captain Jerk.\t\177\177\177"
004632: len 000016 (    14) [000600    ] "\t_\bT_\bO_\bL_\bS_\bT_\bO_\bY:  And now I'll hold it over here!"
004651: len 000001 (     1) [200600    ] "\t\177\177\177"
004653: len 000020 (    16) [000600    ] "_\bJ_\bE_\bR_\bK:  Thank you, Lt. Huaryu.\t        (GENERAL LAUGHTER)"
004674: len 000001 (     1) [200600    ] "\t\177\177\177"
004676: len 000001 (     1) [200600    ] "\t\177\177\177"
004700: len 000034 (    28) [400600    ] "_\bH_\bU_\bA_\bR_\bY_\bU:  (LOOKS PUZZLED) I'm Lt. Huaryu, Captain.\t_\bJ_\bE_\bR_\bK:  (TO ECM) By the way, who are you?\177\177"
004735: len 000001 (     1) [200600    ] "\t\177\177\177"
004737: len 000001 (     1) [200600    ] "\t\177\177\177"
004741: len 000032 (    26) [600600    ] "_\bJ_\bE_\bR_\bK:  I should think you'd know who I was after  all  we've\t_\bH_\bU_\bA_\bR_\bY_\bU:  Yes, Captain?\177"
004774: len 000012 (    10) [600600    ] "        been through together, Huaryu!\t\177"
005007: len 000001 (     1) [200600    ] "\t\177\177\177"
005015: len 011177 (  4735) [177177 +* ] "\t\177\177\177odernize in-\t\177\177\177"
005022: len 000001 (     1) [200600    ] "\t\177\177\177"
005024: len 000001 (     1) [200600    ] "\t\177\177\177"
005030: len 000022 (    18) [200600    ] "\t_\bJ_\bE_\bR_\bK:  No,  no, no, not you. (JUMPS UP AND DOWN, POINTING TO\177\177\177"
005053: len 000032 (    26) [200600    ] "_\bH_\bU_\bA_\bR_\bY_\bU:  You know who I am, and let's not broadcast all over\t        ECM) Him, him, hymn!\177\177\177"
005106: len 000013 (    11) [400600    ] "        subspace what we've been through.\t\177\177"
005122: len 000001 (     1) [200600    ] "\t\177\177\177"
005124: len 000016 (    14) [400600    ] "\t_\bS_\bU_\bR_\bU:  How about \"Onward Christian Soldiers\"?\177\177"
005143: len 000017 (    15) [600600    ] "_\bJ_\bO_\bC_\bK:  (CHANGING THE SUBJECT) Course calculated...\t\177"
005163: len 000020 (    16) [000600    ] "\t_\bT_\bO_\bL_\bS_\bT_\bO_\bY:  Oh boy, charades! Sounds like... joint."
005204: len 000001 (     1) [200600    ] "\t\177\177\177"
005206: len 000017 (    15) [200600    ] "_\bT_\bO_\bL_\bS_\bT_\bO_\bY:  ....and pre-registered, Kyeptin.\t\177\177\177"
005226: len 000011 (     9) [600600    ] "\t_\bJ_\bE_\bR_\bK:  Aaaaaaaaaarrrrrrgh!\177"
005240: len 000001 (     1) [200600    ] "\t\177\177\177"
005242: len 000021 (    17) [600600    ] "_\bE_\bC_\bM:  (HAS BEEN CLEARING HIS THROAT WITH  INCREASING  VIGOUR\t\177"
005264: len 000035 (    29) [600600    ] "        THROUGHOUT THIS DISCOURSE) Ahem, ahem!\t_\bJ_\bO_\bC_\bK:  Joint  - scream - it's obvious: a joint gets you high\177"
005322: len 000020 (    16) [200600    ] "\t        and a scream is a high-pitched vocalism of little or\177\177\177"
005343: len 000020 (    16) [200600    ] "\t        no  meaning.   Obviously he's trying to tell us that\177\177\177"
005364: len 000041 (    33) [200600    ] "_\bJ_\bE_\bR_\bK:  Wha..? Say, that's a nasty cough  you've  got  there.\t        he's stoned  and  doesn't  know  what  he's  saying.\177\177\177"
005426: len 000036 (    30) [000600    ] "        Doctor Macintosh, give him something for his cough.\t        Really Captain, I'm ashamed; a man in your position!"
005465: len 000001 (     1) [200600    ] "\t\177\177\177"
005467: len 000020 (    16) [200600    ] "\t        (JERK,  ANGUISHED TO THE POINT OF BEING ON HIS KNEES\177\177\177"
005510: len 011177 (  4735) [177177 +* ] "\t\177\177\177\t\177\177\177"
005512: len 000001 (     1) [200600    ] "\t\177\177\177"
005514: len 000001 (     1) [200600    ] "\t\177\177\177"
005516: len 157144 ( 56932) [145162 +* ] "odernize in-\t\177\177\177"
005522: len 000001 (     1) [200600    ] "\t\177\177\177"
005524: len 000001 (     1) [200600    ] "\t\177\177\177"
005530: len 000042 (    34) [000600    ] "_\bT_\bH_\bE _\bR_\bE_\bA_\bL _\bM_\bC_\bC_\bO_\bY:  Sure thing, Jim. Here's a quarter.\t        AND HOLDING HIS FACE, SUDDENLY LEAPS UP,  GRABS  ECM"
005573: len 000012 (    10) [400600    ] "\t        BY THE THROAT AND SHAKES HIM)\177\177"
005606: len 000001 (     1) [200600    ] "\t\177\177\177"
005610: len 000012 (    10) [400600    ] "_\bH_\bU_\bA_\bR_\bY_\bU:  That's not much.\t\177\177"
005623: len 000022 (    18) [200600    ] "\t_\bJ_\bE_\bR_\bK:  What - is - your - name? Why - are - you - here? What\177\177\177"
005646: len 000011 (     9) [600600    ] "\t        - is - this - all - about?\177"
005660: len 000001 (     1) [200600    ] "\t\177\177\177"
005662: len 000001 (     1) [200600    ] "\t\177\177\177"
005664: len 000001 (     1) [200600    ] "\t\177\177\177"
005666: len 000037 (    31) [200600    ] "        ACT I SCENE IV                                  FASS\t        ACT I SCENE IV                                  FASS\177\177\177"
005726: len 000001 (     1) [200600    ] "\f\177\177\177"
005730: len 000001 (     1) [200600    ] "\t\177\177\177"
005732: len 000001 (     1) [200600    ] "\t\177\177\177"
005734: len 000037 (    31) [200600    ] "        FASS                   - 3 -          ACT I SCENE IV\t        FASS                   - 4 -          ACT I SCENE IV\177\177\177"
005774: len 000001 (     1) [200600    ] "\t\177\177\177"
005776: len 000001 (     1) [200600    ] "\t\177\177\177"
006000: len 000001 (     1) [200600    ] "\t\177\177\177"
006002: len 000036 (    30) [200600    ] "_\bE_\bC_\bM:  (ON HIS KNEES, CHOKING) It's (GASP) Howdy Booby time!\t_\bP_\bR_\bI_\bZ_\bE _\bB_\bO_\bO_\bB_\bY:  What an odd name.\177\177\177"
006041: len 000001 (     1) [200600    ] "\t\177\177\177"
006043: len 000016 (    14) [200600    ] "        (JERK RELEASES ECM, WHO COLLAPSES IN A HEAP)\t\177\177\177"
006062: len 000007 (     7) [600600    ] "\t_\bH_\bU_\bA_\bR_\bY_\bU:  What?\177"
006072: len 000001 (     1) [200600    ] "\t\177\177\177"
006074: len 000022 (    18) [200600    ] "_\bJ_\bE_\bR_\bK:  What?  Oh,  my God, they're here; and this place is a\t\177\177\177"
006117: len 000033 (    27) [200600    ] "        mess! Quick, Suru, set phasers on dust.   Prize  and\t_\bP_\bR_\bI_\bZ_\bE _\bB_\bO_\bO_\bB_\bY:  No, Huaru.\177\177\177"
006153: len 000007 (     7) [000600    ] "        Pride ... together-\t"
006163: len 000020 (    16) [200600    ] "\t        (HUARU ATTEMPTS TO ANSWER, BUT THE CAPTAIN CUTS  HER\177\177\177"
006204: len 000004 (     4) [400600    ] "\t        OFF.)\177\177"
006215: len 011177 (  4735) [177177 +* ] "\t\177\177\177odernize in-\t\177\177\177"
006222: len 000001 (     1) [200600    ] "\t\177\177\177"
006224: len 000001 (     1) [200600    ] "\t\177\177\177"
006230: len 000025 (    21) [200600    ] "_\bP_\bR_\bI_\bD_\bE _\bB_\bO_\bO_\bB_\bY:  Skip it,  Captain,  we've  been  through  that\t\177\177\177"
006256: len 000004 (     4) [400600    ] "        once.\t\177\177"
006263: len 000020 (    16) [000600    ] "\t_\bJ_\bE_\bR_\bK:  Ah, this is our co-op Science officer, Mr. Jock."
006304: len 000001 (     1) [200600    ] "\t\177\177\177"
006306: len 000022 (    18) [200600    ] "_\bJ_\bE_\bR_\bK:  Your Boobyships, please.  Welcome aboard.  Let me in-\t\177\177\177"
006331: len 000031 (    25) [000600    ] "        troduce you to my crew.\t_\bP_\bR_\bI_\bZ_\bE _\bB_\bO_\bO_\bB_\bY:  Didn't you write a book on babies?"
006363: len 000001 (     1) [200600    ] "\t\177\177\177"
006365: len 000020 (    16) [200600    ] "        (AS  JERK INTRODUCES EVERYBODY, MACINTOSH MOVES FROM\t\177\177\177"
006406: len 000034 (    28) [600600    ] "        BESIDE THE CAPTAIN'S CHAIR,   EXAMINES  ECM  BRIEFLY\t_\bJ_\bO_\bC_\bK:  No, madam, that would be illogical.\177"
006443: len 000012 (    10) [200600    ] "        AND REMAINS THERE STANDING.)\t\177\177\177"
006456: len 000001 (     1) [200600    ] "\t\177\177\177"
006460: len 000023 (    19) [400600    ] "\t_\bP_\bR_\bI_\bZ_\bE _\bB_\bO_\bO_\bB_\bY:  Why?  Because you're a science officer?\177\177"
006504: len 000020 (    16) [400600    ] "_\bJ_\bE_\bR_\bK:  This is Lt. Huaru, our communications officer.\t\177\177"
006525: len 000001 (     1) [200600    ] "\t\177\177\177"
006527: len 000022 (    18) [200600    ] "\t_\bJ_\bO_\bC_\bK:  No, because babies tend to get the  printing  presses\177\177\177"
006552: len 000020 (    16) [200600    ] "_\bP_\bR_\bI_\bZ_\bE _\bB_\bO_\bO_\bB_\bY:  How are you?\t        messy.\177\177\177"
006573: len 000001 (     1) [200600    ] "\t\177\177\177"
006575: len 000001 (     1) [200600    ] "\t\177\177\177"
006577: len 000030 (    24) [000600    ] "_\bH_\bU_\bA_\bR_\bY_\bU:  No, Huaru.\t_\bP_\bR_\bI_\bZ_\bE _\bB_\bO_\bO_\bB_\bY:  What about when they're older?"
006630: len 000001 (     1) [200600    ] "\t\177\177\177"
006632: len 000001 (     1) [200600    ] "\t\177\177\177"
006634: len 000031 (    25) [400600    ] "_\bP_\bR_\bI_\bZ_\bE _\bB_\bO_\bO_\bB_\bY:  I'm the Prize Booby.\t_\bJ_\bO_\bC_\bK:  That is a pressing question.\177\177"
006666: len 000001 (     1) [200600    ] "\t\177\177\177"
006670: len 000001 (     1) [200600    ] "\t\177\177\177"
006672: len 000033 (    27) [400600    ] "_\bH_\bU_\bA_\bR_\bY_\bU:  So's the Captain.\t_\bJ_\bE_\bR_\bK:  And this is Lt. Suru, out pilot and weapons officer.\177\177"
006730: len 000001 (     1) [200600    ] "\t\177\177\177"
006732: len 000001 (     1) [200600    ] "\t\177\177\177"
006734: len 000033 (    27) [200600    ] "_\bP_\bR_\bI_\bD_\bE _\bB_\bO_\bO_\bB_\bY:  I thought he was Jerk.\t_\bP_\bR_\bI_\bD_\bE _\bB_\bO_\bO_\bB_\bY:  How do you do?\177\177\177"
006770: len 000001 (     1) [200600    ] "\t\177\177\177"
006772: len 000001 (     1) [200600    ] "\t\177\177\177"
006774: len 000021 (    17) [200600    ] "_\bH_\bU_\bA_\bR_\bY_\bU:  That too.  Who are you?\t_\bS_\bU_\bR_\bU:  What?\177\177\177"
007016: len 000001 (     1) [200600    ] "\t\177\177\177"
007020: len 000001 (     1) [200600    ] "\t\177\177\177"
007022: len 000033 (    27) [000600    ] "_\bP_\bR_\bI_\bD_\bE _\bB_\bO_\bO_\bB_\bY:  I'm the Pride booby, her sister.\t_\bP_\bR_\bI_\bD_\bE _\bB_\bO_\bO_\bB_\bY:  Pardon?"
007056: len 000001 (     1) [200600    ] "\t\177\177\177"
007060: len 000001 (     1) [200600    ] "\t\177\177\177"
007062: len 000027 (    23) [400600    ] "_\bH_\bU_\bA_\bR_\bY_\bU:  I'm Lt. Huaru.  How are you?\t_\bS_\bU_\bR_\bU:  I say, \"You're pardoned.\"\177\177"
007112: len 000001 (     1) [200600    ] "\t\177\177\177"
007114: len 000001 (     1) [200600    ] "\t\177\177\177"
007116: len 000001 (     1) [200600    ] "\t\177\177\177"
007120: len 000001 (     1) [200600    ] "\t\177\177\177"
007122: len 000001 (     1) [200600    ] "\t\177\177\177"
007124: len 000001 (     1) [200600    ] "\t\177\177\177"
007126: len 000037 (    31) [200600    ] "        ACT I SCENE IV                                  FASS\t        ACT I SCENE IV                                  FASS\177\177\177"
007166: len 000001 (     1) [200600    ] "\f\177\177\177"
007170: len 000001 (     1) [200600    ] "\t\177\177\177"
007172: len 000001 (     1) [200600    ] "\t\177\177\177"
007174: len 000037 (    31) [200600    ] "        FASS                   - 5 -          ACT I SCENE IV\t        FASS                   - 6 -          ACT I SCENE IV\177\177\177"
007234: len 000001 (     1) [200600    ] "\t\177\177\177"
007236: len 000001 (     1) [200600    ] "\t\177\177\177"
007240: len 000001 (     1) [200600    ] "\t\177\177\177"
007242: len 000030 (    24) [000600    ] "_\bP_\bR_\bI_\bZ_\bE _\bB_\bO_\bO_\bB_\bY:  Why?\t_\bR_\bO_\bB_\bT. _\bB_\bR_\bA_\bS_\bS_\bI_\bE_\bR_\bE:  Aaaaaayyyyyy."
007273: len 000001 (     1) [200600    ] "\t\177\177\177"
007275: len 000001 (     1) [200600    ] "\t\177\177\177"
007277: len 000031 (    25) [200600    ] "_\bS_\bU_\bR_\bU:  She asked me.\t_\bJ_\bE_\bR_\bK:  Our  engineering officer, Mr. Spot, is not here right\177\177\177"
007331: len 000020 (    16) [200600    ] "\t        now.  We'll be picking him  up  later.   And  I,  of\177\177\177"
007352: len 000015 (    13) [400600    ] "\t        course, am Captain Jerk, at your service.\177\177"
007370: len 000012 (    10) [000600    ] "_\bP_\bR_\bI_\bD_\bE _\bB_\bO_\bO_\bB_\bY:  What?\t"
007403: len 000001 (     1) [200600    ] "\t\177\177\177"
007405: len 010112 (  4170) [137010 +* ] "\bJ_\bE_\bR_\bK:  And this is Lt. Suru, out pilot and weapons officer.\177\177"