000045: len 000007 (     7) [400600    ] ".so jagardner/../fassmac.t\177\177"
000055: len 000007 (     7) [000600    ] ".bs 1 1 \"By Frosh, By Golly\""
000065: len 000006 (     6) [200600    ] ".na js JOE~SCHMOE JOE\177\177\177"
000074: len 000006 (     6) [000600    ] ".na pp PAUL~PLUMMER PAUL"
000103: len 000006 (     6) [000600    ] ".na bc BARBIE~CUE BARBIE"
000112: len 000007 (     7) [200600    ] ".na tt TINA~TURNOVER TINA\177\177\177"
000122: len 000006 (     6) [600600    ] ".na kd KENNY~DOIT KENNY\177"
000131: len 000006 (     6) [000600    ] ".na ja JERRY~ATRIC JERRY"
000140: len 000001 (     1) [600600    ] ".ld\177"
000142: len 000006 (     6) [200600    ] "(\"LIGHTS UP\" IN PAC.)\177\177\177"
000151: len 000001 (     1) [600600    ] ".ad\177"
000153: len 000015 (    13) [000600    ] "(UPBEAT INTRO MUSIC AS THE SIX CHARACTERS FIND THEIR"
000171: len 000023 (    19) [000600    ] "WAY ONTO THE STAGE, SELECT THEIR MIKES AND GET INTO POSITIONS, IN CHARACTER."
000215: len 000022 (    18) [000600    ] "WE MEET JERRY AND KENNY AT ONE SIDE OF THE STAGE, BARBIE AND TINA AT THE"
000240: len 000002 (     2) [600600    ] "OTHER.)\177"
000243: len 000002 (     2) [400600    ] ".ch kd\177\177"
000246: len 000002 (     2) [600600    ] "Oh boy!\177"
000251: len 000010 (     8) [200600    ] "They sure don't have anything\177\177\177"
000262: len 000011 (     9) [400600    ] "like this back home in Belleville!\177\177"
000274: len 000002 (     2) [400600    ] ".ch ja\177\177"
000277: len 000021 (    17) [200600    ] "From what I gather, they don't have anything like indoor plumbing\177\177\177"
000321: len 000005 (     5) [600600    ] "back in Belleville!\177"
000327: len 000002 (     2) [400600    ] ".ch kd\177\177"
000332: len 000002 (     2) [000600    ] "Oh yeah?"
000335: len 000010 (     8) [600600    ] "So where are you from, hotshot?\177"
000346: len 000002 (     2) [400600    ] ".ch ja\177\177"
000351: len 000005 (     5) [600600    ] "Spadina and Dundas.\177"
000357: len 000002 (     2) [400600    ] ".ch kd\177\177"
000362: len 000004 (     4) [200600    ] "Whatsamatter?\177\177\177"
000367: len 000007 (     7) [600600    ] "Couldn't make up your mind?\177"
000377: len 000001 (     1) [600600    ] ".ad\177"
000401: len 000006 (     6) [600600    ] "(ENTER JOE, DISTRESSED)\177"
000410: len 000002 (     2) [400600    ] ".ch js\177\177"
000413: len 000002 (     2) [000600    ] "Help me!"
000416: len 000002 (     2) [000600    ] "Hide me!"
000421: len 000002 (     2) [400600    ] ".ch kd\177\177"
000424: len 000004 (     4) [200600    ] "What's wrong?\177\177\177"
000431: len 000002 (     2) [400600    ] ".ch js\177\177"
000434: len 000023 (    19) [600600    ] "I'll do anything: finish your calculus homework, write your English essays,\177"
000460: len 000007 (     7) [200600    ] "fill out your OSAP forms!\177\177\177"
000470: len 000006 (     6) [200600    ] "Just hide me from... \177\177\177"
000477: len 000001 (     1) [600600    ] ".bf\177"
000501: len 000001 (     1) [000600    ] "him!"
000503: len 000001 (     1) [600600    ] ".ad\177"
000505: len 177177 ( 65151) [000000 D+*] "(JOE RUNS OFF, MAKING THE PATHETIC W\000\002\0000"
000520: len 000014 (    12) [400600    ] "(JOE RUNS OFF, MAKING THE PATHETIC WHIMPERS OF\177\177"
000535: len 000011 (     9) [000600    ] "A HUNTED ANIMAL SEARCHING FOR COVER."
000547: len 000014 (    12) [400600    ] "ENTER PAUL, HUMMING THE FAMOUS THEME: \"WE ARE,\177\177"
000564: len 000014 (    12) [400600    ] "WE ARE, WE ARE, WE ARE, WE ARE THE ENGINEERS\".\177\177"
000601: len 000011 (     9) [000600    ] "PAUL SPEAKS IN AN ELMER FUDD VOICE.)"
000613: len 000002 (     2) [400600    ] ".ch pp\177\177"
000616: len 000006 (     6) [400600    ] "Be vewwy, vewwy quiet!\177\177"
000625: len 000006 (     6) [400600    ] "I'm hunting...keeners!\177\177"
000634: len 000002 (     2) [400600    ] ".ch ja\177\177"
000637: len 000003 (     3) [000600    ] "An engineer!"
000643: len 000002 (     2) [400600    ] ".ch kd\177\177"
000646: len 000022 (    18) [200600    ] "You know, they wear those hardhats to make you think they have brains\177\177\177"
000671: len 000006 (     6) [200600    ] "they want to protect.\177\177\177"
000700: len 000002 (     2) [400600    ] ".ch pp\177\177"
000703: len 000002 (     2) [400600    ] "Quiet!\177\177"
000706: len 000011 (     9) [400600    ] "Have you seen a keener go by here?\177\177"
000720: len 000011 (     9) [200600    ] "I need one for my scavenger hunt!\177\177\177"
000732: len 000001 (     1) [600600    ] ".ad\177"
000734: len 000013 (    11) [400600    ] "(THEY POINT AWAY FROM WHERE POOR JOE FLED.\177\177"
000750: len 000004 (     4) [200600    ] "PAUL PURSUES.\177\177\177"
000755: len 000017 (    15) [400600    ] "WE NOTICE BARBIE AND TINA, BECAUSE THEY NOTICE PAUL GO BY.\177\177"
000775: len 000007 (     7) [000600    ] "BARBIE NOTICES, ESPECIALLY.)"
001005: len 000002 (     2) [400600    ] ".ch bc\177\177"
001010: len 000002 (     2) [600600    ] "Oh boy!\177"
001013: len 000017 (    15) [000600    ] "They sure don't have guys like that back home in Belleville!"
001033: len 000002 (     2) [400600    ] ".ch tt\177\177"
001036: len 000007 (     7) [200600    ] "Score one for Belleville.\177\177\177"
001046: len 000002 (     2) [400600    ] ".ch bc\177\177"
001051: len 000014 (    12) [200600    ] "I am talking about all the hunks around here.\177\177\177"
001066: len 000016 (    14) [400600    ] "Did you know Waterloo has four males for every female?\177\177"
001105: len 000002 (     2) [400600    ] ".ch tt\177\177"
001110: len 000013 (    11) [400600    ] "No wonder the guys are chasing each other.\177\177"
001124: len 000001 (     1) [600600    ] ".ad\177"
001126: len 000012 (    10) [200600    ] "(ENTER JOE, WITH PAUL IN HOT PURSUIT)\177\177\177"
001141: len 000002 (     2) [400600    ] ".ch js\177\177"
001144: len 000003 (     3) [600600    ] "Help! Help!\177"
001150: len 000002 (     2) [400600    ] ".ch pp\177\177"
001153: len 000007 (     7) [400600    ] "Darn that wascally keener!\177\177"
001163: len 000001 (     1) [600600    ] ".ad\177"
001165: len 000005 (     5) [200600    ] "(EXIT PAUL & JOE)\177\177\177"
001173: len 000002 (     2) [400600    ] ".ch ja\177\177"
001176: len 000014 (    12) [200600    ] "So is that all people do for fun around here?\177\177\177"
001213: len 000002 (     2) [400600    ] ".ch tt\177\177"
001216: len 177055 ( 65069) [040161 D+*] "\000\003\0000"
001220: len 000016 (    14) [200600    ] "So if there are so many guys, how do I meet them all?\177\177\177"
001237: len 000005 (     5) [400600    ] ".xx BARBIE~AND~KEN\177\177"
001245: len 000007 (     7) [000600    ] "There are always the pubs..."
001255: len 000005 (     5) [400600    ] ".xx JERRY~AND~TINA\177\177"
001263: len 000021 (    17) [200600    ] "Nineteen years old, and already I have to pick up people in bars?\177\177\177"
001305: len 000002 (     2) [400600    ] ".ch bc\177\177"
001310: len 000012 (    10) [200600    ] "Pubs aren't like that...pubs are fun.\177\177\177"
001323: len 000002 (     2) [400600    ] ".ch kd\177\177"
001326: len 000014 (    12) [200600    ] "If you don't like pubs, you can go for clubs.\177\177\177"
001343: len 000002 (     2) [400600    ] ".ch bc\177\177"
001346: len 000013 (    11) [200600    ] "Like Mathsoc, if you like playing bridge.\177\177\177"
001362: len 000002 (     2) [400600    ] ".ch kd\177\177"
001365: len 000010 (     8) [000600    ] "Or Engsoc, if you like Enginews."
001376: len 000002 (     2) [400600    ] ".ch bc\177\177"
001401: len 000023 (    19) [200600    ] "Or the Environmental Studies Society if you like...environmental studies.\177\177\177"
001425: len 000002 (     2) [400600    ] ".ch kd\177\177"
001430: len 000007 (     7) [600600    ] "Then there's the Imprint...\177"
001440: len 000002 (     2) [400600    ] ".ch bc\177\177"
001443: len 000002 (     2) [600600    ] "CKMS...\177"
001446: len 000002 (     2) [400600    ] ".ch kd\177\177"
001451: len 000005 (     5) [200600    ] "The Federation...\177\177\177"
001457: len 000002 (     2) [400600    ] ".ch bc\177\177"
001462: len 000011 (     9) [200600    ] "Federation clubs and societies...\177\177\177"
001474: len 000005 (     5) [400600    ] ".xx BARBIE~AND~KEN\177\177"
001502: len 000005 (     5) [600600    ] "And of course FASS.\177"
001510: len 000005 (     5) [400600    ] ".xx JERRY~AND~TINE\177\177"
001516: len 000002 (     2) [200600    ] "FASS?\177\177\177"
001521: len 000002 (     2) [400600    ] ".ch bc\177\177"
001524: len 000016 (    14) [400600    ] "A group of idiots who put on a comedy show every year.\177\177"
001543: len 000002 (     2) [400600    ] ".ch kd\177\177"
001546: len 000003 (     3) [000600    ] "Ignore them."
001552: len 000001 (     1) [600600    ] ".ad\177"
001554: len 000012 (    10) [200600    ] "(JOE RUNS IN AND HIDES BEHIND WOMEN.)\177\177\177"
001567: len 000002 (     2) [400600    ] ".ch js\177\177"
001572: len 000002 (     2) [000600    ] "Hide me!"
001575: len 000002 (     2) [400600    ] ".ch tt\177\177"
001600: len 000005 (     5) [000600    ] "Nice opening line..."
001606: len 000001 (     1) [600600    ] ".ad\177"
001610: len 000013 (    11) [000600    ] "(PAUL RUNS UP TO JERRY AND KEN, THEN STOPS.)"
001624: len 000002 (     2) [400600    ] ".ch pp\177\177"
001627: len 000005 (     5) [600600    ] "I think I wost him.\177"
001635: len 000002 (     2) [400600    ] ".ch ja\177\177"
001640: len 000005 (     5) [000600    ] "So forget about him."
001646: len 000015 (    13) [600600    ] "We're just talking about the better things in life.\177"
001664: len 000002 (     2) [400600    ] ".ch pp\177\177"
001667: len 000002 (     2) [200600    ] "Beer?\177\177\177"
001672: len 000002 (     2) [400600    ] ".ch ja\177\177"
001675: len 000011 (     9) [000600    ] "Close...but think taller and warmer."
001707: len 000002 (     2) [400600    ] ".ch pp\177\177"
001712: len 000003 (     3) [400600    ] "Oh, women.\177\177"
001716: len 177771 ( 65529) [772773 D+*] "\000\004\0000"
001720: len 000014 (    12) [200600    ] "Hey, I'm an engineer, I know all about women.\177\177\177"
001735: len 000002 (     2) [400600    ] ".ch kd\177\177"
001740: len 000002 (     2) [600600    ] "Really.\177"
001743: len 000002 (     2) [400600    ] ".ch pp\177\177"
001746: len 000022 (    18) [200600    ] "Sure, just walk up to them and say, \"Hi dollface, where have you been\177\177\177"
001771: len 000004 (     4) [200600    ] "all my life?\"\177\177\177"
001776: len 000002 (     2) [400600    ] ".ch kd\177\177"
002001: len 000003 (     3) [600600    ] "That works?\177"
002005: len 000002 (     2) [400600    ] ".ch pp\177\177"
002010: len 000005 (     5) [000600    ] "Never failed for me."
002016: len 000002 (     2) [400600    ] ".ch ja\177\177"
002021: len 000006 (     6) [600600    ] "Have you ever tried it?\177"
002030: len 000006 (     6) [400600    ] "With women in earshot?\177\177"
002037: len 000002 (     2) [400600    ] ".ch pp\177\177"
002042: len 000005 (     5) [600600    ] "Thousands of times.\177"
002050: len 000013 (    11) [200600    ] "You just walk right up to them and say...\177\177\177"
002064: len 000001 (     1) [600600    ] ".ad\177"
002066: len 000022 (    18) [400600    ] "(HE SPINS ABOUT TO DRAMATIZE AND FINDS HIMSELF FACE TO FACE WITH TINA.\177\177"
002111: len 000006 (     6) [200600    ] "HE FREEZES, JAW OPEN.\177\177\177"
002120: len 000020 (    16) [000600    ] "KEN CLOSES PAUL'S MOUTH FOR HIM, THEN EDGES HIM OUT OF THE WAY.)"
002141: len 000002 (     2) [400600    ] ".ch kd\177\177"
002144: len 000014 (    12) [200600    ] "Hi dollface, where have you been all my life?\177\177\177"
002161: len 000002 (     2) [400600    ] ".ch tt\177\177"
002164: len 000013 (    11) [000600    ] "Probably standing in line at the book store."
002200: len 000002 (     2) [400600    ] ".ch bc\177\177"
002203: len 000010 (     8) [000600    ] "Don't talk to me about line-ups!"
002214: len 000022 (    18) [000600    ] "I waited at the Zehr's check-out so long yesterday that my eggs hatched!"
002237: len 000002 (     2) [400600    ] ".ch ja\177\177"
002242: len 000006 (     6) [200600    ] "You think that's bad?\177\177\177"
002251: len 000007 (     7) [600600    ] "Try opening a bank account!\177"
002261: len 000002 (     2) [400600    ] ".ch js\177\177"
002264: len 000005 (     5) [600600    ] "Or getting a phone!\177"
002272: len 000002 (     2) [400600    ] ".ch pp\177\177"
002275: len 000003 (     3) [400600    ] "I know the\177\177"
002301: len 000001 (     1) [600600    ] ".bf\177"
002303: len 000002 (     2) [200600    ] "worst\177\177\177"
002306: len 000002 (     2) [000600    ] "line-up:"
002311: len 000002 (     2) [600600    ] ".xx ALL\177"
002314: len 000001 (     1) [600600    ] ".bf\177"
002316: len 000004 (     4) [200600    ] "Registration!\177\177\177"
002323: len 000001 (     1) [600600    ] ".ad\177"
002325: len 000010 (     8) [600600    ] "(SING SONG ABOUT REGISTRATION!)\177"
002336: len 000013 (    11) [200600    ] ".sb \"The Longest Line\" \"The Longest Time\"\177\177\177"
002352: len 000012 (    10) [000600    ] "Ohhhh, oh, oh oh, In the longest line..."
002365: len 000002 (     2) [200600    ] ".ve 5\177\177\177"
002370: len 000013 (    11) [400600    ] "I've been waiting here since Monday night.\177\177"
002404: len 177141 ( 65121) [144177 D+*] "Not long 'till I've finals I must write.\000\005\0000"
002420: len 000015 (    13) [600600    ] "Not long 'till I've finals I must write. (ah-ah-ah)\177"
002436: len 000005 (     5) [400600    ] "It's now September\177\177"
002444: len 000007 (     7) [600600    ] "I will be there by December\177"
002454: len 000011 (     9) [000600    ] "For now I'm waiting in longest line."
002466: len 000002 (     2) [200600    ] ".ve 5\177\177\177"
002471: len 000012 (    10) [600600    ] "Once I thought I'd make a class or two.\177"
002504: len 000011 (     9) [600600    ] "Now I know I've other things to do.\177"
002516: len 000004 (     4) [000600    ] "Oh my elation..."
002523: len 000007 (     7) [000600    ] "Learning about registration,"
002533: len 000013 (    11) [600600    ] "And that means waiting in the longest line.\177"
002547: len 000002 (     2) [200600    ] ".ve 2\177\177\177"
002552: len 000012 (    10) [400600    ] "Oh, oh, oh, oh, in the longest line...\177\177"
002565: len 000010 (     8) [000600    ] "Oh, oh, oh, in the longest line."
002576: len 000002 (     2) [200600    ] ".ve 5\177\177\177"
002601: len 000012 (    10) [200600    ] "I just love this waiting in the hall,\177\177\177"
002614: len 000012 (    10) [600600    ] "Just to change my courses for the fall.\177"
002627: len 000005 (     5) [400600    ] "And then rejection\177\177"
002635: len 000011 (     9) [400600    ] "When you ask for special sections.\177\177"
002647: len 000013 (    11) [600600    ] "Back to the last place in the longest line.\177"
002663: len 000002 (     2) [200600    ] ".ve 5\177\177\177"
002666: len 000010 (     8) [000600    ] "Maybe I'll get out by next week."
002677: len 000014 (    12) [000600    ] "I've not shaved in days, they think I'm a freak."
002714: len 000012 (    10) [600600    ] "I should bank somewhere else you know..\177"
002727: len 000007 (     7) [200600    ] "Why should I wait an hour\177\177\177"
002737: len 000006 (     6) [000600    ] "Just to find I'm at zero"
002746: len 000002 (     2) [200600    ] ".ve 5\177\177\177"
002751: len 000012 (    10) [000600    ] "Who knows how much further this goes on?"
002764: len 000012 (    10) [000600    ] "When I get there all the books are gone."
002777: len 000006 (     6) [200600    ] "What are the chances,\177\177\177"
003006: len 000010 (     8) [200600    ] "I'll remember what romance is\177\177\177"
003017: len 000014 (    12) [200600    ] "When I have made it through the longest line.\177\177\177"
003034: len 000002 (     2) [200600    ] ".ve 5\177\177\177"
003037: len 000012 (    10) [400600    ] "I just bought three things at the mart\177\177"
003052: len 000011 (     9) [000600    ] "The woman ahead has got a full cart."
003064: len 000011 (     9) [600600    ] "Dozens are stuck in this bottleneck\177"
003076: len 000007 (     7) [400600    ] "We're in the express line,\177\177"
003106: len 177146 ( 65126) [165156 D+*] "and she's paying with a che -- q\000\006\000Q"
003120: len 000011 (     9) [600600    ] "and she's paying with a che -- que.\177"
003132: len 000002 (     2) [200600    ] ".ve 4\177\177\177"
003135: len 000012 (    10) [000600    ] "I don't care what consequence it brings."
003150: len 000014 (    12) [600600    ] "I will shoot her if when she buys those things.\177"
003165: len 000015 (    13) [600600    ] "I'm off the deep end, at least I know I won't spend\177"
003203: len 000013 (    11) [000600    ] "My whole life waiting in the longest line..."
003217: len 000002 (     2) [200600    ] ".ve 1\177\177\177"
003222: len 000002 (     2) [400600    ] "CHORUS\177\177"
003225: len 000001 (     1) [600600    ] ".ex\177"
003227: len 000001 (     1) [600600    ] ".ld\177"
003231: len 000004 (     4) [200600    ] "(LIGHTS DOWN)\177\177\177"
003236: len 000001 (     1) [600600    ] ".es\177"