Archive for file fass/1986/skit.t:
00000 000001003616 000001000017 000167003411 024177126176 ~~~~~~~~~w~~~~V~
00004 024111331546 000000000000 440000000006 146141163163 ~IÙ~~~~~~~~~fass
00010 000000000000 000000000000 000000000000 057061071070 ~~~~~~~~~~~~/198
00014 066057163153 151164056164 000000000000 000001000465 6/skit.t~~~~~~~~
00020 000024001000 000000000000 000000000000 000000000000 ~~~~~~~~~~~~~~~~
00024 000000000000 000000000000 000000000000 000000000000 ~~~~~~~~~~~~~~~~
00030 000000000000 000000000000 000000000000 000000000000 ~~~~~~~~~~~~~~~~
00034 000000000000 000000000000 000000000000 000000000000 ~~~~~~~~~~~~~~~~
00040 000000000000 000000000000 000000000000 000000000000 ~~~~~~~~~~~~~~~~
00044 000000000000 000007400600 056163157040 152141147141 ~~~~~~~~.so jaga
00050 162144156145 162057056056 057146141163 163155141143 rdner/../fassmac
00054 056164177177 000007000600 056142163040 061040061040 .t~~~~~~.bs 1 1 
00060 042102171040 106162157163 150054040102 171040107157 "By Frosh, By Go
00064 154154171042 000006200600 056156141040 152163040112 lly"~~€~.na js J
00070 117105176123 103110115117 105040112117 105177177177 OE~SCHMOE JOE~~~
00074 000006000600 056156141040 160160040120 101125114176 ~~~~.na pp PAUL~
00100 120114125115 115105122040 120101125114 000006000600 PLUMMER PAUL~~~~
00104 056156141040 142143040102 101122102111 105176103125 .na bc BARBIE~CU
00110 105040102101 122102111105 000007200600 056156141040 E BARBIE~~€~.na 
00114 164164040124 111116101176 124125122116 117126105122 tt TINA~TURNOVER
00120 040124111116 101177177177 000006600600 056156141040  TINA~~~~~~~.na 
00124 153144040113 105116116131 176104117111 124040113105 kd KENNY~DOIT KE
00130 116116131177 000006000600 056156141040 152141040112 NNY~~~~~.na ja J
00134 105122122131 176101124122 111103040112 105122122131 ERRY~ATRIC JERRY
00140 000001600600 056154144177 000006200600 050042114111 ~~~~.ld~~~€~("LI
00144 107110124123 040125120042 040111116040 120101103056 GHTS UP" IN PAC.
00150 051177177177 000001600600 056141144177 000015000600 )~~~~~~~.ad~~~~~
00154 050125120102 105101124040 111116124122 117040115125 (UPBEAT INTRO MU
00160 123111103040 101123040124 110105040123 111130040103 SIC AS THE SIX C
00164 110101122101 103124105122 123040106111 116104040124 HARACTERS FIND T
00170 110105111122 000023000600 127101131040 117116124117 HEIR~~~~WAY ONTO
00174 040124110105 040123124101 107105054040 123105114105  THE STAGE, SELE
00200 103124040124 110105111122 040115111113 105123040101 CT THEIR MIKES A
00204 116104040107 105124040111 116124117040 120117123111 ND GET INTO POSI
00210 124111117116 123054040111 116040103110 101122101103 TIONS, IN CHARAC
00214 124105122056 000022000600 127105040115 105105124040 TER.~~~~WE MEET 
00220 112105122122 131040101116 104040113105 116116131040 JERRY AND KENNY 
00224 101124040117 116105040123 111104105040 117106040124 AT ONE SIDE OF T
00230 110105040123 124101107105 054040102101 122102111105 HE STAGE, BARBIE
00234 040101116104 040124111116 101040101124 040124110105  AND TINA AT THE
00240 000002600600 117124110105 122056051177 000002400600 ~~~~OTHER.)~~~~~
00244 056143150040 153144177177 000002600600 117150040142 .ch kd~~~~~~Oh b
00250 157171041177 000010200600 124150145171 040163165162 oy!~~~€~They sur
00254 145040144157 156047164040 150141166145 040141156171 e don't have any
00260 164150151156 147177177177 000011400600 154151153145 thing~~~~~~~like
00264 040164150151 163040142141 143153040150 157155145040  this back home 
00270 151156040102 145154154145 166151154154 145041177177 in Belleville!~~
00274 000002400600 056143150040 152141177177 000021200600 ~~~~.ch ja~~~~€~
00300 106162157155 040167150141 164040111040 147141164150 From what I gath
00304 145162054040 164150145171 040144157156 047164040150 er, they don't h
00310 141166145040 141156171164 150151156147 040154151153 ave anything lik
00314 145040151156 144157157162 040160154165 155142151156 e indoor plumbin
00320 147177177177 000005600600 142141143153 040151156040 g~~~~~~~back in 
00324 102145154154 145166151154 154145041177 000002400600 Belleville!~~~~~
00330 056143150040 153144177177 000002000600 117150040171 .ch kd~~~~~~Oh y
00334 145141150077 000010600600 123157040167 150145162145 eah?~~~~So where
00340 040141162145 040171157165 040146162157 155054040150  are you from, h
00344 157164163150 157164077177 000002400600 056143150040 otshot?~~~~~.ch 
00350 152141177177 000005600600 123160141144 151156141040 ja~~~~~~Spadina 
00354 141156144040 104165156144 141163056177 000002400600 and Dundas.~~~~~
00360 056143150040 153144177177 000004200600 127150141164 .ch kd~~~~€~What
00364 163141155141 164164145162 077177177177 000007600600 samatter?~~~~~~~
00370 103157165154 144156047164 040155141153 145040165160 Couldn't make up
00374 040171157165 162040155151 156144077177 000001600600  your mind?~~~~~
00400 056141144177 000006600600 050105116124 105122040112 .ad~~~~~(ENTER J
00404 117105054040 104111123124 122105123123 105104051177 OE, DISTRESSED)~
00410 000002400600 056143150040 152163177177 000002000600 ~~~~.ch js~~~~~~
00414 110145154160 040155145041 000002000600 110151144145 Help me!~~~~Hide
00420 040155145041 000002400600 056143150040 153144177177  me!~~~~.ch kd~~
00424 000004200600 127150141164 047163040167 162157156147 ~~€~What's wrong
00430 077177177177 000002400600 056143150040 152163177177 ?~~~~~~~.ch js~~
00434 000023600600 111047154154 040144157040 141156171164 ~~~~I'll do anyt
00440 150151156147 072040146151 156151163150 040171157165 hing: finish you
00444 162040143141 154143165154 165163040150 157155145167 r calculus homew
00450 157162153054 040167162151 164145040171 157165162040 ork, write your 
00454 105156147154 151163150040 145163163141 171163054177 English essays,~
00460 000007200600 146151154154 040157165164 040171157165 ~~€~fill out you
00464 162040117123 101120040146 157162155163 041177177177 r OSAP forms!~~~
00470 000006200600 112165163164 040150151144 145040155145 ~~€~Just hide me
00474 040146162157 155056056056 040177177177 000001600600  from... ~~~~~~~
00500 056142146177 000001000600 150151155041 000001600600 .bf~~~~~him!~~~~
00504 056141144177 177177000000 050112117105 040122125116 .ad~~~~~(JOE RUN
00510 123040117106 106054040115 101113111116 107040124110 S OFF, MAKING TH
00514 105040120101 124110105124 111103040127 000002000476 E PATHETIC W~~~~
00520 000014400600 050112117105 040122125116 123040117106 ~~~~(JOE RUNS OF
00524 106054040115 101113111116 107040124110 105040120101 F, MAKING THE PA
00530 124110105124 111103040127 110111115120 105122123040 THETIC WHIMPERS 
00534 117106177177 000011000600 101040110125 116124105104 OF~~~~~~A HUNTED
00540 040101116111 115101114040 123105101122 103110111116  ANIMAL SEARCHIN
00544 107040106117 122040103117 126105122056 000014400600 G FOR COVER.~~~~
00550 105116124105 122040120101 125114054040 110125115115 ENTER PAUL, HUMM
00554 111116107040 124110105040 106101115117 125123040124 ING THE FAMOUS T
00560 110105115105 072040042127 105040101122 105054177177 HEME: "WE ARE,~~
00564 000014400600 127105040101 122105054040 127105040101 ~~~~WE ARE, WE A
00570 122105054040 127105040101 122105054040 127105040101 RE, WE ARE, WE A
00574 122105040124 110105040105 116107111116 105105122123 RE THE ENGINEERS
00600 042056177177 000011000600 120101125114 040123120105 ".~~~~~~PAUL SPE
00604 101113123040 111116040101 116040105114 115105122040 AKS IN AN ELMER 
00610 106125104104 040126117111 103105056051 000002400600 FUDD VOICE.)~~~~
00614 056143150040 160160177177 000006400600 102145040166 .ch pp~~~~~~Be v
00620 145167167171 054040166145 167167171040 161165151145 ewwy, vewwy quie
00624 164041177177 000006400600 111047155040 150165156164 t!~~~~~~I'm hunt
00630 151156147056 056056153145 145156145162 163041177177 ing...keeners!~~
00634 000002400600 056143150040 152141177177 000003000600 ~~~~.ch ja~~~~~~
00640 101156040145 156147151156 145145162041 000002400600 An engineer!~~~~
00644 056143150040 153144177177 000022200600 131157165040 .ch kd~~~~€~You 
00650 153156157167 054040164150 145171040167 145141162040 know, they wear 
00654 164150157163 145040150141 162144150141 164163040164 those hardhats t
00660 157040155141 153145040171 157165040164 150151156153 o make you think
00664 040164150145 171040150141 166145040142 162141151156  they have brain
00670 163177177177 000006200600 164150145171 040167141156 s~~~~~€~they wan
00674 164040164157 040160162157 164145143164 056177177177 t to protect.~~~
00700 000002400600 056143150040 160160177177 000002400600 ~~~~.ch pp~~~~~~
00704 121165151145 164041177177 000011400600 110141166145 Quiet!~~~~~~Have
00710 040171157165 040163145145 156040141040 153145145156  you seen a keen
00714 145162040147 157040142171 040150145162 145077177177 er go by here?~~
00720 000011200600 111040156145 145144040157 156145040146 ~~€~I need one f
00724 157162040155 171040163143 141166145156 147145162040 or my scavenger 
00730 150165156164 041177177177 000001600600 056141144177 hunt!~~~~~~~.ad~
00734 000013400600 050124110105 131040120117 111116124040 ~~~~(THEY POINT 
00740 101127101131 040106122117 115040127110 105122105040 AWAY FROM WHERE 
00744 120117117122 040112117105 040106114105 104056177177 POOR JOE FLED.~~
00750 000004200600 120101125114 040120125122 123125105123 ~~€~PAUL PURSUES
00754 056177177177 000017400600 127105040116 117124111103 .~~~~~~~WE NOTIC
00760 105040102101 122102111105 040101116104 040124111116 E BARBIE AND TIN
00764 101054040102 105103101125 123105040124 110105131040 A, BECAUSE THEY 
00770 116117124111 103105040120 101125114040 107117040102 NOTICE PAUL GO B
00774 131056177177 000007000600 102101122102 111105040116 Y.~~~~~~BARBIE N
01000 117124111103 105123054040 105123120105 103111101114 OTICES, ESPECIAL
01004 114131056051 000002400600 056143150040 142143177177 LY.)~~~~.ch bc~~
01010 000002600600 117150040142 157171041177 000017000600 ~~~~Oh boy!~~~~~
01014 124150145171 040163165162 145040144157 156047164040 They sure don't 
01020 150141166145 040147165171 163040154151 153145040164 have guys like t
01024 150141164040 142141143153 040150157155 145040151156 hat back home in
01030 040102145154 154145166151 154154145041 000002400600  Belleville!~~~~
01034 056143150040 164164177177 000007200600 123143157162 .ch tt~~~~€~Scor
01040 145040157156 145040146157 162040102145 154154145166 e one for Bellev
01044 151154154145 056177177177 000002400600 056143150040 ille.~~~~~~~.ch 
01050 142143177177 000014200600 111040141155 040164141154 bc~~~~€~I am tal
01054 153151156147 040141142157 165164040141 154154040164 king about all t
01060 150145040150 165156153163 040141162157 165156144040 he hunks around 
01064 150145162145 056177177177 000016400600 104151144040 here.~~~~~~~Did 
01070 171157165040 153156157167 040127141164 145162154157 you know Waterlo
01074 157040150141 163040146157 165162040155 141154145163 o has four males
01100 040146157162 040145166145 162171040146 145155141154  for every femal
01104 145077177177 000002400600 056143150040 164164177177 e?~~~~~~.ch tt~~
01110 000013400600 116157040167 157156144145 162040164150 ~~~~No wonder th
01114 145040147165 171163040141 162145040143 150141163151 e guys are chasi
01120 156147040145 141143150040 157164150145 162056177177 ng each other.~~
01124 000001600600 056141144177 000012200600 050105116124 ~~~~.ad~~~€~(ENT
01130 105122040112 117105054040 127111124110 040120101125 ER JOE, WITH PAU
01134 114040111116 040110117124 040120125122 123125111124 L IN HOT PURSUIT
01140 051177177177 000002400600 056143150040 152163177177 )~~~~~~~.ch js~~
01144 000003600600 110145154160 041040110145 154160041177 ~~~~Help! Help!~
01150 000002400600 056143150040 160160177177 000007400600 ~~~~.ch pp~~~~~~
01154 104141162156 040164150141 164040167141 163143141154 Darn that wascal
01160 154171040153 145145156145 162041177177 000001600600 ly keener!~~~~~~
01164 056141144177 000005200600 050105130111 124040120101 .ad~~~€~(EXIT PA
01170 125114040046 040112117105 051177177177 000002400600 UL & JOE)~~~~~~~
01174 056143150040 152141177177 000014200600 123157040151 .ch ja~~~~€~So i
01200 163040164150 141164040141 154154040160 145157160154 s that all peopl
01204 145040144157 040146157162 040146165156 040141162157 e do for fun aro
01210 165156144040 150145162145 077177177177 000002400600 und here?~~~~~~~
01214 056143150040 164164177177 177055040161 000003000476 .ch tt~~~- q~~~~
01220 000016200600 123157040151 146040164150 145162145040 ~~€~So if there 
01224 141162145040 163157040155 141156171040 147165171163 are so many guys
01230 054040150157 167040144157 040111040155 145145164040 , how do I meet 
01234 164150145155 040141154154 077177177177 000005400600 them all?~~~~~~~
01240 056170170040 102101122102 111105176101 116104176113 .xx BARBIE~AND~K
01244 105116177177 000007000600 124150145162 145040141162 EN~~~~~~There ar
01250 145040141154 167141171163 040164150145 040160165142 e always the pub
01254 163056056056 000005400600 056170170040 112105122122 s...~~~~.xx JERR
01260 131176101116 104176124111 116101177177 000021200600 Y~AND~TINA~~~~€~
01264 116151156145 164145145156 040171145141 162163040157 Nineteen years o
01270 154144054040 141156144040 141154162145 141144171040 ld, and already 
01274 111040150141 166145040164 157040160151 143153040165 I have to pick u
01300 160040160145 157160154145 040151156040 142141162163 p people in bars
01304 077177177177 000002400600 056143150040 142143177177 ?~~~~~~~.ch bc~~
01310 000012200600 120165142163 040141162145 156047164040 ~~€~Pubs aren't 
01314 154151153145 040164150141 164056056056 160165142163 like that...pubs
01320 040141162145 040146165156 056177177177 000002400600  are fun.~~~~~~~
01324 056143150040 153144177177 000014200600 111146040171 .ch kd~~~~€~If y
01330 157165040144 157156047164 040154151153 145040160165 ou don't like pu
01334 142163054040 171157165040 143141156040 147157040146 bs, you can go f
01340 157162040143 154165142163 056177177177 000002400600 or clubs.~~~~~~~
01344 056143150040 142143177177 000013200600 114151153145 .ch bc~~~~€~Like
01350 040115141164 150163157143 054040151146 040171157165  Mathsoc, if you
01354 040154151153 145040160154 141171151156 147040142162  like playing br
01360 151144147145 056177177177 000002400600 056143150040 idge.~~~~~~~.ch 
01364 153144177177 000010000600 117162040105 156147163157 kd~~~~~~Or Engso
01370 143054040151 146040171157 165040154151 153145040105 c, if you like E
01374 156147151156 145167163056 000002400600 056143150040 nginews.~~~~.ch 
01400 142143177177 000023200600 117162040164 150145040105 bc~~~~€~Or the E
01404 156166151162 157156155145 156164141154 040123164165 nvironmental Stu
01410 144151145163 040123157143 151145164171 040151146040 dies Society if 
01414 171157165040 154151153145 056056056145 156166151162 you like...envir
01420 157156155145 156164141154 040163164165 144151145163 onmental studies
01424 056177177177 000002400600 056143150040 153144177177 .~~~~~~~.ch kd~~
01430 000007600600 124150145156 040164150145 162145047163 ~~~~Then there's
01434 040164150145 040111155160 162151156164 056056056177  the Imprint...~
01440 000002400600 056143150040 142143177177 000002600600 ~~~~.ch bc~~~~~~
01444 103113115123 056056056177 000002400600 056143150040 CKMS...~~~~~.ch 
01450 153144177177 000005200600 124150145040 106145144145 kd~~~~€~The Fede
01454 162141164151 157156056056 056177177177 000002400600 ration...~~~~~~~
01460 056143150040 142143177177 000011200600 106145144145 .ch bc~~~~€~Fede
01464 162141164151 157156040143 154165142163 040141156144 ration clubs and
01470 040163157143 151145164151 145163056056 056177177177  societies...~~~
01474 000005400600 056170170040 102101122102 111105176101 ~~~~.xx BARBIE~A
01500 116104176113 105116177177 000005600600 101156144040 ND~KEN~~~~~~And 
01504 157146040143 157165162163 145040106101 123123056177 of course FASS.~
01510 000005400600 056170170040 112105122122 131176101116 ~~~~.xx JERRY~AN
01514 104176124111 116105177177 000002200600 106101123123 D~TINE~~~~€~FASS
01520 077177177177 000002400600 056143150040 142143177177 ?~~~~~~~.ch bc~~
01524 000016400600 101040147162 157165160040 157146040151 ~~~~A group of i
01530 144151157164 163040167150 157040160165 164040157156 diots who put on
01534 040141040143 157155145144 171040163150 157167040145  a comedy show e
01540 166145162171 040171145141 162056177177 000002400600 very year.~~~~~~
01544 056143150040 153144177177 000003000600 111147156157 .ch kd~~~~~~Igno
01550 162145040164 150145155056 000001600600 056141144177 re them.~~~~.ad~
01554 000012200600 050112117105 040122125116 123040111116 ~~€~(JOE RUNS IN
01560 040101116104 040110111104 105123040102 105110111116  AND HIDES BEHIN
01564 104040127117 115105116056 051177177177 000002400600 D WOMEN.)~~~~~~~
01570 056143150040 152163177177 000002000600 110151144145 .ch js~~~~~~Hide
01574 040155145041 000002400600 056143150040 164164177177  me!~~~~.ch tt~~
01600 000005000600 116151143145 040157160145 156151156147 ~~~~Nice opening
01604 040154151156 145056056056 000001600600 056141144177  line...~~~~.ad~
01610 000013000600 050120101125 114040122125 116123040125 ~~~~(PAUL RUNS U
01614 120040124117 040112105122 122131040101 116104040113 P TO JERRY AND K
01620 105116054040 124110105116 040123124117 120123056051 EN, THEN STOPS.)
01624 000002400600 056143150040 160160177177 000005600600 ~~~~.ch pp~~~~~~
01630 111040164150 151156153040 111040167157 163164040150 I think I wost h
01634 151155056177 000002400600 056143150040 152141177177 im.~~~~~.ch ja~~
01640 000005000600 123157040146 157162147145 164040141142 ~~~~So forget ab
01644 157165164040 150151155056 000015600600 127145047162 out him.~~~~We'r
01650 145040152165 163164040164 141154153151 156147040141 e just talking a
01654 142157165164 040164150145 040142145164 164145162040 bout the better 
01660 164150151156 147163040151 156040154151 146145056177 things in life.~
01664 000002400600 056143150040 160160177177 000002200600 ~~~~.ch pp~~~~€~
01670 102145145162 077177177177 000002400600 056143150040 Beer?~~~~~~~.ch 
01674 152141177177 000011000600 103154157163 145056056056 ja~~~~~~Close...
01700 142165164040 164150151156 153040164141 154154145162 but think taller
01704 040141156144 040167141162 155145162056 000002400600  and warmer.~~~~
01710 056143150040 160160177177 000003400600 117150054040 .ch pp~~~~~~Oh, 
01714 167157155145 156056177177 177771772773 000004000464 women.~~~~~~~~~~
01720 000014200600 110145171054 040111047155 040141156040 ~~€~Hey, I'm an 
01724 145156147151 156145145162 054040111040 153156157167 engineer, I know
01730 040141154154 040141142157 165164040167 157155145156  all about women
01734 056177177177 000002400600 056143150040 153144177177 .~~~~~~~.ch kd~~
01740 000002600600 122145141154 154171056177 000002400600 ~~~~Really.~~~~~
01744 056143150040 160160177177 000022200600 123165162145 .ch pp~~~~€~Sure
01750 054040152165 163164040167 141154153040 165160040164 , just walk up t
01754 157040164150 145155040141 156144040163 141171054040 o them and say, 
01760 042110151040 144157154154 146141143145 054040167150 "Hi dollface, wh
01764 145162145040 150141166145 040171157165 040142145145 ere have you bee
01770 156177177177 000004200600 141154154040 155171040154 n~~~~~€~all my l
01774 151146145077 042177177177 000002400600 056143150040 ife?"~~~~~~~.ch 
02000 153144177177 000003600600 124150141164 040167157162 kd~~~~~~That wor
02004 153163077177 000002400600 056143150040 160160177177 ks?~~~~~.ch pp~~
02010 000005000600 116145166145 162040146141 151154145144 ~~~~Never failed
02014 040146157162 040155145056 000002400600 056143150040  for me.~~~~.ch 
02020 152141177177 000006600600 110141166145 040171157165 ja~~~~~~Have you
02024 040145166145 162040164162 151145144040 151164077177  ever tried it?~
02030 000006400600 127151164150 040167157155 145156040151 ~~~~With women i
02034 156040145141 162163150157 164077177177 000002400600 n earshot?~~~~~~
02040 056143150040 160160177177 000005600600 124150157165 .ch pp~~~~~~Thou
02044 163141156144 163040157146 040164151155 145163056177 sands of times.~
02050 000013200600 131157165040 152165163164 040167141154 ~~€~You just wal
02054 153040162151 147150164040 165160040164 157040164150 k right up to th
02060 145155040141 156144040163 141171056056 056177177177 em and say...~~~
02064 000001600600 056141144177 000022400600 050110105040 ~~~~.ad~~~~~(HE 
02070 123120111116 123040101102 117125124040 124117040104 SPINS ABOUT TO D
02074 122101115101 124111132105 040101116104 040106111116 RAMATIZE AND FIN
02100 104123040110 111115123105 114106040106 101103105040 DS HIMSELF FACE 
02104 124117040106 101103105040 127111124110 040124111116 TO FACE WITH TIN
02110 101056177177 000006200600 110105040106 122105105132 A.~~~~€~HE FREEZ
02114 105123054040 112101127040 117120105116 056177177177 ES, JAW OPEN.~~~
02120 000020000600 113105116040 103114117123 105123040120 ~~~~KEN CLOSES P
02124 101125114047 123040115117 125124110040 106117122040 AUL'S MOUTH FOR 
02130 110111115054 040124110105 116040105104 107105123040 HIM, THEN EDGES 
02134 110111115040 117125124040 117106040124 110105040127 HIM OUT OF THE W
02140 101131056051 000002400600 056143150040 153144177177 AY.)~~~~.ch kd~~
02144 000014200600 110151040144 157154154146 141143145054 ~~€~Hi dollface,
02150 040167150145 162145040150 141166145040 171157165040  where have you 
02154 142145145156 040141154154 040155171040 154151146145 been all my life
02160 077177177177 000002400600 056143150040 164164177177 ?~~~~~~~.ch tt~~
02164 000013000600 120162157142 141142154171 040163164141 ~~~~Probably sta
02170 156144151156 147040151156 040154151156 145040141164 nding in line at
02174 040164150145 040142157157 153040163164 157162145056  the book store.
02200 000002400600 056143150040 142143177177 000010000600 ~~~~.ch bc~~~~~~
02204 104157156047 164040164141 154153040164 157040155145 Don't talk to me
02210 040141142157 165164040154 151156145055 165160163041  about line-ups!
02214 000022000600 111040167141 151164145144 040141164040 ~~~~I waited at 
02220 164150145040 132145150162 047163040143 150145143153 the Zehr's check
02224 055157165164 040163157040 154157156147 040171145163 -out so long yes
02230 164145162144 141171040164 150141164040 155171040145 terday that my e
02234 147147163040 150141164143 150145144041 000002400600 ggs hatched!~~~~
02240 056143150040 152141177177 000006200600 131157165040 .ch ja~~~~€~You 
02244 164150151156 153040164150 141164047163 040142141144 think that's bad
02250 077177177177 000007600600 124162171040 157160145156 ?~~~~~~~Try open
02254 151156147040 141040142141 156153040141 143143157165 ing a bank accou
02260 156164041177 000002400600 056143150040 152163177177 nt!~~~~~.ch js~~
02264 000005600600 117162040147 145164164151 156147040141 ~~~~Or getting a
02270 040160150157 156145041177 000002400600 056143150040  phone!~~~~~.ch 
02274 160160177177 000003400600 111040153156 157167040164 pp~~~~~~I know t
02300 150145177177 000001600600 056142146177 000002200600 he~~~~~~.bf~~~€~
02304 167157162163 164177177177 000002000600 154151156145 worst~~~~~~~line
02310 055165160072 000002600600 056170170040 101114114177 -up:~~~~.xx ALL~
02314 000001600600 056142146177 000004200600 122145147151 ~~~~.bf~~~€~Regi
02320 163164162141 164151157156 041177177177 000001600600 stration!~~~~~~~
02324 056141144177 000010600600 050123111116 107040123117 .ad~~~~~(SING SO
02330 116107040101 102117125124 040122105107 111123124122 NG ABOUT REGISTR
02334 101124111117 116041051177 000013200600 056163142040 ATION!)~~~€~.sb 
02340 042124150145 040114157156 147145163164 040114151156 "The Longest Lin
02344 145042040042 124150145040 114157156147 145163164040 e" "The Longest 
02350 124151155145 042177177177 000012000600 117150150150 Time"~~~~~~~Ohhh
02354 150054040157 150054040157 150040157150 054040111156 h, oh, oh oh, In
02360 040164150145 040154157156 147145163164 040154151156  the longest lin
02364 145056056056 000002200600 056166145040 065177177177 e...~~€~.ve 5~~~
02370 000013400600 111047166145 040142145145 156040167141 ~~~~I've been wa
02374 151164151156 147040150145 162145040163 151156143145 iting here since
02400 040115157156 144141171040 156151147150 164056177177  Monday night.~~
02404 177141144177 116157164040 154157156147 040047164151 ~ad~Not long 'ti
02410 154154040111 047166145040 146151156141 154163040111 ll I've finals I
02414 040155165163 164040167162 151164145056 000005000466  must write.~~~~
02420 000015600600 116157164040 154157156147 040047164151 ~~~~Not long 'ti
02424 154154040111 047166145040 146151156141 154163040111 ll I've finals I
02430 040155165163 164040167162 151164145056 040050141150  must write. (ah
02434 055141150055 141150051177 000005400600 111164047163 -ah-ah)~~~~~It's
02440 040156157167 040123145160 164145155142 145162177177  now September~~
02444 000007600600 111040167151 154154040142 145040164150 ~~~~I will be th
02450 145162145040 142171040104 145143145155 142145162177 ere by December~
02454 000011000600 106157162040 156157167040 111047155040 ~~~~For now I'm 
02460 167141151164 151156147040 151156040154 157156147145 waiting in longe
02464 163164040154 151156145056 000002200600 056166145040 st line.~~€~.ve 
02470 065177177177 000012600600 117156143145 040111040164 5~~~~~~~Once I t
02474 150157165147 150164040111 047144040155 141153145040 hought I'd make 
02500 141040143154 141163163040 157162040164 167157056177 a class or two.~
02504 000011600600 116157167040 111040153156 157167040111 ~~~~Now I know I
02510 047166145040 157164150145 162040164150 151156147163 've other things
02514 040164157040 144157056177 000004000600 117150040155  to do.~~~~~Oh m
02520 171040145154 141164151157 156056056056 000007000600 y elation...~~~~
02524 114145141162 156151156147 040141142157 165164040162 Learning about r
02530 145147151163 164162141164 151157156054 000013600600 egistration,~~~~
02534 101156144040 164150141164 040155145141 156163040167 And that means w
02540 141151164151 156147040151 156040164150 145040154157 aiting in the lo
02544 156147145163 164040154151 156145056177 000002200600 ngest line.~~~€~
02550 056166145040 062177177177 000012400600 117150054040 .ve 2~~~~~~~Oh, 
02554 157150054040 157150054040 157150054040 151156040164 oh, oh, oh, in t
02560 150145040154 157156147145 163164040154 151156145056 he longest line.
02564 056056177177 000010000600 117150054040 157150054040 ..~~~~~~Oh, oh, 
02570 157150054040 151156040164 150145040154 157156147145 oh, in the longe
02574 163164040154 151156145056 000002200600 056166145040 st line.~~€~.ve 
02600 065177177177 000012200600 111040152165 163164040154 5~~~~~€~I just l
02604 157166145040 164150151163 040167141151 164151156147 ove this waiting
02610 040151156040 164150145040 150141154154 054177177177  in the hall,~~~
02614 000012600600 112165163164 040164157040 143150141156 ~~~~Just to chan
02620 147145040155 171040143157 165162163145 163040146157 ge my courses fo
02624 162040164150 145040146141 154154056177 000005400600 r the fall.~~~~~
02630 101156144040 164150145156 040162145152 145143164151 And then rejecti
02634 157156177177 000011400600 127150145156 040171157165 on~~~~~~When you
02640 040141163153 040146157162 040163160145 143151141154  ask for special
02644 040163145143 164151157156 163056177177 000013600600  sections.~~~~~~
02650 102141143153 040164157040 164150145040 154141163164 Back to the last
02654 040160154141 143145040151 156040164150 145040154157  place in the lo
02660 156147145163 164040154151 156145056177 000002200600 ngest line.~~~€~
02664 056166145040 065177177177 000010000600 115141171142 .ve 5~~~~~~~Mayb
02670 145040111047 154154040147 145164040157 165164040142 e I'll get out b
02674 171040156145 170164040167 145145153056 000014000600 y next week.~~~~
02700 111047166145 040156157164 040163150141 166145144040 I've not shaved 
02704 151156040144 141171163054 040164150145 171040164150 in days, they th
02710 151156153040 111047155040 141040146162 145141153056 ink I'm a freak.
02714 000012600600 111040163150 157165154144 040142141156 ~~~~I should ban
02720 153040163157 155145167150 145162145040 145154163145 k somewhere else
02724 040171157165 040153156157 167056056177 000007200600  you know..~~~€~
02730 127150171040 163150157165 154144040111 040167141151 Why should I wai
02734 164040141156 040150157165 162177177177 000006000600 t an hour~~~~~~~
02740 112165163164 040164157040 146151156144 040111047155 Just to find I'm
02744 040141164040 172145162157 000002200600 056166145040  at zero~~€~.ve 
02750 065177177177 000012000600 127150157040 153156157167 5~~~~~~~Who know
02754 163040150157 167040155165 143150040146 165162164150 s how much furth
02760 145162040164 150151163040 147157145163 040157156077 er this goes on?
02764 000012000600 127150145156 040111040147 145164040164 ~~~~When I get t
02770 150145162145 040141154154 040164150145 040142157157 here all the boo
02774 153163040141 162145040147 157156145056 000006200600 ks are gone.~~€~
03000 127150141164 040141162145 040164150145 040143150141 What are the cha
03004 156143145163 054177177177 000010200600 111047154154 nces,~~~~~€~I'll
03010 040162145155 145155142145 162040167150 141164040162  remember what r
03014 157155141156 143145040151 163177177177 000014200600 omance is~~~~~€~
03020 127150145156 040111040150 141166145040 155141144145 When I have made
03024 040151164040 164150162157 165147150040 164150145040  it through the 
03030 154157156147 145163164040 154151156145 056177177177 longest line.~~~
03034 000002200600 056166145040 065177177177 000012400600 ~~€~.ve 5~~~~~~~
03040 111040152165 163164040142 157165147150 164040164150 I just bought th
03044 162145145040 164150151156 147163040141 164040164150 ree things at th
03050 145040155141 162164177177 000011000600 124150145040 e mart~~~~~~The 
03054 167157155141 156040141150 145141144040 150141163040 woman ahead has 
03060 147157164040 141040146165 154154040143 141162164056 got a full cart.
03064 000011600600 104157172145 156163040141 162145040163 ~~~~Dozens are s
03070 164165143153 040151156040 164150151163 040142157164 tuck in this bot
03074 164154145156 145143153177 000007400600 127145047162 tleneck~~~~~We'r
03100 145040151156 040164150145 040145170160 162145163163 e in the express
03104 040154151156 145054177177 177146165156 141156144040  line,~~~funand 
03110 163150145047 163040160141 171151156147 040167151164 she's paying wit
03114 150040141040 143150145040 055055040161 000006000121 h a che -- q~~~Q
03120 000011600600 141156144040 163150145047 163040160141 ~~~~and she's pa
03124 171151156147 040167151164 150040141040 143150145040 ying with a che 
03130 055055040161 165145056177 000002200600 056166145040 -- que.~~~€~.ve 
03134 064177177177 000012000600 111040144157 156047164040 4~~~~~~~I don't 
03140 143141162145 040167150141 164040143157 156163145161 care what conseq
03144 165145156143 145040151164 040142162151 156147163056 uence it brings.
03150 000014600600 111040167151 154154040163 150157157164 ~~~~I will shoot
03154 040150145162 040151146040 167150145156 040163150145  her if when she
03160 040142165171 163040164150 157163145040 164150151156  buys those thin
03164 147163056177 000015600600 111047155040 157146146040 gs.~~~~~I'm off 
03170 164150145040 144145145160 040145156144 054040141164 the deep end, at
03174 040154145141 163164040111 040153156157 167040111040  least I know I 
03200 167157156047 164040163160 145156144177 000013000600 won't spend~~~~~
03204 115171040167 150157154145 040154151146 145040167141 My whole life wa
03210 151164151156 147040151156 040164150145 040154157156 iting in the lon
03214 147145163164 040154151156 145056056056 000002200600 gest line...~~€~
03220 056166145040 061177177177 000002400600 103110117122 .ve 1~~~~~~~CHOR
03224 125123177177 000001600600 056145170177 000001600600 US~~~~~~.ex~~~~~
03230 056154144177 000004200600 050114111107 110124123040 .ld~~~€~(LIGHTS 
03234 104117127116 051177177177 000001600600 056145163177 DOWN)~~~~~~~.es~
03240 000000170000 154165142163 056177177177 000002400600 ~~x~lubs.~~~~~~~
03244 056143150040 142143177177 000013200600 114151153145 .ch bc~~~~€~Like
03250 040115141164 150163157143 054040151146 040171157165  Mathsoc, if you
03254 040154151153 145040160154 141171151156 147040142162  like playing br
03260 151144147145 056177177177 000002400600 056143150040 idge.~~~~~~~.ch 
03264 153144177177 000010000600 117162040105 156147163157 kd~~~~~~Or Engso
03270 143054040151 146040171157 165040154151 153145040105 c, if you like E
03274 156147151156 145167163056 000002400600 056143150040 nginews.~~~~.ch 
03300 142143177177 000023200600 117162040164 150145040105 bc~~~~€~Or the E
03304 156166151162 157156155145 156164141154 040123164165 nvironmental Stu
03310 144151145163 040123157143 151145164171 040151146040 dies Society if 
03314 171157165040 154151153145 056056056145 156166151162 you like...envir
03320 157156155145 156164141154 040163164165 144151145163 onmental studies
03324 056177177177 000002400600 056143150040 153144177177 .~~~~~~~.ch kd~~
03330 000007600600 124150145156 040164150145 162145047163 ~~~~Then there's
03334 040164150145 040111155160 162151156164 056056056177  the Imprint...~
03340 000002400600 056143150040 142143177177 000002600600 ~~~~.ch bc~~~~~~
03344 103113115123 056056056177 000002400600 056143150040 CKMS...~~~~~.ch 
03350 153144177177 000005200600 124150145040 106145144145 kd~~~~€~The Fede
03354 162141164151 157156056056 056177177177 000002400600 ration...~~~~~~~
03360 056143150040 142143177177 000011200600 106145144145 .ch bc~~~~€~Fede
03364 162141164151 157156040143 154165142163 040141156144 ration clubs and
03370 040163157143 151145164151 145163056056 056177177177  societies...~~~
03374 000005400600 056170170040 102101122102 111105176101 ~~~~.xx BARBIE~A
03400 116104176113 105116177177 000005600600 101156144040 ND~KEN~~~~~~And 
03404 157146040143 157165162163 145040106101 123123056177 of course FASS.~
03410 000005400600 056170170040 112105122122 131176101116 ~~~~.xx JERRY~AN
03414 104176124111 116105177177 000002200600 106101123123 D~TINE~~~~€~FASS
03420 077177177177 000002400600 056143150040 142143177177 ?~~~~~~~.ch bc~~
03424 000016400600 101040147162 157165160040 157146040151 ~~~~A group of i
03430 144151157164 163040167150 157040160165 164040157156 diots who put on
03434 040141040143 157155145144 171040163150 157167040145  a comedy show e
03440 166145162171 040171145141 162056177177 000002400600 very year.~~~~~~
03444 056143150040 153144177177 000003000600 111147156157 .ch kd~~~~~~Igno
03450 162145040164 150145155056 000001600600 056141144177 re them.~~~~.ad~
03454 000012200600 050112117105 040122125116 123040111116 ~~€~(JOE RUNS IN
03460 040101116104 040110111104 105123040102 105110111116  AND HIDES BEHIN
03464 104040127117 115105116056 051177177177 000002400600 D WOMEN.)~~~~~~~
03470 056143150040 152163177177 000002000600 110151144145 .ch js~~~~~~Hide
03474 040155145041 000002400600 056143150040 164164177177  me!~~~~.ch tt~~
03500 000005000600 116151143145 040157160145 156151156147 ~~~~Nice opening
03504 040154151156 145056056056 000001600600 056141144177  line...~~~~.ad~
03510 000013000600 050120101125 114040122125 116123040125 ~~~~(PAUL RUNS U
03514 120040124117 040112105122 122131040101 116104040113 P TO JERRY AND K
03520 105116054040 124110105116 040123124117 120123056051 EN, THEN STOPS.)
03524 000002400600 056143150040 160160177177 000005600600 ~~~~.ch pp~~~~~~
03530 111040164150 151156153040 111040167157 163164040150 I think I wost h
03534 151155056177 000002400600 056143150040 152141177177 im.~~~~~.ch ja~~
03540 000005000600 123157040146 157162147145 164040141142 ~~~~So forget ab
03544 157165164040 150151155056 000015600600 127145047162 out him.~~~~We'r
03550 145040152165 163164040164 141154153151 156147040141 e just talking a
03554 142157165164 040164150145 040142145164 164145162040 bout the better 
03560 164150151156 147163040151 156040154151 146145056177 things in life.~
03564 000002400600 056143150040 160160177177 000002200600 ~~~~.ch pp~~~~€~
03570 102145145162 077177177177 000002400600 056143150040 Beer?~~~~~~~.ch 
03574 152141177177 000011000600 103154157163 145056056056 ja~~~~~~Close...
03600 142165164040 164150151156 153040164141 154154145162 but think taller
03604 040141156144 040167141162 155145162056 000002400600  and warmer.~~~~
03610 056143150040 160160177177 000003400600 117150054040 .ch pp~~~~~~Oh, 
03614 167157155145 156056177177 177771772773              women.~~~~~~    
