Archive for file fass/1988/script/d.5.t:
00000 000001003617 000001000020 000212000151 024606402747 ~~~~~~~~~ä~i~~~~
00004 024572476531 000000000000 400000000006 146141163163 ~~~~~~~~~~~~fass
00010 000000000000 000000000000 000000000000 057061071070 ~~~~~~~~~~~~/198
00014 070057163143 162151160164 057144056065 056164000143 8/script/d.5.t~c
00020 000001000464 000024001000 000000000000 000000000000 ~~~~~~~~~~~~~~~~
00024 000000000000 000000000000 000000000000 000000000000 ~~~~~~~~~~~~~~~~
00030 000000000000 000000000000 000000000000 000000000000 ~~~~~~~~~~~~~~~~
00034 000000000000 000000000000 000000000000 000000000000 ~~~~~~~~~~~~~~~~
00040 000000000000 000000000000 000000000000 000000000000 ~~~~~~~~~~~~~~~~
00044 000000000000 000000000000 000010200600 056163157040 ~~~~~~~~~~Ä~.so 
00050 146141163163 057061071070 070057163143 162151160164 fass/1988/script
00054 057070067155 141143162056 164177177177 000015200600 /87macr.t~~~~~Ä~
00060 056142163040 144040065040 042101040114 151164164154 .bs d 5 "A Littl
00064 145040113156 157167154145 144147145040 151163040141 e Knowledge is a
00070 040104141156 147145162157 165163040124 150151156147  Dangerous Thing
00074 042177177177 000007200600 056156141040 142162040123 "~~~~~Ä~.na br S
00100 101122101110 176102105114 114125115040 123101122101 ARAH~BELLUM SARA
00104 110177177177 000007200600 056156141040 147162040122 H~~~~~Ä~.na gr R
00110 125104131176 127101113105 116111116107 040122125104 UDY~WAKENING RUD
00114 131177177177 000007000600 056156141040 155150040117 Y~~~~~~~.na mh O
00120 120110105114 111101176120 125114123105 040117120110 PHELIA~PULSE OPH
00124 105114111101 000007000600 056156141040 142155040103 ELIA~~~~.na bm C
00130 114105115176 104105176114 101103114105 115115105040 LEM~DE~LACLEMME 
00134 103114105115 000001600600 056154144177 000022200600 CLEM~~~~.ld~~~Ä~
00140 050114111107 110124123040 125120040117 116040101040 (LIGHTS UP ON A 
00144 123120114111 124040123124 101107105056 040040124110 SPLIT STAGE.  TH
00150 105122105040 101122105040 124127117040 107122117125 ERE ARE TWO GROU
00154 120123040115 101113111116 107040114101 123124040115 PS MAKING LAST M
00160 111116125124 105177177177 000007600600 120122105120 INUTE~~~~~~~PREP
00164 101122101124 111117116123 040106117122 040101040127 ARATIONS FOR A W
00170 105104104111 116107056177 000013600600 122125104131 EDDING.~~~~~RUDY
00174 040101116104 040103114105 115040101122 105040117116  AND CLEM ARE ON
00200 040117116105 040123111104 105040117106 040124110105  ONE SIDE OF THE
00204 040123124101 107105056177 000011600600 123101122101  STAGE.~~~~~SARA
00210 110040101116 104040117120 110105114111 101040101122 H AND OPHELIA AR
00214 105040117116 040124110105 040117124110 105122051177 E ON THE OTHER)~
00220 000002400600 056143150040 142155177177 000022600600 ~~~~.ch bm~~~~~~
00224 131157165040 155165163164 040142145040 164150145040 You must be the 
00230 150141160160 151145163164 040155141156 040141154151 happiest man ali
00234 166145040055 055040155141 162162171151 156147040164 ve -- marrying t
00240 150145040147 151162154040 157146040171 157165162040 he girl of your 
00244 144162145141 155163056177 000002400600 056143150040 dreams.~~~~~.ch 
00250 147162177177 000020200600 131145163040 055055040111 gr~~~~Ä~Yes -- I
00254 040153156145 167040164150 141164040163 150145040167  knew that she w
00260 141163040164 150145040147 151162154040 146157162040 as the girl for 
00264 155145040146 162157155040 164150145040 155157155145 me from the mome
00270 156164040167 145177177177 000003400600 146151162163 nt we~~~~~~~firs
00274 164040155145 164056177177 000001600600 056154144177 t met.~~~~~~.ld~
00300 000013600600 050114111107 110124123040 104117127116 ~~~~(LIGHTS DOWN
00304 040117116040 124110111123 040123111104 105054040125  ON THIS SIDE, U
00310 120040117116 040124110105 040117124110 105122051177 P ON THE OTHER)~
00314 000002400600 056143150040 142162177177 000017000600 ~~~~.ch br~~~~~~
00320 111040143141 156040162145 155145155142 145162040146 I can remember f
00324 151162163164 040163145145 151156147040 150151155040 irst seeing him 
00330 141164040164 150145040127 141164160165 142040151156 at the Watpub in
00334 040104145145 160040122151 166145162056 000013200600  Deep River.~~Ä~
00340 110145040167 141163040164 150145040142 145163164040 He was the best 
00344 154157157153 151156147040 147165171040 151156040164 looking guy in t
00350 150145040160 154141143145 056177177177 000002400600 he place.~~~~~~~
00354 056143150040 155150177177 000011200600 124150145162 .ch mh~~~~Ä~Ther
00360 145040167145 162145040157 156154171040 164150162145 e were only thre
00364 145040147165 171163040164 150145162145 056177177177 e guys there.~~~
00370 000007200600 102165164040 111040153156 157167040167 ~~Ä~But I know w
00374 150141164040 171157165040 155145141156 056177177177 hat you mean.~~~
00400 000002400600 056143150040 142162177177 000011600600 ~~~~.ch br~~~~~~
00404 111164040167 141163040146 141164145040 055055040167 It was fate -- w
00410 145047162145 040163157040 155165143150 040141154151 e're so much ali
00414 153145056177 000017200600 127145040142 157164150040 ke.~~~Ä~We both 
00420 154151153145 040103150151 156145163145 040146157157 like Chinese foo
00424 144054040150 157162162157 162040155157 166151145163 d, horror movies
00430 054040107154 145156156040 115151154154 145162056056 , Glenn Miller..
00434 056177177177 000002400600 056143150040 155150177177 .~~~~~~~.ch mh~~
00440 000007600600 131157165040 144157040144 141156143145 ~~~~You do dance
00444 040167145154 154040164157 147145164150 145162056177  well together.~
00450 000002600600 056143150040 142162040177 000016000600 ~~~~.ch br ~~~~~
00454 056056056141 156144040167 145040142157 164150040163 ...and we both s
00460 161165145145 172145040164 150145040164 157157164150 queeze the tooth
00464 160141163164 145040146162 157155040164 150145040163 paste from the s
00470 141155145040 145156144056 000002400600 056143150040 ame end.~~~~.ch 
00474 155150177177 000007600600 124150141164 047163040151 mh~~~~~~That's i
00500 155160157162 164141156164 054040171157 165040153156 mportant, you kn
00504 157167056177 177177000000 114151164164 154145040164 ow.~~~~~Little t
00510 150151156147 163040154151 153145040164 150141164040 hings like that 
00514 143141156040 143141165163 145040163157 040155165143 can cause so muc
00520 000002000463 000013200600 114151164164 154145040164 ~~~~~~Ä~Little t
00524 150151156147 163040154151 153145040164 150141164040 hings like that 
00530 143141156040 143141165163 145040163157 040155165143 can cause so muc
00534 150177177177 000003000600 147162151145 146040154141 h~~~~~~~grief la
00540 164145162056 000001600600 056154144177 000013600600 ter.~~~~.ld~~~~~
00544 050114111107 110124123040 104117127116 040117116040 (LIGHTS DOWN ON 
00550 124110111123 040123111104 105054040125 120040117116 THIS SIDE, UP ON
00554 040124110105 040117124110 105122051177 000002400600  THE OTHER)~~~~~
00560 056143150040 147162177177 000007000600 111040143141 .ch gr~~~~~~I ca
00564 156040160151 143164165162 145040164150 145040162145 n picture the re
00570 143145160164 151157156072 000012600600 164150145040 ception:~~~~the 
00574 164167157040 157146040165 163040144141 156143151156 two of us dancin
00600 147040164150 145040167150 157154145040 145166145156 g the whole even
00604 151156147177 000021000600 164157147145 164150145162 ing~~~~~together
00610 054040154157 157153151156 147040144145 145160040151 , looking deep i
00614 156164157040 145141143150 040157164150 145162047163 nto each other's
00620 040145171145 163054040141 156144040164 150145156040  eyes, and then 
00624 163156145141 153151156147 040157146146 000002400600 sneaking off~~~~
00630 145141162154 171056177177 000002400600 056143150040 early.~~~~~~.ch 
00634 142155177177 000011200600 111040150157 160145040171 bm~~~~Ä~I hope y
00640 157165040144 157156047164 040154145141 166145040164 ou don't leave t
00644 157157040145 141162154171 056177177177 000002400600 oo early.~~~~~~~
00650 056143150040 147162177177 000005000600 127150171040 .ch gr~~~~~~Why 
00654 144157040171 157165040163 141171040164 150141164077 do you say that?
00660 000002400600 056143150040 142155177177 000010600600 ~~~~.ch bm~~~~~~
00664 111047144040 154151153145 040164157040 144141156143 I'd like to danc
00670 145040167151 164150040150 145162040164 157157056177 e with her too.~
00674 000002400600 056143150040 147162177177 000004600600 ~~~~.ch gr~~~~~~
00700 050115101107 116101116111 115117125123 114131051177 (MAGNANIMOUSLY)~
00704 000004400600 117150054040 141154154040 162151147150 ~~~~Oh, all righ
00710 164056177177 000004400600 102165164040 152165163164 t.~~~~~~But just
00714 040157156143 145056177177 000001600600 056154144177  once.~~~~~~.ld~
00720 000013600600 050114111107 110124123040 104117127116 ~~~~(LIGHTS DOWN
00724 040117116040 124110111123 040123111104 105054040125  ON THIS SIDE, U
00730 120040117116 040124110105 040117124110 105122051177 P ON THE OTHER)~
00734 000002400600 056143150040 142162177177 000015400600 ~~~~.ch br~~~~~~
00740 127150141164 040141040146 141156164141 163164151143 What a fantastic
00744 040164151155 145040167145 047162145040 147157151156  time we're goin
00750 147040164157 040150141166 145040164157 156151147150 g to have tonigh
00754 164041177177 000004600600 111047154154 040144141156 t!~~~~~~I'll dan
00760 143145040167 151164150177 000022200600 145166145162 ce with~~~Ä~ever
00764 171040147165 171040151156 040164150145 040162157157 y guy in the roo
00770 155054040167 145047154154 040160141162 164171040167 m, we'll party w
00774 151164150040 141154154040 157165162040 146162151145 ith all our frie
01000 156144163054 040141156144 040167145040 167157156047 nds, and we won'
01004 164177177177 000010600600 163164157160 040165156164 t~~~~~~~stop unt
01010 151154040167 145040163145 145040164150 145040163165 il we see the su
01014 156040162151 163145056177 000002400600 056143150040 n rise.~~~~~.ch 
01020 155150177177 000006200600 127150141164 040141142157 mh~~~~Ä~What abo
01024 165164040164 150145040147 162157157155 077177177177 ut the groom?~~~
01030 000002400600 056143150040 142162177177 000003200600 ~~~~.ch br~~~~Ä~
01034 050114111107 110124114131 051177177177 000007000600 (LIGHTLY)~~~~~~~
01040 117150054040 111047154154 040144141156 143145040167 Oh, I'll dance w
01044 151164150040 150151155040 164157157056 000004400600 ith him too.~~~~
01050 102165164040 152165163164 040157156143 145056177177 But just once.~~
01054 000001600600 056141144177 000004000600 050101040123 ~~~~.ad~~~~~(A S
01060 114111107110 124040120101 125123105051 000002400600 LIGHT PAUSE)~~~~
01064 056143150040 155150177177 000013200600 123157040167 .ch mh~~~~Ä~So w
01070 150141164040 144151144040 171157165040 144145143151 hat did you deci
01074 144145040146 157162040164 150145040150 157156145171 de for the honey
01100 155157157156 077177177177 000011000600 101162145040 moon?~~~~~~~Are 
01104 171157165040 147157151156 147040150151 153151156147 you going hiking
01110 040151156040 164150145040 122157143153 151145163077  in the Rockies?
01114 000002400600 056143150040 142162177177 000011200600 ~~~~.ch br~~~~Ä~
01120 116157054040 167145047162 145040147157 151156147040 No, we're going 
01124 164157040116 151141147141 162141040106 141154154163 to Niagara Falls
01130 056177177177 000012200600 120145162163 157156141154 .~~~~~Ä~Personal
01134 154171040111 040164150151 156153040151 164047163040 ly I think it's 
01140 164157157040 164157165162 151163164171 054177177177 too touristy,~~~
01144 000011000600 142165164040 150145040164 150157165147 ~~~~but he thoug
01150 150164040151 164040167157 165154144040 142145040162 ht it would be r
01154 157155141156 164151143056 000001600600 056154144177 omantic.~~~~.ld~
01160 000013600600 050114111107 110124123040 104117127116 ~~~~(LIGHTS DOWN
01164 040117116040 124110111123 040123111104 105054040125  ON THIS SIDE, U
01170 120040117116 040124110105 040117124110 105122051177 P ON THE OTHER)~
01174 000002400600 056143150040 142155177177 000004400600 ~~~~.ch bm~~~~~~
01200 116151141147 141162141040 106141154154 163077177177 Niagara Falls?~~
01204 177141144177 116157040157 156145040147 157145163040 ~ad~No one goes 
01210 164157040116 151141147141 162141040106 141154154163 to Niagara Falls
01214 040146157162 040164150145 151162040150 157156145171  for their honey
01220 000003000473 000014000600 116157040157 156145040147 ~~~~~~~~No one g
01224 157145163040 164157040116 151141147141 162141040106 oes to Niagara F
01230 141154154163 040146157162 040164150145 151162040150 alls for their h
01234 157156145171 155157157156 000002000600 141156171155 oneymoon~~~~anym
01240 157162145041 000014000600 127150171040 156157164040 ore!~~~~Why not 
01244 163157155145 040145170157 164151143040 103141162151 some exotic Cari
01250 142142145141 156040151163 154141156144 040167151164 bbean island wit
01254 150040167150 151164145054 000020000600 163141156144 h white,~~~~sand
01260 171040142145 141143150145 163054040142 145141165164 y beaches, beaut
01264 151146165154 054040164141 156156145144 040167157155 iful, tanned wom
01270 145156040141 156144040141 154154040164 150145040143 en and all the c
01274 150145141160 040162165155 040171157165 000003400600 heap rum you~~~~
01300 143141156040 144162151156 153077177177 000002400600 can drink?~~~~~~
01304 056143150040 147162177177 000017000600 111040167141 .ch gr~~~~~~I wa
01310 163040164150 151156153151 156147040141 142157165164 s thinking about
01314 040163157155 145164150151 156147040154 151153145040  something like 
01320 164150141164 054040142165 164040163150 145040167141 that, but she wa
01324 163040162145 141154154171 000006400600 153145145156 s really~~~~keen
01330 040157156040 116151141147 141162141040 106141154154  on Niagara Fall
01334 163056177177 000011200600 123150145040 164150157165 s.~~~~Ä~She thou
01340 147150164040 151164040167 157165154144 040142145040 ght it would be 
01344 162157155141 156164151143 056177177177 000002400600 romantic.~~~~~~~
01350 056143150040 142155177177 000005400600 050103117116 .ch bm~~~~~~(CON
01354 123120111122 101124117122 111101114114 131051177177 SPIRATORIALLY)~~
01360 000014000600 131157165040 160162157142 141142154171 ~~~~You probably
01364 040167157156 047164040154 145141166145 040171157165  won't leave you
01370 162040150157 164145154040 162157157155 040141156171 r hotel room any
01374 167141171056 000001600600 056154144177 000013600600 way.~~~~.ld~~~~~
01400 050114111107 110124123040 104117127116 040117116040 (LIGHTS DOWN ON 
01404 124110111123 040123111104 105054040125 120040117116 THIS SIDE, UP ON
01410 040124110105 040117124110 105122051177 000002400600  THE OTHER)~~~~~
01414 056143150040 155150177177 000011200600 123157040167 .ch mh~~~~Ä~So w
01420 150141164040 141162145040 171157165162 040154157156 hat are your lon
01424 147040164145 162155040160 154141156163 077177177177 g term plans?~~~
01430 000007600600 101162145040 171157165040 147157151156 ~~~~Are you goin
01434 147040164157 040150141166 145040153151 144163077177 g to have kids?~
01440 000002400600 056143150040 142162177177 000001600600 ~~~~.ch br~~~~~~
01444 116157056177 000006000600 111040143141 156040160151 No.~~~~~I can pi
01450 143164165162 145040151164 040055055040 152165163164 cture it -- just
01454 000017200600 164150145040 164167157040 157146040165 ~~Ä~the two of u
01460 163054040151 156040141040 167141164145 162146162157 s, in a waterfro
01464 156164040143 157156144157 054040167151 164150040155 nt condo, with m
01470 171040164150 162145145040 143141164163 056177177177 y three cats.~~~
01474 000001600600 056154144177 000013600600 050114111107 ~~~~.ld~~~~~(LIG
01500 110124123040 104117127116 040117116040 124110111123 HTS DOWN ON THIS
01504 040123111104 105054040125 120040117116 040124110105  SIDE, UP ON THE
01510 040117124110 105122051177 000002400600 056143150040  OTHER)~~~~~.ch 
01514 142155177177 000011000600 101162145040 171157165040 bm~~~~~~Are you 
01520 163165162145 040163150145 047154154040 167141156164 sure she'll want
01524 040163145166 145156040153 151144163077 000002400600  seven kids?~~~~
01530 056143150040 147162177177 000005600600 117146040143 .ch gr~~~~~~Of c
01534 157165162163 145040163150 145040167151 154154056177 ourse she will.~
01540 000010000600 123150145047 163040146162 157155040141 ~~~~She's from a
01544 040142151147 040146141155 151154171040 150145162163  big family hers
01550 145154146056 000007000600 111040160151 143164165162 elf.~~~~I pictur
01554 145040165163 040147141164 150145162145 144040141162 e us gathered ar
01560 157165156144 000022000600 164150145040 142141162142 ound~~~~the barb
01564 145143165145 054040151156 040141040161 165151145164 ecue, in a quiet
01570 040154151164 164154145040 163165142165 162142054040  little suburb, 
01574 147162157167 151156147040 157154144040 164157147145 growing old toge
01600 164150145162 040147162141 143145146165 154154171056 ther gracefully.
01604 000002400600 056143150040 142155177177 000015600600 ~~~~.ch bm~~~~~~
01610 101154154040 171157165040 156145145144 040151163040 All you need is 
01614 141040144157 147040164157 040155141153 145040164150 a dog to make th
01620 145040160151 143164165162 145040143157 155160154145 e picture comple
01624 164145056177 000002400600 056143150040 147162177177 te.~~~~~.ch gr~~
01630 000004600600 123157162162 171054040156 157040160145 ~~~~Sorry, no pe
01634 164163056177 000012400600 111047155040 141154154145 ts.~~~~~I'm alle
01640 162147151143 040164157040 141156151155 141154040150 rgic to animal h
01644 141151162054 040162145155 145155142145 162077177177 air, remember?~~
01650 000002400600 056143150040 142155177177 000002400600 ~~~~.ch bm~~~~~~
01654 122151147150 164056177177 000001600600 056141144177 Right.~~~~~~.ad~
01660 000002600600 050120101125 123105051177 000001600600 ~~~~(PAUSE)~~~~~
01664 056145170177 000017400600 111040147165 145163163040 .ex~~~~~I guess 
01670 167151164150 040163145166 145156040153 151144163040 with seven kids 
01674 157156145040 157146040171 157165040167 151154154040 one of you will 
01700 150141166145 040164157040 163164141171 040150157155 have to stay hom
01704 145056177177 000002400600 056143150040 147162177177 e.~~~~~~.ch gr~~
01710 000003200600 123150145040 167151154154 056177177177 ~~Ä~She will.~~~
01714 000000000000 123150145047 163040156157 164040151156 ~~~~She's not in
01720 000004000250 000011200600 123150145047 163040156157 ~~~®~~Ä~She's no
01724 164040151156 164145162145 163164145144 040151156040 t interested in 
01730 141040143141 162145145162 056177177177 000001600600 a career.~~~~~~~
01734 056154144177 000013600600 050114111107 110124123040 .ld~~~~~(LIGHTS 
01740 104117127116 040117116040 124110111123 040123111104 DOWN ON THIS SID
01744 105054040125 120040117116 040124110105 040117124110 E, UP ON THE OTH
01750 105122051177 000002400600 056143150040 155150177177 ER)~~~~~.ch mh~~
01754 000014600600 101162145040 171157165040 147157151156 ~~~~Are you goin
01760 147040164157 040164145154 154040150151 155040141142 g to tell him ab
01764 157165164040 171157165162 040160162157 155157164151 out your promoti
01770 157156077177 000002400600 056143150040 142162177177 on?~~~~~.ch br~~
01774 000001600600 116157056177 000004000600 050101120117 ~~~~No.~~~~~(APO
02000 114117107105 124111103101 114114131051 000015400600 LOGETICALLY)~~~~
02004 111040153156 157167040111 040163150157 165154144054 I know I should,
02010 040142165164 040111040167 141156164040 164157040153  but I want to k
02014 145145160040 151164040141 040163165162 160162151163 eep it a surpris
02020 145056177177 000007600600 111047155040 163165162145 e.~~~~~~I'm sure
02024 040150145047 154154040142 145040164150 162151154154  he'll be thrill
02030 145144056177 000001600600 056155144177 000012400600 ed.~~~~~.md~~~~~
02034 050117122107 101116040115 125123111103 040123124101 (ORGAN MUSIC STA
02040 122124123040 111116040124 110105040102 101103113107 RTS IN THE BACKG
02044 122117125116 104051177177 000001600600 056154144177 ROUND)~~~~~~.ld~
02050 000006400600 050114111107 110124123040 117116040102 ~~~~(LIGHTS ON B
02054 117124110040 123111104105 123056177177 000010400600 OTH SIDES.~~~~~~
02060 102117124110 040107122117 125120123040 106111116111 BOTH GROUPS FINI
02064 123110040114 101123124040 115111116125 124105177177 SH LAST MINUTE~~
02070 000004200600 120122105120 101122101124 111117116123 ~~Ä~PREPARATIONS
02074 051177177177 000001600600 056141144177 000013000600 )~~~~~~~.ad~~~~~
02100 050124110105 040116105130 124040124127 117040114111 (THE NEXT TWO LI
02104 116105123040 101122105040 101114115117 123124040123 NES ARE ALMOST S
02110 111115125114 124101116105 117125123051 000002400600 IMULTANEOUS)~~~~
02114 056143150040 142162177177 000005600600 117150054040 .ch br~~~~~~Oh, 
02120 111047155040 163157040156 145162166157 165163056177 I'm so nervous.~
02124 000002400600 056143150040 147162177177 000004200600 ~~~~.ch gr~~~~Ä~
02130 127151163150 040155145040 154165143153 056177177177 Wish me luck.~~~
02134 000005000600 056170170040 117120110105 114111101176 ~~~~.xx OPHELIA~
02140 101116104176 103114105115 000014600600 104157156047 AND~CLEM~~~~Don'
02144 164040167157 162162171054 040171157165 040164167157 t worry, you two
02150 040167145162 145040155145 141156164040 146157162040  were meant for 
02154 145141143150 040157164150 145162056177 000001600600 each other.~~~~~
02160 056154144177 000004200600 050114111107 110124123040 .ld~~~Ä~(LIGHTS 
02164 104117127116 051177177177 000001600600 056145163177 DOWN)~~~~~~~.es~
02170 000000170000 125123111103 040123124101 122124123040 ~~x~USIC STARTS 
02174 111116040124 110105040102 101103113107 122117125116 IN THE BACKGROUN
02200 104051177177 000001600600 056154144177 000006400600 D)~~~~~~.ld~~~~~
02204 050114111107 110124123040 117116040102 117124110040 (LIGHTS ON BOTH 
02210 123111104105 123056177177 000010400600 102117124110 SIDES.~~~~~~BOTH
02214 040107122117 125120123040 106111116111 123110040114  GROUPS FINISH L
02220 101123124040 115111116125 124105177177 000004200600 AST MINUTE~~~~Ä~
02224 120122105120 101122101124 111117116123 051177177177 PREPARATIONS)~~~
02230 000001600600 056141144177 000013000600 050124110105 ~~~~.ad~~~~~(THE
02234 040116105130 124040124127 117040114111 116105123040  NEXT TWO LINES 
02240 101122105040 101114115117 123124040123 111115125114 ARE ALMOST SIMUL
02244 124101116105 117125123051 000002400600 056143150040 TANEOUS)~~~~.ch 
02250 142162177177 000005600600 117150054040 111047155040 br~~~~~~Oh, I'm 
02254 163157040156 145162166157 165163056177 000002400600 so nervous.~~~~~
02260 056143150040 147162177177 000004200600 127151163150 .ch gr~~~~Ä~Wish
02264 040155145040 154165143153 056177177177 000005000600  me luck.~~~~~~~
02270 056170170040 117120110105 114111101176 101116104176 .xx OPHELIA~AND~
02274 103114105115 000014600600 104157156047 164040167157 CLEM~~~~Don't wo
02300 162162171054 040171157165 040164167157 040167145162 rry, you two wer
02304 145040155145 141156164040 146157162040 145141143150 e meant for each
02310 040157164150 145162056177 000001600600 056154144177  other.~~~~~.ld~
02314 000004200600 050114111107 110124123040 104117127116 ~~Ä~(LIGHTS DOWN
02320 051177177177 000001600600 056145163177 000000170000 )~~~~~~~.es~~~x~
02324 000000000000 000000000000 000000000000 000000000000 ~~~~~~~~~~~~~~~~
02330 000000000000 000000000000 000000000000 000000000000 ~~~~~~~~~~~~~~~~
02334 000000000000 000000000000 000000000000 000000000000 ~~~~~~~~~~~~~~~~
02340 000000000000 000000000000 000000000000 000000000000 ~~~~~~~~~~~~~~~~
02344 000000000000 000000000000 000000000000 000000000000 ~~~~~~~~~~~~~~~~
02350 000000000000 000000000000 000000000000 000000000000 ~~~~~~~~~~~~~~~~
02354 000000000000 000000000000 000000000000 000000000000 ~~~~~~~~~~~~~~~~
02360 000000000000 000000000000 000000000000 000000000000 ~~~~~~~~~~~~~~~~
02364 000000000000 000000000000 000000000000 000000000000 ~~~~~~~~~~~~~~~~
02370 000000000000 000000000000 000000000000 000000000000 ~~~~~~~~~~~~~~~~
02374 000000000000 000000000000 000000000000 000000000000 ~~~~~~~~~~~~~~~~
02400 000000000000 000000000000 000000000000 000000000000 ~~~~~~~~~~~~~~~~
02404 000000000000 000000000000 000000000000 000000000000 ~~~~~~~~~~~~~~~~
02410 000000000000 000000000000 000000000000 000000000000 ~~~~~~~~~~~~~~~~
02414 000000000000 000000000000 000000000000 000000000000 ~~~~~~~~~~~~~~~~
02420 000005000273 000021400600 141165144151 145156143145 ~~~ª~~~~audience
02424 054040141154 154040164150 145040167150 151154145040 , all the while 
02430 163151164164 151156147040 152165163164 040151156143 sitting just inc
02434 150145163040 141167141171 040146162157 155040171157 hes away from yo
02440 165054040143 162141166151 156147177177 000017600600 u, craving~~~~~~
02444 164150145040 164157165143 150040157146 040171157165 the touch of you
02450 162040150141 156144041041 040040111040 143141156047 r hand!!  I can'
02454 164040154151 166145040164 150151163040 154151145040 t live this lie 
02460 141156171040 154157156147 145162041177 000002400600 any longer!~~~~~
02464 056143150040 147157177177 000014600600 050107105116 .ch go~~~~~~(GEN
02470 125111116105 114131040115 117126105104 051040040117 UINELY MOVED)  O
02474 150054040115 151153145056 040040111040 156145166145 h, Mike.  I neve
02500 162040153156 145167056040 040040040177 000002400600 r knew.    ~~~~~
02504 056143150040 155151177177 000017200600 111040160162 .ch mi~~~~Ä~I pr
02510 157155151163 145040171157 165054040107 157154144151 omise you, Goldi
02514 145054040164 150141164040 167151164150 040171157165 e, that with you
02520 162040143157 156164151156 165151156147 040163165160 r continuing sup
02524 160157162164 054177177177 000022200600 111040143141 port,~~~~~Ä~I ca
02530 156040147165 141162141156 164145145040 164150145040 n guarantee the 
02534 153151156144 040157146040 161165141154 151164171040 kind of quality 
02540 160162157147 162141155155 151156147040 171157165047 programming you'
02544 166145040143 157155145040 164157040145 156152157171 ve come to enjoy
02550 041177177177 000002400600 056143150040 147157177177 !~~~~~~~.ch go~~
02554 000021200600 050105115102 122101103111 116107040110 ~~Ä~(EMBRACING H
02560 111115051040 040115151153 145054040144 141162154151 IM)  Mike, darli
02564 156147041040 040050124125 122116111116 107040124117 ng!  (TURNING TO
02570 040101125104 111105116103 105051040040 123151156143  AUDIENCE)  Sinc
02574 145040141156 171177177177 000021200600 146165162164 e any~~~~~Ä~furt
02600 150145162040 160154145144 147145163040 167157165154 her pledges woul
02604 144040163145 145155040151 156143157156 163145161165 d seem inconsequ
02610 145156164151 141154054040 167145040167 151154154040 ential, we will 
02614 156157167040 162145164165 162156040164 157177177177 now return to~~~
02620 000020200600 042101156040 117154144055 106101123123 ~~Ä~"An Old-FASS
02624 151157156145 144040114157 166145040123 157156147042 ioned Love Song"
02630 040167151164 150040156157 040146165162 164150145162  with no further
02634 040151156164 145162162165 160164151157 156163056040  interruptions. 
02640 040177177177 000001600600 056141144177 000012600600  ~~~~~~~.ad~~~~~
02644 050115111113 105040101116 104040107117 114104111105 (MIKE AND GOLDIE
02650 040127101114 113040117106 106040110101 116104040111  WALK OFF HAND I
02654 116040110101 116104051177 000001600600 056154144177 N HAND)~~~~~.ld~
02660 000004200600 050114111107 110124123040 104117127116 ~~Ä~(LIGHTS DOWN
02664 051177177177 000004200600 056170170040 126117111103 )~~~~~Ä~.xx VOIC
02670 105117126105 122177177177 000016400600 131157165040 EOVER~~~~~~~You 
02674 141162145040 167141164143 150151156147 040106101123 are watching FAS
02700 123040047070 070072040040 124150145141 164162145040 S '88:  Theatre 
02704 167157162164 150040154141 165147150151 156147040141 worth laughing a
02710 164056177177 000001600600 056145163177 000000170000 t.~~~~~~.es~~~x~
02714 151153145056 040040111040 156145166145 162040153156 ike.  I never kn
02720 145167056040 040040040177 000002400600 056143150040 ew.    ~~~~~.ch 
02724 155151177177 000017200600 111040160162 157155151163 mi~~~~Ä~I promis
02730 145040171157 165054040107 157154144151 145054040164 e you, Goldie, t
02734 150141164040 167151164150 040171157165 162040143157 hat with your co
02740 156164151156 165151156147 040163165160 160157162164 ntinuing support
02744 054177177177 000022200600 111040143141 156040147165 ,~~~~~Ä~I can gu
02750 141162141156 164145145040 164150145040 153151156144 arantee the kind
02754 040157146040 161165141154 151164171040 160162157147  of quality prog
02760 162141155155 151156147040 171157165047 166145040143 ramming you've c
02764 157155145040 164157040145 156152157171 041177177177 ome to enjoy!~~~
02770 000002400600 056143150040 147157177177 000021200600 ~~~~.ch go~~~~Ä~
02774 050105115102 122101103111 116107040110 111115051040 (EMBRACING HIM) 
03000 040115151153 145054040144 141162154151 156147041040  Mike, darling! 
03004 040050124125 122116111116 107040124117 040101125104  (TURNING TO AUD
03010 111105116103 105051040040 123151156143 145040141156 IENCE)  Since an
03014 171177177177 000021200600 146165162164 150145162040 y~~~~~Ä~further 
03020 160154145144 147145163040 167157165154 144040163145 pledges would se
03024 145155040151 156143157156 163145161165 145156164151 em inconsequenti
03030 141154054040 167145040167 151154154040 156157167040 al, we will now 
03034 162145164165 162156040164 157177177177 000020200600 return to~~~~~Ä~
03040 042101156040 117154144055 106101123123 151157156145 "An Old-FASSione
03044 144040114157 166145040123 157156147042 040167151164 d Love Song" wit
03050 150040156157 040146165162 164150145162 040151156164 h no further int
03054 145162162165 160164151157 156163056040 040177177177 erruptions.  ~~~
03060 000001600600 056141144177 000012600600 050115111113 ~~~~.ad~~~~~(MIK
03064 105040101116 104040107117 114104111105 040127101114 E AND GOLDIE WAL
03070 113040117106 106040110101 116104040111 116040110101 K OFF HAND IN HA
03074 116104051177 000001600600 056154144177 000004200600 ND)~~~~~.ld~~~Ä~
03100 050114111107 110124123040 104117127116 051177177177 (LIGHTS DOWN)~~~
03104 000004200600 056170170040 126117111103 105117126105 ~~Ä~.xx VOICEOVE
03110 122177177177 000000000000 000000000000 000000000000 R~~~~~~~~~~~~~~~
03114 000000000000 000000000000 000000000000 000000000000 ~~~~~~~~~~~~~~~~
03120 000006000022 000016400600 131157165040 141162145040 ~~~~~~~~You are 
03124 167141164143 150151156147 040106101123 123040047070 watching FASS '8
03130 070072040040 124150145141 164162145040 167157162164 8:  Theatre wort
03134 150040154141 165147150151 156147040141 164056177177 h laughing at.~~
03140 000001600600 056145163177 000000170000 000000000000 ~~~~.es~~~x~~~~~
03144 000000000000 000000000000 000000000000 000000000000 ~~~~~~~~~~~~~~~~
03150 000000000000 000000000000 000000000000 000000000000 ~~~~~~~~~~~~~~~~
03154 000000000000 000000000000 000000000000 000000000000 ~~~~~~~~~~~~~~~~
03160 000000000000 000000000000 000000000000 000000000000 ~~~~~~~~~~~~~~~~
03164 000000000000 000000000000 000000000000 000000000000 ~~~~~~~~~~~~~~~~
03170 000000000000 000000000000 000000000000 000000000000 ~~~~~~~~~~~~~~~~
03174 000000000000 000000000000 000000000000 000000000000 ~~~~~~~~~~~~~~~~
03200 000000000000 000000000000 000000000000 000000000000 ~~~~~~~~~~~~~~~~
03204 000000000000 000000000000 000000000000 000000000000 ~~~~~~~~~~~~~~~~
03210 000000000000 000000000000 000000000000 000000000000 ~~~~~~~~~~~~~~~~
03214 000000000000 000000000000 000000000000 000000000000 ~~~~~~~~~~~~~~~~
03220 000000000000 000000000000 000000000000 000000000000 ~~~~~~~~~~~~~~~~
03224 000000000000 000000000000 000000000000 000000000000 ~~~~~~~~~~~~~~~~
03230 000000000000 000000000000 000000000000 000000000000 ~~~~~~~~~~~~~~~~
03234 000000000000 000000000000 000000000000 000000000000 ~~~~~~~~~~~~~~~~
03240 000000000000 000000000000 000000000000 000000000000 ~~~~~~~~~~~~~~~~
03244 000000000000 000000000000 000000000000 000000000000 ~~~~~~~~~~~~~~~~
03250 000000000000 000000000000 000000000000 000000000000 ~~~~~~~~~~~~~~~~
03254 000000000000 000000000000 000000000000 000000000000 ~~~~~~~~~~~~~~~~
03260 000000000000 000000000000 000000000000 000000000000 ~~~~~~~~~~~~~~~~
03264 000000000000 000000000000 000000000000 000000000000 ~~~~~~~~~~~~~~~~
03270 000000000000 000000000000 000000000000 000000000000 ~~~~~~~~~~~~~~~~
03274 000000000000 000000000000 000000000000 000000000000 ~~~~~~~~~~~~~~~~
03300 000000000000 000000000000 000000000000 000000000000 ~~~~~~~~~~~~~~~~
03304 000000000000 000000000000 000000000000 000000000000 ~~~~~~~~~~~~~~~~
03310 000000000000 000000000000 000000000000 000000000000 ~~~~~~~~~~~~~~~~
03314 000000000000 000000000000 000000000000 000000000000 ~~~~~~~~~~~~~~~~
03320 000000000000 000000000000 000000000000 000000000000 ~~~~~~~~~~~~~~~~
03324 000000000000 000000000000 000000000000 000000000000 ~~~~~~~~~~~~~~~~
03330 000000000000 000000000000 000000000000 000000000000 ~~~~~~~~~~~~~~~~
03334 000000000000 000000000000 000000000000 000000000000 ~~~~~~~~~~~~~~~~
03340 000000000000 000000000000 000000000000 000000000000 ~~~~~~~~~~~~~~~~
03344 000000000000 000000000000 000000000000 000000000000 ~~~~~~~~~~~~~~~~
03350 000000000000 000000000000 000000000000 000000000000 ~~~~~~~~~~~~~~~~
03354 000000000000 000000000000 000000000000 000000000000 ~~~~~~~~~~~~~~~~
03360 000000000000 000000000000 000000000000 000000000000 ~~~~~~~~~~~~~~~~
03364 000000000000 000000000000 000000000000 000000000000 ~~~~~~~~~~~~~~~~
03370 000000000000 000000000000 000000000000 000000000000 ~~~~~~~~~~~~~~~~
03374 000000000000 000000000000 000000000000 000000000000 ~~~~~~~~~~~~~~~~
03400 000000000000 000000000000 000000000000 000000000000 ~~~~~~~~~~~~~~~~
03404 000000000000 000000000000 000000000000 000000000000 ~~~~~~~~~~~~~~~~
03410 000000000000 000000000000 000000000000 000000000000 ~~~~~~~~~~~~~~~~
03414 000000000000 000000000000 000000000000 000000000000 ~~~~~~~~~~~~~~~~
03420 000000000000 000000000000 000000000000 000000000000 ~~~~~~~~~~~~~~~~
03424 000000000000 000000000000 000000000000 000000000000 ~~~~~~~~~~~~~~~~
03430 000000000000 000000000000 000000000000 000000000000 ~~~~~~~~~~~~~~~~
03434 000000000000 000000000000 000000000000 000000000000 ~~~~~~~~~~~~~~~~
03440 000000000000 000000000000 000000000000 000000000000 ~~~~~~~~~~~~~~~~
03444 000000000000 000000000000 000000000000 000000000000 ~~~~~~~~~~~~~~~~
03450 000000000000 000000000000 000000000000 000000000000 ~~~~~~~~~~~~~~~~
03454 000000000000 000000000000 000000000000 000000000000 ~~~~~~~~~~~~~~~~
03460 000000000000 000000000000 000000000000 000000000000 ~~~~~~~~~~~~~~~~
03464 000000000000 000000000000 000000000000 000000000000 ~~~~~~~~~~~~~~~~
03470 000000000000 000000000000 000000000000 000000000000 ~~~~~~~~~~~~~~~~
03474 000000000000 000000000000 000000000000 000000000000 ~~~~~~~~~~~~~~~~
03500 000000000000 000000000000 000000000000 000000000000 ~~~~~~~~~~~~~~~~
03504 000000000000 000000000000 000000000000 000000000000 ~~~~~~~~~~~~~~~~
03510 000000000000 000000000000 000000000000 000000000000 ~~~~~~~~~~~~~~~~
03514 000000000000 000000000000 000000000000 000000000000 ~~~~~~~~~~~~~~~~
03520 000000000000 000000000000 000000000000 000000000000 ~~~~~~~~~~~~~~~~
03524 000000000000 000000000000 000000000000 000000000000 ~~~~~~~~~~~~~~~~
03530 000000000000 000000000000 000000000000 000000000000 ~~~~~~~~~~~~~~~~
03534 000000000000 000000000000 000000000000 000000000000 ~~~~~~~~~~~~~~~~
03540 000000000000 000000000000 000000000000 000000000000 ~~~~~~~~~~~~~~~~
03544 000000000000 000000000000 000000000000 000000000000 ~~~~~~~~~~~~~~~~
03550 000000000000 000000000000 000000000000 000000000000 ~~~~~~~~~~~~~~~~
03554 000000000000 000000000000 000000000000 000000000000 ~~~~~~~~~~~~~~~~
03560 000000000000 000000000000 000000000000 000000000000 ~~~~~~~~~~~~~~~~
03564 000000000000 000000000000 000000000000 000000000000 ~~~~~~~~~~~~~~~~
03570 000000000000 000000000000 000000000000 000000000000 ~~~~~~~~~~~~~~~~
03574 000000000000 000000000000 000000000000 000000000000 ~~~~~~~~~~~~~~~~
03600 000000000000 000000000000 000000000000 000000000000 ~~~~~~~~~~~~~~~~
03604 000000000000 000000000000 000000000000 000000000000 ~~~~~~~~~~~~~~~~
03610 010201031007 025044416472 000004000000 536223302400 ~Å~~~$~~~~~~~ì¬~
03614 000000003604 000007042167 004300253123 662163226445 ~~~~~~"w~¿´S~sñ~
